Testing: gcc_tests/58764.cc
  ✓ PASSED (compile-only)

Testing: gcc_tests/14340.cc
  ✓ PASSED (compile-only)

Testing: gcc_tests/erasure.cc
  ✓ PASSED

Testing: gcc_tests/element_access/constexpr.cc
  ✓ PASSED (compile-only)

Testing: gcc_tests/element_access/1.cc
  ✓ PASSED

Testing: gcc_tests/modifiers/moveable2.cc
  ✓ PASSED

Testing: gcc_tests/modifiers/insert/insert_range.cc
  ⊘ SKIPPED (requires C++23 or later)

Testing: gcc_tests/modifiers/insert/self_insert.cc
  ✓ PASSED

Testing: gcc_tests/modifiers/insert/aliasing.cc
  ✓ PASSED

Testing: gcc_tests/modifiers/insert/1.cc
  ✓ PASSED

Testing: gcc_tests/modifiers/insert/const_iterator.cc
  ✓ PASSED (compile-only)

Testing: gcc_tests/modifiers/insert/58148.cc
  ✓ PASSED (compile-only)

Testing: gcc_tests/modifiers/insert/117983.cc
  ✓ PASSED (compile-only)

Testing: gcc_tests/modifiers/resize.cc
  ✓ PASSED

Testing: gcc_tests/modifiers/constexpr.cc
  ✓ PASSED (compile-only)

Testing: gcc_tests/modifiers/swap/constexpr.cc
  ✓ PASSED (compile-only)

Testing: gcc_tests/modifiers/swap/1.cc
  ✓ PASSED

Testing: gcc_tests/modifiers/swap/2.cc
  ✓ PASSED

Testing: gcc_tests/modifiers/swap/3.cc
  ✓ PASSED

Testing: gcc_tests/modifiers/1.cc
  ✓ PASSED

Testing: gcc_tests/modifiers/2.cc
  ✓ PASSED

Testing: gcc_tests/modifiers/moveable.cc
copycounter: 71
  ✓ PASSED

Testing: gcc_tests/modifiers/assign/assign_range.cc
  ⊘ SKIPPED (requires C++23 or later)

Testing: gcc_tests/modifiers/assign/constexpr.cc
  ✓ PASSED (compile-only)

Testing: gcc_tests/modifiers/assign/no_realloc.cc
  ✓ PASSED (compile-only)

Testing: gcc_tests/modifiers/assign/1.cc
  ✓ PASSED

Testing: gcc_tests/modifiers/push_back/strong_guarantee.cc
  ✓ PASSED

Testing: gcc_tests/modifiers/push_back/89130.cc
  ✓ PASSED (compile-only)

Testing: gcc_tests/modifiers/push_back/89416.cc
  ✓ PASSED (compile-only)

Testing: gcc_tests/modifiers/push_back/49836.cc
  ✓ PASSED

Testing: gcc_tests/modifiers/emplace/self_emplace.cc
  ✓ PASSED

Testing: gcc_tests/modifiers/emplace/1.cc
  ✓ PASSED

Testing: gcc_tests/modifiers/emplace/92878_92947.cc
  ✓ PASSED

Testing: gcc_tests/modifiers/emplace/cxx17_return.cc
  ✓ PASSED

Testing: gcc_tests/modifiers/append_range.cc
  ⊘ SKIPPED (requires C++23 or later)

Testing: gcc_tests/modifiers/erase/1.cc
  ✓ PASSED

Testing: gcc_tests/modifiers/erase/50529.cc
  ✓ PASSED

Testing: gcc_tests/modifiers/erase/moveable.cc
  ✓ PASSED

Testing: gcc_tests/modifiers/erase/54577.cc
  ✓ PASSED (compile-only)

Testing: gcc_tests/modifiers/insert_vs_emplace.cc
Skipp this test because our implementation doesn't require the two to be equally efficient

Testing: gcc_tests/types/pmr_typedefs_debug.cc
gcc_tests/types/pmr_typedefs_debug.cc:24:15: error: 'vector' is not a member of 'std::pmr'
   24 |     std::pmr::vector<int>,
      |               ^~~~~~
gcc_tests/types/pmr_typedefs_debug.cc:24:15: note: suggested alternatives:
In file included from ./vector:2,
                 from /usr/local/include/c++/13.4.0/debug/vector:39,
                 from gcc_tests/types/pmr_typedefs_debug.cc:22:
./vector.h:15:11: note:   'std::vector'
   15 |     class vector{
      |           ^~~~~~
/usr/local/include/c++/13.4.0/debug/vector:36:53: note:   'std::__debug::vector'
   36 |   template<typename _Tp, typename _Allocator> class vector;
      |                                                     ^~~~~~
gcc_tests/types/pmr_typedefs_debug.cc:23:20: error: parse error in template argument list
   23 | static_assert(std::is_same_v<
      |                    ^~~~~~~~~~
   24 |     std::pmr::vector<int>,
      |     ~~~~~~~~~~~~~~~~~~~~~
gcc_tests/types/pmr_typedefs_debug.cc:23:20: error: wrong number of template arguments (1, should be 2)
In file included from /usr/local/include/c++/13.4.0/bits/move.h:37,
                 from /usr/local/include/c++/13.4.0/bits/new_allocator.h:36,
                 from /usr/local/include/c++/13.4.0/aarch64-linux-gnu/bits/c++allocator.h:33,
                 from /usr/local/include/c++/13.4.0/bits/allocator.h:46,
                 from /usr/local/include/c++/13.4.0/memory:65,
                 from ./vector.h:6:
/usr/local/include/c++/13.4.0/type_traits:3357:25: note: provided for 'template<class _Tp, class _Up> constexpr const bool std::is_same_v<_Tp, _Up>'
 3357 |   inline constexpr bool is_same_v = __is_same(_Tp, _Up);
      |                         ^~~~~~~~~
gcc_tests/types/pmr_typedefs_debug.cc:25:5: error: expected string-literal before '__gnu_debug'
   25 |     __gnu_debug::vector<int, std::pmr::polymorphic_allocator<int>>
      |     ^~~~~~~~~~~
gcc_tests/types/pmr_typedefs_debug.cc:24:27: error: expected ')' before '__gnu_debug'
   24 |     std::pmr::vector<int>,
      |                           ^
      |                           )
   25 |     __gnu_debug::vector<int, std::pmr::polymorphic_allocator<int>>
      |     ~~~~~~~~~~~            
gcc_tests/types/pmr_typedefs_debug.cc:23:14: note: to match this '('
   23 | static_assert(std::is_same_v<
      |              ^
  ✗ FAILED (compilation)

Testing: gcc_tests/types/1.cc
  ✓ PASSED (compile-only)

Testing: gcc_tests/types/23767.cc
  ✓ PASSED (compile-only)

Testing: gcc_tests/40192.cc
  ✓ PASSED (compile-only)

Testing: gcc_tests/48101-2_neg.cc
In file included from ./vector:2,
                 from gcc_tests/48101-2_neg.cc:21:
./vector.h: In instantiation of 'class std::vector<int, std::allocator<long int> >':
gcc_tests/48101-2_neg.cc:26:42:   required from here
./vector.h:16:28: error: static assertion failed: Allocator must have the same value_type as vector after rebinding
   16 |         static_assert(std::is_same_v<typename std::allocator_traits<Allocator>::value_type, T>,
      |                       ~~~~~^~~~~~~~~~~~~~~~~~~~~~~~~~~~~~~~~~~~~~~~~~~~~~~~~~~~~~~~~~~~~~~~~~~
./vector.h:16:28: note: 'std::is_same_v<long int, int>' evaluates to false
  ✓ PASSED (expected compilation failure)

Testing: gcc_tests/59829.cc
  ✓ PASSED

Testing: gcc_tests/data_access/constexpr.cc
  ✓ PASSED (compile-only)

Testing: gcc_tests/data_access/1.cc
  ✓ PASSED

Testing: gcc_tests/nodiscard.cc
gcc_tests/nodiscard.cc: In function 'void test_rel_ops(std::vector<char>)':
gcc_tests/nodiscard.cc:32:5: warning: ignoring return value of 'constexpr bool std::operator<(strong_ordering, __cmp_cat::__unspec)', declared with attribute 'nodiscard' [-Wunused-result]
   32 |   v < v;  // { dg-warning "ignoring return value" }
      |   ~~^~~
In file included from /usr/local/include/c++/13.4.0/bits/stl_pair.h:65,
                 from /usr/local/include/c++/13.4.0/bits/stl_tempbuf.h:62,
                 from /usr/local/include/c++/13.4.0/memory:66,
                 from ./vector.h:6,
                 from ./vector:2,
                 from gcc_tests/nodiscard.cc:3:
/usr/local/include/c++/13.4.0/compare:292:5: note: declared here
  292 |     operator< (strong_ordering __v, __cmp_cat::__unspec) noexcept
      |     ^~~~~~~~
gcc_tests/nodiscard.cc:33:5: warning: ignoring return value of 'constexpr bool std::operator>(strong_ordering, __cmp_cat::__unspec)', declared with attribute 'nodiscard' [-Wunused-result]
   33 |   v > v;  // { dg-warning "ignoring return value" }
      |   ~~^~~
/usr/local/include/c++/13.4.0/compare:297:5: note: declared here
  297 |     operator> (strong_ordering __v, __cmp_cat::__unspec) noexcept
      |     ^~~~~~~~
gcc_tests/nodiscard.cc:34:5: warning: ignoring return value of 'constexpr bool std::operator<=(strong_ordering, __cmp_cat::__unspec)', declared with attribute 'nodiscard' [-Wunused-result]
   34 |   v <= v; // { dg-warning "ignoring return value" }
      |   ~~^~~~
/usr/local/include/c++/13.4.0/compare:302:5: note: declared here
  302 |     operator<=(strong_ordering __v, __cmp_cat::__unspec) noexcept
      |     ^~~~~~~~
gcc_tests/nodiscard.cc:35:5: warning: ignoring return value of 'constexpr bool std::operator>=(strong_ordering, __cmp_cat::__unspec)', declared with attribute 'nodiscard' [-Wunused-result]
   35 |   v >= v; // { dg-warning "ignoring return value" }
      |   ~~^~~~
/usr/local/include/c++/13.4.0/compare:307:5: note: declared here
  307 |     operator>=(strong_ordering __v, __cmp_cat::__unspec) noexcept
      |     ^~~~~~~~
gcc_tests/nodiscard.cc: In function 'void test_iterators(std::vector<S>)':
gcc_tests/nodiscard.cc:76:6: warning: ignoring return value of 'constexpr bool std::operator<(strong_ordering, __cmp_cat::__unspec)', declared with attribute 'nodiscard' [-Wunused-result]
   76 |   ci < j;  // { dg-warning "ignoring return value" }
      |   ~~~^~~
/usr/local/include/c++/13.4.0/compare:292:5: note: declared here
  292 |     operator< (strong_ordering __v, __cmp_cat::__unspec) noexcept
      |     ^~~~~~~~
gcc_tests/nodiscard.cc:77:6: warning: ignoring return value of 'constexpr bool std::operator>(strong_ordering, __cmp_cat::__unspec)', declared with attribute 'nodiscard' [-Wunused-result]
   77 |   ci > j;  // { dg-warning "ignoring return value" }
      |   ~~~^~~
/usr/local/include/c++/13.4.0/compare:297:5: note: declared here
  297 |     operator> (strong_ordering __v, __cmp_cat::__unspec) noexcept
      |     ^~~~~~~~
gcc_tests/nodiscard.cc:78:6: warning: ignoring return value of 'constexpr bool std::operator<=(strong_ordering, __cmp_cat::__unspec)', declared with attribute 'nodiscard' [-Wunused-result]
   78 |   ci <= j; // { dg-warning "ignoring return value" }
      |   ~~~^~~~
/usr/local/include/c++/13.4.0/compare:302:5: note: declared here
  302 |     operator<=(strong_ordering __v, __cmp_cat::__unspec) noexcept
      |     ^~~~~~~~
gcc_tests/nodiscard.cc:79:6: warning: ignoring return value of 'constexpr bool std::operator>=(strong_ordering, __cmp_cat::__unspec)', declared with attribute 'nodiscard' [-Wunused-result]
   79 |   ci >= j; // { dg-warning "ignoring return value" }
      |   ~~~^~~~
/usr/local/include/c++/13.4.0/compare:307:5: note: declared here
  307 |     operator>=(strong_ordering __v, __cmp_cat::__unspec) noexcept
      |     ^~~~~~~~
gcc_tests/nodiscard.cc: In function 'void test_rel_ops(std::vector<bool>)':
gcc_tests/nodiscard.cc:107:5: warning: ignoring return value of 'constexpr bool std::operator<(strong_ordering, __cmp_cat::__unspec)', declared with attribute 'nodiscard' [-Wunused-result]
  107 |   v < v;  // { dg-warning "ignoring return value" }
      |   ~~^~~
/usr/local/include/c++/13.4.0/compare:292:5: note: declared here
  292 |     operator< (strong_ordering __v, __cmp_cat::__unspec) noexcept
      |     ^~~~~~~~
gcc_tests/nodiscard.cc:108:5: warning: ignoring return value of 'constexpr bool std::operator>(strong_ordering, __cmp_cat::__unspec)', declared with attribute 'nodiscard' [-Wunused-result]
  108 |   v > v;  // { dg-warning "ignoring return value" }
      |   ~~^~~
/usr/local/include/c++/13.4.0/compare:297:5: note: declared here
  297 |     operator> (strong_ordering __v, __cmp_cat::__unspec) noexcept
      |     ^~~~~~~~
gcc_tests/nodiscard.cc:109:5: warning: ignoring return value of 'constexpr bool std::operator<=(strong_ordering, __cmp_cat::__unspec)', declared with attribute 'nodiscard' [-Wunused-result]
  109 |   v <= v; // { dg-warning "ignoring return value" }
      |   ~~^~~~
/usr/local/include/c++/13.4.0/compare:302:5: note: declared here
  302 |     operator<=(strong_ordering __v, __cmp_cat::__unspec) noexcept
      |     ^~~~~~~~
gcc_tests/nodiscard.cc:110:5: warning: ignoring return value of 'constexpr bool std::operator>=(strong_ordering, __cmp_cat::__unspec)', declared with attribute 'nodiscard' [-Wunused-result]
  110 |   v >= v; // { dg-warning "ignoring return value" }
      |   ~~^~~~
/usr/local/include/c++/13.4.0/compare:307:5: note: declared here
  307 |     operator>=(strong_ordering __v, __cmp_cat::__unspec) noexcept
      |     ^~~~~~~~
gcc_tests/nodiscard.cc: In function 'void test_iterators(std::vector<bool>)':
gcc_tests/nodiscard.cc:149:6: warning: ignoring return value of 'constexpr bool std::operator<(strong_ordering, __cmp_cat::__unspec)', declared with attribute 'nodiscard' [-Wunused-result]
  149 |   ci < j;  // { dg-warning "ignoring return value" }
      |   ~~~^~~
/usr/local/include/c++/13.4.0/compare:292:5: note: declared here
  292 |     operator< (strong_ordering __v, __cmp_cat::__unspec) noexcept
      |     ^~~~~~~~
gcc_tests/nodiscard.cc:150:6: warning: ignoring return value of 'constexpr bool std::operator>(strong_ordering, __cmp_cat::__unspec)', declared with attribute 'nodiscard' [-Wunused-result]
  150 |   ci > j;  // { dg-warning "ignoring return value" }
      |   ~~~^~~
/usr/local/include/c++/13.4.0/compare:297:5: note: declared here
  297 |     operator> (strong_ordering __v, __cmp_cat::__unspec) noexcept
      |     ^~~~~~~~
gcc_tests/nodiscard.cc:151:6: warning: ignoring return value of 'constexpr bool std::operator<=(strong_ordering, __cmp_cat::__unspec)', declared with attribute 'nodiscard' [-Wunused-result]
  151 |   ci <= j; // { dg-warning "ignoring return value" }
      |   ~~~^~~~
/usr/local/include/c++/13.4.0/compare:302:5: note: declared here
  302 |     operator<=(strong_ordering __v, __cmp_cat::__unspec) noexcept
      |     ^~~~~~~~
gcc_tests/nodiscard.cc:152:6: warning: ignoring return value of 'constexpr bool std::operator>=(strong_ordering, __cmp_cat::__unspec)', declared with attribute 'nodiscard' [-Wunused-result]
  152 |   ci >= j; // { dg-warning "ignoring return value" }
      |   ~~~^~~~
/usr/local/include/c++/13.4.0/compare:307:5: note: declared here
  307 |     operator>=(strong_ordering __v, __cmp_cat::__unspec) noexcept
      |     ^~~~~~~~
  ✓ PASSED (compile-only)

Testing: gcc_tests/debug_mode_requires_reallocation-2.cc
  ✓ PASSED

Testing: gcc_tests/ext_pointer/explicit_instantiation/1.cc
  ✓ PASSED (compile-only)

Testing: gcc_tests/ext_pointer/explicit_instantiation/3.cc
  ⊘ SKIPPED (dg-skip-if: incompatible with current compilation flags)

Testing: gcc_tests/ext_pointer/modifiers/erase.cc
  ✓ PASSED

Testing: gcc_tests/ext_pointer/modifiers/insert.cc
  ✓ PASSED

Testing: gcc_tests/ext_pointer/modifiers/element.cc
  ✓ PASSED

Testing: gcc_tests/ext_pointer/types/1.cc
  ✓ PASSED

Testing: gcc_tests/ext_pointer/types/2.cc
  ✓ PASSED

Testing: gcc_tests/ext_pointer/resize.cc
  ✓ PASSED

Testing: gcc_tests/ext_pointer/data_access.cc
  ✓ PASSED

Testing: gcc_tests/ext_pointer/citerators.cc
  ✓ PASSED

Testing: gcc_tests/requirements/partial_specialization/1.cc
  ✓ PASSED (compile-only)

Testing: gcc_tests/requirements/explicit_instantiation/4.cc
  ✓ PASSED (compile-only)

Testing: gcc_tests/requirements/explicit_instantiation/1.cc
  ✓ PASSED (compile-only)

Testing: gcc_tests/requirements/explicit_instantiation/2.cc
  ✓ PASSED (compile-only)

Testing: gcc_tests/requirements/explicit_instantiation/3.cc
  ⊘ SKIPPED (dg-skip-if: incompatible with current compilation flags)

Testing: gcc_tests/requirements/explicit_instantiation/1_c++0x.cc
  ✓ PASSED (compile-only)

Testing: gcc_tests/requirements/do_the_right_thing.cc
  ✓ PASSED (compile-only)

Testing: gcc_tests/requirements/typedefs.cc
In file included from /usr/local/include/c++/13.4.0/regex:57,
                 from /usr/local/include/c++/13.4.0/aarch64-linux-gnu/bits/stdc++.h:181,
                 from ../testsuite_util/testsuite_container_traits.h:23,
                 from ../testsuite_util/testsuite_containers.h:26,
                 from gcc_tests/requirements/typedefs.cc:20:
/usr/local/include/c++/13.4.0/bits/stl_vector.h:427:26: error: redefinition of default argument for 'class _Alloc'
  427 |   template<typename _Tp, typename _Alloc = std::allocator<_Tp> >
      |                          ^~~~~~~~
In file included from ./vector:2,
                 from /usr/local/include/c++/13.4.0/functional:64,
                 from /usr/local/include/c++/13.4.0/aarch64-linux-gnu/bits/stdc++.h:53:
./vector.h:14:24: note: original definition appeared here
   14 |     template <class T, class Allocator = std::allocator<T>>
      |                        ^~~~~
In file included from /usr/local/include/c++/13.4.0/regex:59:
/usr/local/include/c++/13.4.0/bits/vector.tcc:67:5: error: redefinition of 'constexpr void std::vector<T, Allocator>::reserve(size_type)'
   67 |     vector<_Tp, _Alloc>::
      |     ^~~~~~~~~~~~~~~~~~~
./vector.h:557:24: note: 'constexpr void std::vector<T, Allocator>::reserve(size_type)' previously declared here
  557 |         constexpr void reserve(size_type new_cap){
      |                        ^~~~~~~
/usr/local/include/c++/13.4.0/bits/vector.tcc:111:7: error: redefinition of 'constexpr std::vector<T, Allocator>::value_type& std::vector<T, Allocator>::emplace_back(_Args&& ...)'
  111 |       vector<_Tp, _Alloc>::
      |       ^~~~~~~~~~~~~~~~~~~
./vector.h:893:29: note: 'constexpr std::vector<T, Allocator>::value_type& std::vector<T, Allocator>::emplace_back(Args&& ...)' previously declared here
  893 |         constexpr reference emplace_back(Args&&... args){
      |                             ^~~~~~~~~~~~
/usr/local/include/c++/13.4.0/bits/vector.tcc:133:5: error: redefinition of 'constexpr std::vector<T, Allocator>::iterator std::vector<T, Allocator>::insert(const_iterator, const value_type&)'
  133 |     vector<_Tp, _Alloc>::
      |     ^~~~~~~~~~~~~~~~~~~
./vector.h:593:28: note: 'constexpr std::vector<T, Allocator>::iterator std::vector<T, Allocator>::insert(const_iterator, const T&)' previously declared here
  593 |         constexpr iterator insert(const_iterator pos, const T& value){
      |                            ^~~~~~
/usr/local/include/c++/13.4.0/bits/vector.tcc:181:5: error: no declaration matches 'constexpr std::vector<T, Allocator>::iterator std::vector<T, Allocator>::_M_erase(iterator)'
  181 |     vector<_Tp, _Alloc>::
      |     ^~~~~~~~~~~~~~~~~~~
/usr/local/include/c++/13.4.0/bits/vector.tcc:181:5: note: no functions named 'constexpr std::vector<T, Allocator>::iterator std::vector<T, Allocator>::_M_erase(iterator)'
./vector.h:15:11: note: 'class std::vector<T, Allocator>' defined here
   15 |     class vector{
      |           ^~~~~~
/usr/local/include/c++/13.4.0/bits/vector.tcc:195:5: error: no declaration matches 'constexpr std::vector<T, Allocator>::iterator std::vector<T, Allocator>::_M_erase(iterator, iterator)'
  195 |     vector<_Tp, _Alloc>::
      |     ^~~~~~~~~~~~~~~~~~~
/usr/local/include/c++/13.4.0/bits/vector.tcc:195:5: note: no functions named 'constexpr std::vector<T, Allocator>::iterator std::vector<T, Allocator>::_M_erase(iterator, iterator)'
./vector.h:15:11: note: 'class std::vector<T, Allocator>' defined here
   15 |     class vector{
      |           ^~~~~~
/usr/local/include/c++/13.4.0/bits/vector.tcc:210:5: error: redefinition of 'constexpr std::vector<T, Alloc>& std::vector<T, Allocator>::operator=(const std::vector<T, Allocator>&)'
  210 |     vector<_Tp, _Alloc>::
      |     ^~~~~~~~~~~~~~~~~~~
./vector.h:284:27: note: 'constexpr std::vector<T, Allocator>& std::vector<T, Allocator>::operator=(const std::vector<T, Allocator>&)' previously declared here
  284 |         constexpr vector& operator=(const vector& other){
      |                           ^~~~~~~~
/usr/local/include/c++/13.4.0/bits/vector.tcc:270:5: error: no declaration matches 'constexpr void std::vector<T, Allocator>::_M_fill_assign(std::size_t, const value_type&)'
  270 |     vector<_Tp, _Alloc>::
      |     ^~~~~~~~~~~~~~~~~~~
/usr/local/include/c++/13.4.0/bits/vector.tcc:270:5: note: no functions named 'constexpr void std::vector<T, Allocator>::_M_fill_assign(std::size_t, const value_type&)'
./vector.h:15:11: note: 'class std::vector<T, Allocator>' defined here
   15 |     class vector{
      |           ^~~~~~
/usr/local/include/c++/13.4.0/bits/vector.tcc:296:7: error: no declaration matches 'constexpr void std::vector<T, Allocator>::_M_assign_aux(_InputIterator, _InputIterator, std::input_iterator_tag)'
  296 |       vector<_Tp, _Alloc>::
      |       ^~~~~~~~~~~~~~~~~~~
/usr/local/include/c++/13.4.0/bits/vector.tcc:296:7: note: no functions named 'constexpr void std::vector<T, Allocator>::_M_assign_aux(_InputIterator, _InputIterator, std::input_iterator_tag)'
./vector.h:15:11: note: 'class std::vector<T, Allocator>' defined here
   15 |     class vector{
      |           ^~~~~~
/usr/local/include/c++/13.4.0/bits/vector.tcc:315:7: error: no declaration matches 'constexpr void std::vector<T, Allocator>::_M_assign_aux(_ForwardIterator, _ForwardIterator, std::forward_iterator_tag)'
  315 |       vector<_Tp, _Alloc>::
      |       ^~~~~~~~~~~~~~~~~~~
/usr/local/include/c++/13.4.0/bits/vector.tcc:315:7: note: no functions named 'constexpr void std::vector<T, Allocator>::_M_assign_aux(_ForwardIterator, _ForwardIterator, std::forward_iterator_tag)'
./vector.h:15:11: note: 'class std::vector<T, Allocator>' defined here
   15 |     class vector{
      |           ^~~~~~
/usr/local/include/c++/13.4.0/bits/vector.tcc:356:5: error: no declaration matches 'constexpr std::vector<T, Allocator>::iterator std::vector<T, Allocator>::_M_insert_rval(const_iterator, value_type&&)'
  356 |     vector<_Tp, _Alloc>::
      |     ^~~~~~~~~~~~~~~~~~~
/usr/local/include/c++/13.4.0/bits/vector.tcc:356:5: note: no functions named 'constexpr std::vector<T, Allocator>::iterator std::vector<T, Allocator>::_M_insert_rval(const_iterator, value_type&&)'
./vector.h:15:11: note: 'class std::vector<T, Allocator>' defined here
   15 |     class vector{
      |           ^~~~~~
/usr/local/include/c++/13.4.0/bits/vector.tcc:381:7: error: no declaration matches 'constexpr std::vector<T, Allocator>::iterator std::vector<T, Allocator>::_M_emplace_aux(const_iterator, _Args&& ...)'
  381 |       vector<_Tp, _Alloc>::
      |       ^~~~~~~~~~~~~~~~~~~
/usr/local/include/c++/13.4.0/bits/vector.tcc:381:7: note: no functions named 'constexpr std::vector<T, Allocator>::iterator std::vector<T, Allocator>::_M_emplace_aux(const_iterator, _Args&& ...)'
./vector.h:15:11: note: 'class std::vector<T, Allocator>' defined here
   15 |     class vector{
      |           ^~~~~~
/usr/local/include/c++/13.4.0/bits/vector.tcc:413:7: error: no declaration matches 'constexpr void std::vector<T, Allocator>::_M_insert_aux(iterator, _Arg&&)'
  413 |       vector<_Tp, _Alloc>::
      |       ^~~~~~~~~~~~~~~~~~~
/usr/local/include/c++/13.4.0/bits/vector.tcc:413:7: note: no functions named 'constexpr void std::vector<T, Allocator>::_M_insert_aux(iterator, _Arg&&)'
./vector.h:15:11: note: 'class std::vector<T, Allocator>' defined here
   15 |     class vector{
      |           ^~~~~~
/usr/local/include/c++/13.4.0/bits/vector.tcc:445:7: error: no declaration matches 'constexpr void std::vector<T, Allocator>::_M_realloc_insert(iterator, _Args&& ...)'
  445 |       vector<_Tp, _Alloc>::
      |       ^~~~~~~~~~~~~~~~~~~
/usr/local/include/c++/13.4.0/bits/vector.tcc:445:7: note: no functions named 'constexpr void std::vector<T, Allocator>::_M_realloc_insert(iterator, _Args&& ...)'
./vector.h:15:11: note: 'class std::vector<T, Allocator>' defined here
   15 |     class vector{
      |           ^~~~~~
/usr/local/include/c++/13.4.0/bits/vector.tcc:529:5: error: no declaration matches 'constexpr void std::vector<T, Allocator>::_M_fill_insert(iterator, size_type, const value_type&)'
  529 |     vector<_Tp, _Alloc>::
      |     ^~~~~~~~~~~~~~~~~~~
/usr/local/include/c++/13.4.0/bits/vector.tcc:529:5: note: no functions named 'constexpr void std::vector<T, Allocator>::_M_fill_insert(iterator, size_type, const value_type&)'
./vector.h:15:11: note: 'class std::vector<T, Allocator>' defined here
   15 |     class vector{
      |           ^~~~~~
/usr/local/include/c++/13.4.0/bits/vector.tcc:634:5: error: no declaration matches 'constexpr void std::vector<T, Allocator>::_M_default_append(size_type)'
  634 |     vector<_Tp, _Alloc>::
      |     ^~~~~~~~~~~~~~~~~~~
/usr/local/include/c++/13.4.0/bits/vector.tcc:634:5: note: no functions named 'constexpr void std::vector<T, Allocator>::_M_default_append(size_type)'
./vector.h:15:11: note: 'class std::vector<T, Allocator>' defined here
   15 |     class vector{
      |           ^~~~~~
/usr/local/include/c++/13.4.0/bits/vector.tcc:715:5: error: no declaration matches 'constexpr bool std::vector<T, Allocator>::_M_shrink_to_fit()'
  715 |     vector<_Tp, _Alloc>::
      |     ^~~~~~~~~~~~~~~~~~~
/usr/local/include/c++/13.4.0/bits/vector.tcc:715:5: note: no functions named 'constexpr bool std::vector<T, Allocator>::_M_shrink_to_fit()'
./vector.h:15:11: note: 'class std::vector<T, Allocator>' defined here
   15 |     class vector{
      |           ^~~~~~
/usr/local/include/c++/13.4.0/bits/vector.tcc:729:7: error: no declaration matches 'constexpr void std::vector<T, Allocator>::_M_range_insert(iterator, _InputIterator, _InputIterator, std::input_iterator_tag)'
  729 |       vector<_Tp, _Alloc>::
      |       ^~~~~~~~~~~~~~~~~~~
/usr/local/include/c++/13.4.0/bits/vector.tcc:729:7: note: no functions named 'constexpr void std::vector<T, Allocator>::_M_range_insert(iterator, _InputIterator, _InputIterator, std::input_iterator_tag)'
./vector.h:15:11: note: 'class std::vector<T, Allocator>' defined here
   15 |     class vector{
      |           ^~~~~~
/usr/local/include/c++/13.4.0/bits/vector.tcc:751:7: error: no declaration matches 'constexpr void std::vector<T, Allocator>::_M_range_insert(iterator, _ForwardIterator, _ForwardIterator, std::forward_iterator_tag)'
  751 |       vector<_Tp, _Alloc>::
      |       ^~~~~~~~~~~~~~~~~~~
/usr/local/include/c++/13.4.0/bits/vector.tcc:751:7: note: no functions named 'constexpr void std::vector<T, Allocator>::_M_range_insert(iterator, _ForwardIterator, _ForwardIterator, std::forward_iterator_tag)'
./vector.h:15:11: note: 'class std::vector<T, Allocator>' defined here
   15 |     class vector{
      |           ^~~~~~
In file included from /usr/local/include/c++/13.4.0/aarch64-linux-gnu/bits/stdc++.h:202:
/usr/local/include/c++/13.4.0/memory_resource:180:26: error: 'vector' in namespace 'std::pmr' does not name a template type
  180 |     _GLIBCXX_STD_C::pmr::vector<_BigBlock> _M_unpooled;
      |                          ^~~~~~
/usr/local/include/c++/13.4.0/memory_resource: In member function 'std::pmr::memory_resource* std::pmr::__pool_resource::resource() const':
/usr/local/include/c++/13.4.0/memory_resource:169:14: error: '_M_unpooled' was not declared in this scope; did you mean '_M_npools'?
  169 |     { return _M_unpooled.get_allocator().resource(); }
      |              ^~~~~~~~~~~
      |              _M_npools
  ✗ FAILED (compilation)

Testing: gcc_tests/requirements/dr438/constructor_2_neg.cc
gcc_tests/requirements/dr438/constructor_2_neg.cc: In function 'void f()':
gcc_tests/requirements/dr438/constructor_2_neg.cc:29:63: error: no matching function for call to 'std::vector<std::vector<std::pair<char, char> > >::vector(char, char)'
   29 |   std::vector<std::vector<std::pair<char, char> > > v('a', 'b'); // { dg-error "here|no match" }
      |                                                               ^
In file included from ./vector:2,
                 from gcc_tests/requirements/dr438/constructor_2_neg.cc:24:
./vector.h:248:19: note: candidate: 'template<class AllocArg>  requires  constructible_from<Allocator, const AllocArg&> constexpr std::vector<T, Allocator>::vector(std::vector<T, Allocator>&&, const AllocArg&) [with T = std::vector<std::pair<char, char> >; Allocator = std::allocator<std::vector<std::pair<char, char> > >]'
  248 |         constexpr vector(vector&& other, const AllocArg& alloc) noexcept(std::allocator_traits<Allocator>::is_always_equal::value): rebound_alloc(alloc), m_start(nullptr), m_finish(nullptr), m_end_of_storage(nullptr){
      |                   ^~~~~~
./vector.h:248:19: note:   template argument deduction/substitution failed:
./vector.h:248:19: note: constraints not satisfied
In file included from /usr/local/include/c++/13.4.0/bits/iterator_concepts.h:36,
                 from /usr/local/include/c++/13.4.0/bits/stl_iterator_base_types.h:71,
                 from /usr/local/include/c++/13.4.0/bits/stl_construct.h:61,
                 from /usr/local/include/c++/13.4.0/bits/stl_tempbuf.h:61,
                 from /usr/local/include/c++/13.4.0/memory:66,
                 from ./vector.h:6:
/usr/local/include/c++/13.4.0/concepts: In substitution of 'template<class AllocArg>  requires  constructible_from<Allocator, const AllocArg&> constexpr std::vector<std::vector<std::pair<char, char> > >::vector(std::vector<std::vector<std::pair<char, char> > >&&, const AllocArg&) [with AllocArg = std::vector<std::pair<char, char> >]':
gcc_tests/requirements/dr438/constructor_2_neg.cc:29:63:   required from here
/usr/local/include/c++/13.4.0/concepts:152:13:   required for the satisfaction of 'constructible_from<Allocator, const AllocArg&>' [with Allocator = std::allocator<std::vector<std::pair<char, char>, std::allocator<std::pair<char, char> > > >; AllocArg = char]
/usr/local/include/c++/13.4.0/concepts:153:30: note: the expression 'is_constructible_v<_Tp, _Args ...> [with _Tp = std::allocator<std::vector<std::pair<char, char>, std::allocator<std::pair<char, char> > > >; _Args = {const char&}]' evaluated to 'false'
  153 |       = destructible<_Tp> && is_constructible_v<_Tp, _Args...>;
      |                              ^~~~~~~~~~~~~~~~~~~~~~~~~~~~~~~~~
./vector.h:221:19: note: candidate: 'template<class InputIt>  requires  input_iterator<InputIt> constexpr std::vector<T, Allocator>::vector(InputIt, InputIt, const Allocator&) [with T = std::vector<std::pair<char, char> >; Allocator = std::allocator<std::vector<std::pair<char, char> > >]'
  221 |         constexpr vector(InputIt first, InputIt last, const Allocator& alloc = Allocator()): rebound_alloc(alloc), m_start(nullptr), m_finish(nullptr), m_end_of_storage(nullptr){
      |                   ^~~~~~
./vector.h:221:19: note:   template argument deduction/substitution failed:
./vector.h:221:19: note: constraints not satisfied
/usr/local/include/c++/13.4.0/bits/iterator_concepts.h: In substitution of 'template<class InputIt>  requires  input_iterator<InputIt> constexpr std::vector<std::vector<std::pair<char, char> > >::vector(InputIt, InputIt, const std::allocator<std::vector<std::pair<char, char> > >&) [with InputIt = std::vector<std::pair<char, char> >]':
gcc_tests/requirements/dr438/constructor_2_neg.cc:29:63:   required from here
/usr/local/include/c++/13.4.0/bits/iterator_concepts.h:647:13:   required for the satisfaction of 'input_or_output_iterator<_Iter>' [with _Iter = char]
/usr/local/include/c++/13.4.0/bits/iterator_concepts.h:669:13:   required for the satisfaction of 'input_iterator<InputIt>' [with InputIt = char]
/usr/local/include/c++/13.4.0/bits/iterator_concepts.h:648:9:   in requirements with '_Iter __i' [with _Iter = char]
/usr/local/include/c++/13.4.0/bits/iterator_concepts.h:648:33: note: the required expression '* __i' is invalid
  648 |       = requires(_Iter __i) { { *__i } -> __detail::__can_reference; }
      |                                 ^~~~
cc1plus: note: set '-fconcepts-diagnostics-depth=' to at least 2 for more detail
./vector.h:238:19: note: candidate: 'constexpr std::vector<T, Allocator>::vector(std::vector<T, Allocator>&&) [with T = std::vector<std::pair<char, char> >; Allocator = std::allocator<std::vector<std::pair<char, char> > >]'
  238 |         constexpr vector(vector&& other) noexcept: rebound_alloc(std::move(other.get_allocator())), m_start(other.m_start), m_finish(other.m_finish), m_end_of_storage(other.m_end_of_storage){
      |                   ^~~~~~
./vector.h:238:19: note:   candidate expects 1 argument, 2 provided
./vector.h:232:19: note: candidate: 'constexpr std::vector<T, Allocator>::vector(const std::vector<T, Allocator>&, const Allocator&) [with T = std::vector<std::pair<char, char> >; Allocator = std::allocator<std::vector<std::pair<char, char> > >]'
  232 |         constexpr vector(const vector& other, const Allocator& alloc): vector(other.m_start, other.m_finish, alloc){}
      |                   ^~~~~~
./vector.h:232:40: note:   no known conversion for argument 1 from 'char' to 'const std::vector<std::vector<std::pair<char, char> > >&'
  232 |         constexpr vector(const vector& other, const Allocator& alloc): vector(other.m_start, other.m_finish, alloc){}
      |                          ~~~~~~~~~~~~~~^~~~~
./vector.h:230:19: note: candidate: 'constexpr std::vector<T, Allocator>::vector(const std::vector<T, Allocator>&) [with T = std::vector<std::pair<char, char> >; Allocator = std::allocator<std::vector<std::pair<char, char> > >]'
  230 |         constexpr vector(const vector& other): vector(other.m_start, other.m_finish, std::allocator_traits<rebound_alloc_type>::select_on_container_copy_construction(other.rebound_alloc)){}
      |                   ^~~~~~
./vector.h:230:19: note:   candidate expects 1 argument, 2 provided
./vector.h:225:19: note: candidate: 'constexpr std::vector<T, Allocator>::vector(std::initializer_list<_Tp>, const Allocator&) [with T = std::vector<std::pair<char, char> >; Allocator = std::allocator<std::vector<std::pair<char, char> > >]'
  225 |         constexpr vector(std::initializer_list<T> init, const Allocator& alloc = Allocator()): rebound_alloc(alloc), m_start(nullptr), m_finish(nullptr), m_end_of_storage(nullptr){
      |                   ^~~~~~
./vector.h:225:51: note:   no known conversion for argument 1 from 'char' to 'std::initializer_list<std::vector<std::pair<char, char> > >'
  225 |         constexpr vector(std::initializer_list<T> init, const Allocator& alloc = Allocator()): rebound_alloc(alloc), m_start(nullptr), m_finish(nullptr), m_end_of_storage(nullptr){
      |                          ~~~~~~~~~~~~~~~~~~~~~~~~~^~~~
./vector.h:198:19: note: candidate: 'constexpr std::vector<T, Allocator>::vector(size_type, const T&, const Allocator&) [with T = std::vector<std::pair<char, char> >; Allocator = std::allocator<std::vector<std::pair<char, char> > >; size_type = long unsigned int]'
  198 |         constexpr vector(size_type count, const T& value, const Allocator& alloc = Allocator()): rebound_alloc(alloc), m_start(nullptr), m_finish(nullptr), m_end_of_storage(nullptr){
      |                   ^~~~~~
./vector.h:198:52: note:   no known conversion for argument 2 from 'char' to 'const std::vector<std::pair<char, char> >&'
  198 |         constexpr vector(size_type count, const T& value, const Allocator& alloc = Allocator()): rebound_alloc(alloc), m_start(nullptr), m_finish(nullptr), m_end_of_storage(nullptr){
      |                                           ~~~~~~~~~^~~~~
./vector.h:176:28: note: candidate: 'constexpr std::vector<T, Allocator>::vector(size_type, const Allocator&) [with T = std::vector<std::pair<char, char> >; Allocator = std::allocator<std::vector<std::pair<char, char> > >; size_type = long unsigned int]'
  176 |         constexpr explicit vector(size_type count, const Allocator& alloc = Allocator()): rebound_alloc(alloc), m_start(nullptr), m_finish(nullptr), m_end_of_storage(nullptr){
      |                            ^~~~~~
./vector.h:176:69: note:   no known conversion for argument 2 from 'char' to 'const std::allocator<std::vector<std::pair<char, char> > >&'
  176 |         constexpr explicit vector(size_type count, const Allocator& alloc = Allocator()): rebound_alloc(alloc), m_start(nullptr), m_finish(nullptr), m_end_of_storage(nullptr){
      |                                                    ~~~~~~~~~~~~~~~~~^~~~~~~~~~~~~~~~~~~
./vector.h:173:28: note: candidate: 'constexpr std::vector<T, Allocator>::vector(const Allocator&) [with T = std::vector<std::pair<char, char> >; Allocator = std::allocator<std::vector<std::pair<char, char> > >]'
  173 |         constexpr explicit vector(const Allocator& alloc) noexcept : rebound_alloc(alloc), m_start(nullptr), m_finish(nullptr), m_end_of_storage(nullptr){};
      |                            ^~~~~~
./vector.h:173:28: note:   candidate expects 1 argument, 2 provided
./vector.h:169:19: note: candidate: 'constexpr std::vector<T, Allocator>::vector() requires  is_default_constructible_v<Allocator> [with T = std::vector<std::pair<char, char> >; Allocator = std::allocator<std::vector<std::pair<char, char> > >]'
  169 |         constexpr vector() noexcept(noexcept(Allocator())) requires std::is_default_constructible_v<Allocator>: vector(Allocator()){}
      |                   ^~~~~~
./vector.h:169:19: note:   candidate expects 0 arguments, 2 provided
  ✓ PASSED (expected compilation failure)

Testing: gcc_tests/requirements/dr438/assign_neg.cc
gcc_tests/requirements/dr438/assign_neg.cc: In function 'void f()':
gcc_tests/requirements/dr438/assign_neg.cc:34:11: error: no matching function for call to 'std::vector<A>::assign(int, int)'
   34 |   v.assign(10, 1);              // { dg-error "here|no match" }
      |   ~~~~~~~~^~~~~~~
In file included from ./vector:2,
                 from gcc_tests/requirements/dr438/assign_neg.cc:24:
./vector.h:402:24: note: candidate: 'template<class InputIt>  requires  input_iterator<InputIt> constexpr void std::vector<T, Allocator>::assign(InputIt, InputIt) [with T = A; Allocator = std::allocator<A>]'
  402 |         constexpr void assign(InputIt first, InputIt last){
      |                        ^~~~~~
./vector.h:402:24: note:   template argument deduction/substitution failed:
./vector.h:402:24: note: constraints not satisfied
In file included from /usr/local/include/c++/13.4.0/bits/stl_iterator_base_types.h:71,
                 from /usr/local/include/c++/13.4.0/bits/stl_construct.h:61,
                 from /usr/local/include/c++/13.4.0/bits/stl_tempbuf.h:61,
                 from /usr/local/include/c++/13.4.0/memory:66,
                 from ./vector.h:6:
/usr/local/include/c++/13.4.0/bits/iterator_concepts.h: In substitution of 'template<class InputIt>  requires  input_iterator<InputIt> constexpr void std::vector<A>::assign(InputIt, InputIt) [with InputIt = A]':
gcc_tests/requirements/dr438/assign_neg.cc:34:11:   required from here
/usr/local/include/c++/13.4.0/bits/iterator_concepts.h:647:13:   required for the satisfaction of 'input_or_output_iterator<_Iter>' [with _Iter = int]
/usr/local/include/c++/13.4.0/bits/iterator_concepts.h:669:13:   required for the satisfaction of 'input_iterator<InputIt>' [with InputIt = int]
/usr/local/include/c++/13.4.0/bits/iterator_concepts.h:648:9:   in requirements with '_Iter __i' [with _Iter = int]
/usr/local/include/c++/13.4.0/bits/iterator_concepts.h:648:33: note: the required expression '* __i' is invalid
  648 |       = requires(_Iter __i) { { *__i } -> __detail::__can_reference; }
      |                                 ^~~~
cc1plus: note: set '-fconcepts-diagnostics-depth=' to at least 2 for more detail
./vector.h:382:24: note: candidate: 'constexpr void std::vector<T, Allocator>::assign(size_type, const T&) [with T = A; Allocator = std::allocator<A>; size_type = long unsigned int]'
  382 |         constexpr void assign(size_type count, const T& value){
      |                        ^~~~~~
./vector.h:382:57: note:   no known conversion for argument 2 from 'int' to 'const A&'
  382 |         constexpr void assign(size_type count, const T& value){
      |                                                ~~~~~~~~~^~~~~
./vector.h:406:24: note: candidate: 'constexpr void std::vector<T, Allocator>::assign(std::initializer_list<_Tp>) [with T = A; Allocator = std::allocator<A>]'
  406 |         constexpr void assign(std::initializer_list<T> ilist){
      |                        ^~~~~~
./vector.h:406:24: note:   candidate expects 1 argument, 2 provided
  ✓ PASSED (expected compilation failure)

Testing: gcc_tests/requirements/dr438/insert_neg.cc
gcc_tests/requirements/dr438/insert_neg.cc: In function 'void f()':
gcc_tests/requirements/dr438/insert_neg.cc:34:11: error: no matching function for call to 'std::vector<A>::insert(std::vector<A>::iterator, int, int)'
   34 |   v.insert(v.begin(), 10, 1);   // { dg-error "here|no match" }
      |   ~~~~~~~~^~~~~~~~~~~~~~~~~~
In file included from ./vector:2,
                 from gcc_tests/requirements/dr438/insert_neg.cc:24:
./vector.h:759:28: note: candidate: 'template<class InputIt>  requires  input_iterator<InputIt> constexpr std::vector<T, Allocator>::iterator std::vector<T, Allocator>::insert(const_iterator, InputIt, InputIt) [with T = A; Allocator = std::allocator<A>]'
  759 |         constexpr iterator insert(const_iterator pos, InputIt first, InputIt last){
      |                            ^~~~~~
./vector.h:759:28: note:   template argument deduction/substitution failed:
./vector.h:759:28: note: constraints not satisfied
In file included from /usr/local/include/c++/13.4.0/bits/stl_iterator_base_types.h:71,
                 from /usr/local/include/c++/13.4.0/bits/stl_construct.h:61,
                 from /usr/local/include/c++/13.4.0/bits/stl_tempbuf.h:61,
                 from /usr/local/include/c++/13.4.0/memory:66,
                 from ./vector.h:6:
/usr/local/include/c++/13.4.0/bits/iterator_concepts.h: In substitution of 'template<class InputIt>  requires  input_iterator<InputIt> constexpr std::vector<A>::iterator std::vector<A>::insert(const_iterator, InputIt, InputIt) [with InputIt = A]':
gcc_tests/requirements/dr438/insert_neg.cc:34:11:   required from here
/usr/local/include/c++/13.4.0/bits/iterator_concepts.h:647:13:   required for the satisfaction of 'input_or_output_iterator<_Iter>' [with _Iter = int]
/usr/local/include/c++/13.4.0/bits/iterator_concepts.h:669:13:   required for the satisfaction of 'input_iterator<InputIt>' [with InputIt = int]
/usr/local/include/c++/13.4.0/bits/iterator_concepts.h:648:9:   in requirements with '_Iter __i' [with _Iter = int]
/usr/local/include/c++/13.4.0/bits/iterator_concepts.h:648:33: note: the required expression '* __i' is invalid
  648 |       = requires(_Iter __i) { { *__i } -> __detail::__can_reference; }
      |                                 ^~~~
cc1plus: note: set '-fconcepts-diagnostics-depth=' to at least 2 for more detail
./vector.h:593:28: note: candidate: 'constexpr std::vector<T, Allocator>::iterator std::vector<T, Allocator>::insert(const_iterator, const T&) [with T = A; Allocator = std::allocator<A>; iterator = std::vector<A>::normal_iterator<A*>; const_iterator = std::vector<A>::normal_iterator<const A*>]'
  593 |         constexpr iterator insert(const_iterator pos, const T& value){
      |                            ^~~~~~
./vector.h:593:28: note:   candidate expects 2 arguments, 3 provided
./vector.h:616:28: note: candidate: 'constexpr std::vector<T, Allocator>::iterator std::vector<T, Allocator>::insert(const_iterator, T&&) [with T = A; Allocator = std::allocator<A>; iterator = std::vector<A>::normal_iterator<A*>; const_iterator = std::vector<A>::normal_iterator<const A*>]'
  616 |         constexpr iterator insert(const_iterator pos, T&& value){
      |                            ^~~~~~
./vector.h:616:28: note:   candidate expects 2 arguments, 3 provided
./vector.h:642:28: note: candidate: 'constexpr std::vector<T, Allocator>::iterator std::vector<T, Allocator>::insert(const_iterator, size_type, const T&) [with T = A; Allocator = std::allocator<A>; iterator = std::vector<A>::normal_iterator<A*>; const_iterator = std::vector<A>::normal_iterator<const A*>; size_type = long unsigned int]'
  642 |         constexpr iterator insert(const_iterator pos, size_type count, const T& value){
      |                            ^~~~~~
./vector.h:642:81: note:   no known conversion for argument 3 from 'int' to 'const A&'
  642 |         constexpr iterator insert(const_iterator pos, size_type count, const T& value){
      |                                                                        ~~~~~~~~~^~~~~
./vector.h:793:28: note: candidate: 'constexpr std::vector<T, Allocator>::iterator std::vector<T, Allocator>::insert(const_iterator, std::initializer_list<_Tp>) [with T = A; Allocator = std::allocator<A>; iterator = std::vector<A>::normal_iterator<A*>; const_iterator = std::vector<A>::normal_iterator<const A*>]'
  793 |         constexpr iterator insert(const_iterator pos, std::initializer_list<T> ilist){
      |                            ^~~~~~
./vector.h:793:28: note:   candidate expects 2 arguments, 3 provided
  ✓ PASSED (expected compilation failure)

Testing: gcc_tests/requirements/dr438/constructor_1_neg.cc
gcc_tests/requirements/dr438/constructor_1_neg.cc: In function 'void f()':
gcc_tests/requirements/dr438/constructor_1_neg.cc:28:41: error: no matching function for call to 'std::vector<std::vector<int> >::vector(int, int)'
   28 |   std::vector<std::vector<int> > v(10, 1); // { dg-error "here|no match" }
      |                                         ^
In file included from ./vector:2,
                 from gcc_tests/requirements/dr438/constructor_1_neg.cc:24:
./vector.h:248:19: note: candidate: 'template<class AllocArg>  requires  constructible_from<Allocator, const AllocArg&> constexpr std::vector<T, Allocator>::vector(std::vector<T, Allocator>&&, const AllocArg&) [with T = std::vector<int>; Allocator = std::allocator<std::vector<int> >]'
  248 |         constexpr vector(vector&& other, const AllocArg& alloc) noexcept(std::allocator_traits<Allocator>::is_always_equal::value): rebound_alloc(alloc), m_start(nullptr), m_finish(nullptr), m_end_of_storage(nullptr){
      |                   ^~~~~~
./vector.h:248:19: note:   template argument deduction/substitution failed:
./vector.h:248:19: note: constraints not satisfied
In file included from /usr/local/include/c++/13.4.0/bits/iterator_concepts.h:36,
                 from /usr/local/include/c++/13.4.0/bits/stl_iterator_base_types.h:71,
                 from /usr/local/include/c++/13.4.0/bits/stl_construct.h:61,
                 from /usr/local/include/c++/13.4.0/bits/stl_tempbuf.h:61,
                 from /usr/local/include/c++/13.4.0/memory:66,
                 from ./vector.h:6:
/usr/local/include/c++/13.4.0/concepts: In substitution of 'template<class AllocArg>  requires  constructible_from<Allocator, const AllocArg&> constexpr std::vector<std::vector<int> >::vector(std::vector<std::vector<int> >&&, const AllocArg&) [with AllocArg = std::vector<int>]':
gcc_tests/requirements/dr438/constructor_1_neg.cc:28:41:   required from here
/usr/local/include/c++/13.4.0/concepts:152:13:   required for the satisfaction of 'constructible_from<Allocator, const AllocArg&>' [with Allocator = std::allocator<std::vector<int, std::allocator<int> > >; AllocArg = int]
/usr/local/include/c++/13.4.0/concepts:153:30: note: the expression 'is_constructible_v<_Tp, _Args ...> [with _Tp = std::allocator<std::vector<int, std::allocator<int> > >; _Args = {const int&}]' evaluated to 'false'
  153 |       = destructible<_Tp> && is_constructible_v<_Tp, _Args...>;
      |                              ^~~~~~~~~~~~~~~~~~~~~~~~~~~~~~~~~
./vector.h:221:19: note: candidate: 'template<class InputIt>  requires  input_iterator<InputIt> constexpr std::vector<T, Allocator>::vector(InputIt, InputIt, const Allocator&) [with T = std::vector<int>; Allocator = std::allocator<std::vector<int> >]'
  221 |         constexpr vector(InputIt first, InputIt last, const Allocator& alloc = Allocator()): rebound_alloc(alloc), m_start(nullptr), m_finish(nullptr), m_end_of_storage(nullptr){
      |                   ^~~~~~
./vector.h:221:19: note:   template argument deduction/substitution failed:
./vector.h:221:19: note: constraints not satisfied
/usr/local/include/c++/13.4.0/bits/iterator_concepts.h: In substitution of 'template<class InputIt>  requires  input_iterator<InputIt> constexpr std::vector<std::vector<int> >::vector(InputIt, InputIt, const std::allocator<std::vector<int> >&) [with InputIt = std::vector<int>]':
gcc_tests/requirements/dr438/constructor_1_neg.cc:28:41:   required from here
/usr/local/include/c++/13.4.0/bits/iterator_concepts.h:647:13:   required for the satisfaction of 'input_or_output_iterator<_Iter>' [with _Iter = int]
/usr/local/include/c++/13.4.0/bits/iterator_concepts.h:669:13:   required for the satisfaction of 'input_iterator<InputIt>' [with InputIt = int]
/usr/local/include/c++/13.4.0/bits/iterator_concepts.h:648:9:   in requirements with '_Iter __i' [with _Iter = int]
/usr/local/include/c++/13.4.0/bits/iterator_concepts.h:648:33: note: the required expression '* __i' is invalid
  648 |       = requires(_Iter __i) { { *__i } -> __detail::__can_reference; }
      |                                 ^~~~
cc1plus: note: set '-fconcepts-diagnostics-depth=' to at least 2 for more detail
./vector.h:238:19: note: candidate: 'constexpr std::vector<T, Allocator>::vector(std::vector<T, Allocator>&&) [with T = std::vector<int>; Allocator = std::allocator<std::vector<int> >]'
  238 |         constexpr vector(vector&& other) noexcept: rebound_alloc(std::move(other.get_allocator())), m_start(other.m_start), m_finish(other.m_finish), m_end_of_storage(other.m_end_of_storage){
      |                   ^~~~~~
./vector.h:238:19: note:   candidate expects 1 argument, 2 provided
./vector.h:232:19: note: candidate: 'constexpr std::vector<T, Allocator>::vector(const std::vector<T, Allocator>&, const Allocator&) [with T = std::vector<int>; Allocator = std::allocator<std::vector<int> >]'
  232 |         constexpr vector(const vector& other, const Allocator& alloc): vector(other.m_start, other.m_finish, alloc){}
      |                   ^~~~~~
./vector.h:232:40: note:   no known conversion for argument 1 from 'int' to 'const std::vector<std::vector<int> >&'
  232 |         constexpr vector(const vector& other, const Allocator& alloc): vector(other.m_start, other.m_finish, alloc){}
      |                          ~~~~~~~~~~~~~~^~~~~
./vector.h:230:19: note: candidate: 'constexpr std::vector<T, Allocator>::vector(const std::vector<T, Allocator>&) [with T = std::vector<int>; Allocator = std::allocator<std::vector<int> >]'
  230 |         constexpr vector(const vector& other): vector(other.m_start, other.m_finish, std::allocator_traits<rebound_alloc_type>::select_on_container_copy_construction(other.rebound_alloc)){}
      |                   ^~~~~~
./vector.h:230:19: note:   candidate expects 1 argument, 2 provided
./vector.h:225:19: note: candidate: 'constexpr std::vector<T, Allocator>::vector(std::initializer_list<_Tp>, const Allocator&) [with T = std::vector<int>; Allocator = std::allocator<std::vector<int> >]'
  225 |         constexpr vector(std::initializer_list<T> init, const Allocator& alloc = Allocator()): rebound_alloc(alloc), m_start(nullptr), m_finish(nullptr), m_end_of_storage(nullptr){
      |                   ^~~~~~
./vector.h:225:51: note:   no known conversion for argument 1 from 'int' to 'std::initializer_list<std::vector<int> >'
  225 |         constexpr vector(std::initializer_list<T> init, const Allocator& alloc = Allocator()): rebound_alloc(alloc), m_start(nullptr), m_finish(nullptr), m_end_of_storage(nullptr){
      |                          ~~~~~~~~~~~~~~~~~~~~~~~~~^~~~
./vector.h:198:19: note: candidate: 'constexpr std::vector<T, Allocator>::vector(size_type, const T&, const Allocator&) [with T = std::vector<int>; Allocator = std::allocator<std::vector<int> >; size_type = long unsigned int]'
  198 |         constexpr vector(size_type count, const T& value, const Allocator& alloc = Allocator()): rebound_alloc(alloc), m_start(nullptr), m_finish(nullptr), m_end_of_storage(nullptr){
      |                   ^~~~~~
./vector.h:198:52: note:   no known conversion for argument 2 from 'int' to 'const std::vector<int>&'
  198 |         constexpr vector(size_type count, const T& value, const Allocator& alloc = Allocator()): rebound_alloc(alloc), m_start(nullptr), m_finish(nullptr), m_end_of_storage(nullptr){
      |                                           ~~~~~~~~~^~~~~
./vector.h:176:28: note: candidate: 'constexpr std::vector<T, Allocator>::vector(size_type, const Allocator&) [with T = std::vector<int>; Allocator = std::allocator<std::vector<int> >; size_type = long unsigned int]'
  176 |         constexpr explicit vector(size_type count, const Allocator& alloc = Allocator()): rebound_alloc(alloc), m_start(nullptr), m_finish(nullptr), m_end_of_storage(nullptr){
      |                            ^~~~~~
./vector.h:176:69: note:   no known conversion for argument 2 from 'int' to 'const std::allocator<std::vector<int> >&'
  176 |         constexpr explicit vector(size_type count, const Allocator& alloc = Allocator()): rebound_alloc(alloc), m_start(nullptr), m_finish(nullptr), m_end_of_storage(nullptr){
      |                                                    ~~~~~~~~~~~~~~~~~^~~~~~~~~~~~~~~~~~~
./vector.h:173:28: note: candidate: 'constexpr std::vector<T, Allocator>::vector(const Allocator&) [with T = std::vector<int>; Allocator = std::allocator<std::vector<int> >]'
  173 |         constexpr explicit vector(const Allocator& alloc) noexcept : rebound_alloc(alloc), m_start(nullptr), m_finish(nullptr), m_end_of_storage(nullptr){};
      |                            ^~~~~~
./vector.h:173:28: note:   candidate expects 1 argument, 2 provided
./vector.h:169:19: note: candidate: 'constexpr std::vector<T, Allocator>::vector() requires  is_default_constructible_v<Allocator> [with T = std::vector<int>; Allocator = std::allocator<std::vector<int> >]'
  169 |         constexpr vector() noexcept(noexcept(Allocator())) requires std::is_default_constructible_v<Allocator>: vector(Allocator()){}
      |                   ^~~~~~
./vector.h:169:19: note:   candidate expects 0 arguments, 2 provided
  ✓ PASSED (expected compilation failure)

Testing: gcc_tests/requirements/dr438/constructor.cc
  ✓ PASSED (compile-only)

Testing: gcc_tests/requirements/exception/propagation_consistent.cc
In file included from /usr/local/include/c++/13.4.0/regex:57,
                 from /usr/local/include/c++/13.4.0/aarch64-linux-gnu/bits/stdc++.h:181,
                 from ../testsuite_util/testsuite_container_traits.h:23,
                 from ../testsuite_util/exception/safety.h:23,
                 from gcc_tests/requirements/exception/propagation_consistent.cc:24:
/usr/local/include/c++/13.4.0/bits/stl_vector.h:427:26: error: redefinition of default argument for 'class _Alloc'
  427 |   template<typename _Tp, typename _Alloc = std::allocator<_Tp> >
      |                          ^~~~~~~~
In file included from ./vector:2,
                 from gcc_tests/requirements/exception/propagation_consistent.cc:23:
./vector.h:14:24: note: original definition appeared here
   14 |     template <class T, class Allocator = std::allocator<T>>
      |                        ^~~~~
In file included from /usr/local/include/c++/13.4.0/regex:59:
/usr/local/include/c++/13.4.0/bits/vector.tcc:67:5: error: redefinition of 'constexpr void std::vector<T, Allocator>::reserve(size_type)'
   67 |     vector<_Tp, _Alloc>::
      |     ^~~~~~~~~~~~~~~~~~~
./vector.h:557:24: note: 'constexpr void std::vector<T, Allocator>::reserve(size_type)' previously declared here
  557 |         constexpr void reserve(size_type new_cap){
      |                        ^~~~~~~
/usr/local/include/c++/13.4.0/bits/vector.tcc:111:7: error: redefinition of 'constexpr std::vector<T, Allocator>::value_type& std::vector<T, Allocator>::emplace_back(_Args&& ...)'
  111 |       vector<_Tp, _Alloc>::
      |       ^~~~~~~~~~~~~~~~~~~
./vector.h:893:29: note: 'constexpr std::vector<T, Allocator>::value_type& std::vector<T, Allocator>::emplace_back(Args&& ...)' previously declared here
  893 |         constexpr reference emplace_back(Args&&... args){
      |                             ^~~~~~~~~~~~
/usr/local/include/c++/13.4.0/bits/vector.tcc:133:5: error: redefinition of 'constexpr std::vector<T, Allocator>::iterator std::vector<T, Allocator>::insert(const_iterator, const value_type&)'
  133 |     vector<_Tp, _Alloc>::
      |     ^~~~~~~~~~~~~~~~~~~
./vector.h:593:28: note: 'constexpr std::vector<T, Allocator>::iterator std::vector<T, Allocator>::insert(const_iterator, const T&)' previously declared here
  593 |         constexpr iterator insert(const_iterator pos, const T& value){
      |                            ^~~~~~
/usr/local/include/c++/13.4.0/bits/vector.tcc:181:5: error: no declaration matches 'constexpr std::vector<T, Allocator>::iterator std::vector<T, Allocator>::_M_erase(iterator)'
  181 |     vector<_Tp, _Alloc>::
      |     ^~~~~~~~~~~~~~~~~~~
/usr/local/include/c++/13.4.0/bits/vector.tcc:181:5: note: no functions named 'constexpr std::vector<T, Allocator>::iterator std::vector<T, Allocator>::_M_erase(iterator)'
./vector.h:15:11: note: 'class std::vector<T, Allocator>' defined here
   15 |     class vector{
      |           ^~~~~~
/usr/local/include/c++/13.4.0/bits/vector.tcc:195:5: error: no declaration matches 'constexpr std::vector<T, Allocator>::iterator std::vector<T, Allocator>::_M_erase(iterator, iterator)'
  195 |     vector<_Tp, _Alloc>::
      |     ^~~~~~~~~~~~~~~~~~~
/usr/local/include/c++/13.4.0/bits/vector.tcc:195:5: note: no functions named 'constexpr std::vector<T, Allocator>::iterator std::vector<T, Allocator>::_M_erase(iterator, iterator)'
./vector.h:15:11: note: 'class std::vector<T, Allocator>' defined here
   15 |     class vector{
      |           ^~~~~~
/usr/local/include/c++/13.4.0/bits/vector.tcc:210:5: error: redefinition of 'constexpr std::vector<T, Alloc>& std::vector<T, Allocator>::operator=(const std::vector<T, Allocator>&)'
  210 |     vector<_Tp, _Alloc>::
      |     ^~~~~~~~~~~~~~~~~~~
./vector.h:284:27: note: 'constexpr std::vector<T, Allocator>& std::vector<T, Allocator>::operator=(const std::vector<T, Allocator>&)' previously declared here
  284 |         constexpr vector& operator=(const vector& other){
      |                           ^~~~~~~~
/usr/local/include/c++/13.4.0/bits/vector.tcc:270:5: error: no declaration matches 'constexpr void std::vector<T, Allocator>::_M_fill_assign(std::size_t, const value_type&)'
  270 |     vector<_Tp, _Alloc>::
      |     ^~~~~~~~~~~~~~~~~~~
/usr/local/include/c++/13.4.0/bits/vector.tcc:270:5: note: no functions named 'constexpr void std::vector<T, Allocator>::_M_fill_assign(std::size_t, const value_type&)'
./vector.h:15:11: note: 'class std::vector<T, Allocator>' defined here
   15 |     class vector{
      |           ^~~~~~
/usr/local/include/c++/13.4.0/bits/vector.tcc:296:7: error: no declaration matches 'constexpr void std::vector<T, Allocator>::_M_assign_aux(_InputIterator, _InputIterator, std::input_iterator_tag)'
  296 |       vector<_Tp, _Alloc>::
      |       ^~~~~~~~~~~~~~~~~~~
/usr/local/include/c++/13.4.0/bits/vector.tcc:296:7: note: no functions named 'constexpr void std::vector<T, Allocator>::_M_assign_aux(_InputIterator, _InputIterator, std::input_iterator_tag)'
./vector.h:15:11: note: 'class std::vector<T, Allocator>' defined here
   15 |     class vector{
      |           ^~~~~~
/usr/local/include/c++/13.4.0/bits/vector.tcc:315:7: error: no declaration matches 'constexpr void std::vector<T, Allocator>::_M_assign_aux(_ForwardIterator, _ForwardIterator, std::forward_iterator_tag)'
  315 |       vector<_Tp, _Alloc>::
      |       ^~~~~~~~~~~~~~~~~~~
/usr/local/include/c++/13.4.0/bits/vector.tcc:315:7: note: no functions named 'constexpr void std::vector<T, Allocator>::_M_assign_aux(_ForwardIterator, _ForwardIterator, std::forward_iterator_tag)'
./vector.h:15:11: note: 'class std::vector<T, Allocator>' defined here
   15 |     class vector{
      |           ^~~~~~
/usr/local/include/c++/13.4.0/bits/vector.tcc:356:5: error: no declaration matches 'constexpr std::vector<T, Allocator>::iterator std::vector<T, Allocator>::_M_insert_rval(const_iterator, value_type&&)'
  356 |     vector<_Tp, _Alloc>::
      |     ^~~~~~~~~~~~~~~~~~~
/usr/local/include/c++/13.4.0/bits/vector.tcc:356:5: note: no functions named 'constexpr std::vector<T, Allocator>::iterator std::vector<T, Allocator>::_M_insert_rval(const_iterator, value_type&&)'
./vector.h:15:11: note: 'class std::vector<T, Allocator>' defined here
   15 |     class vector{
      |           ^~~~~~
/usr/local/include/c++/13.4.0/bits/vector.tcc:381:7: error: no declaration matches 'constexpr std::vector<T, Allocator>::iterator std::vector<T, Allocator>::_M_emplace_aux(const_iterator, _Args&& ...)'
  381 |       vector<_Tp, _Alloc>::
      |       ^~~~~~~~~~~~~~~~~~~
/usr/local/include/c++/13.4.0/bits/vector.tcc:381:7: note: no functions named 'constexpr std::vector<T, Allocator>::iterator std::vector<T, Allocator>::_M_emplace_aux(const_iterator, _Args&& ...)'
./vector.h:15:11: note: 'class std::vector<T, Allocator>' defined here
   15 |     class vector{
      |           ^~~~~~
/usr/local/include/c++/13.4.0/bits/vector.tcc:413:7: error: no declaration matches 'constexpr void std::vector<T, Allocator>::_M_insert_aux(iterator, _Arg&&)'
  413 |       vector<_Tp, _Alloc>::
      |       ^~~~~~~~~~~~~~~~~~~
/usr/local/include/c++/13.4.0/bits/vector.tcc:413:7: note: no functions named 'constexpr void std::vector<T, Allocator>::_M_insert_aux(iterator, _Arg&&)'
./vector.h:15:11: note: 'class std::vector<T, Allocator>' defined here
   15 |     class vector{
      |           ^~~~~~
/usr/local/include/c++/13.4.0/bits/vector.tcc:445:7: error: no declaration matches 'constexpr void std::vector<T, Allocator>::_M_realloc_insert(iterator, _Args&& ...)'
  445 |       vector<_Tp, _Alloc>::
      |       ^~~~~~~~~~~~~~~~~~~
/usr/local/include/c++/13.4.0/bits/vector.tcc:445:7: note: no functions named 'constexpr void std::vector<T, Allocator>::_M_realloc_insert(iterator, _Args&& ...)'
./vector.h:15:11: note: 'class std::vector<T, Allocator>' defined here
   15 |     class vector{
      |           ^~~~~~
/usr/local/include/c++/13.4.0/bits/vector.tcc:529:5: error: no declaration matches 'constexpr void std::vector<T, Allocator>::_M_fill_insert(iterator, size_type, const value_type&)'
  529 |     vector<_Tp, _Alloc>::
      |     ^~~~~~~~~~~~~~~~~~~
/usr/local/include/c++/13.4.0/bits/vector.tcc:529:5: note: no functions named 'constexpr void std::vector<T, Allocator>::_M_fill_insert(iterator, size_type, const value_type&)'
./vector.h:15:11: note: 'class std::vector<T, Allocator>' defined here
   15 |     class vector{
      |           ^~~~~~
/usr/local/include/c++/13.4.0/bits/vector.tcc:634:5: error: no declaration matches 'constexpr void std::vector<T, Allocator>::_M_default_append(size_type)'
  634 |     vector<_Tp, _Alloc>::
      |     ^~~~~~~~~~~~~~~~~~~
/usr/local/include/c++/13.4.0/bits/vector.tcc:634:5: note: no functions named 'constexpr void std::vector<T, Allocator>::_M_default_append(size_type)'
./vector.h:15:11: note: 'class std::vector<T, Allocator>' defined here
   15 |     class vector{
      |           ^~~~~~
/usr/local/include/c++/13.4.0/bits/vector.tcc:715:5: error: no declaration matches 'constexpr bool std::vector<T, Allocator>::_M_shrink_to_fit()'
  715 |     vector<_Tp, _Alloc>::
      |     ^~~~~~~~~~~~~~~~~~~
/usr/local/include/c++/13.4.0/bits/vector.tcc:715:5: note: no functions named 'constexpr bool std::vector<T, Allocator>::_M_shrink_to_fit()'
./vector.h:15:11: note: 'class std::vector<T, Allocator>' defined here
   15 |     class vector{
      |           ^~~~~~
/usr/local/include/c++/13.4.0/bits/vector.tcc:729:7: error: no declaration matches 'constexpr void std::vector<T, Allocator>::_M_range_insert(iterator, _InputIterator, _InputIterator, std::input_iterator_tag)'
  729 |       vector<_Tp, _Alloc>::
      |       ^~~~~~~~~~~~~~~~~~~
/usr/local/include/c++/13.4.0/bits/vector.tcc:729:7: note: no functions named 'constexpr void std::vector<T, Allocator>::_M_range_insert(iterator, _InputIterator, _InputIterator, std::input_iterator_tag)'
./vector.h:15:11: note: 'class std::vector<T, Allocator>' defined here
   15 |     class vector{
      |           ^~~~~~
/usr/local/include/c++/13.4.0/bits/vector.tcc:751:7: error: no declaration matches 'constexpr void std::vector<T, Allocator>::_M_range_insert(iterator, _ForwardIterator, _ForwardIterator, std::forward_iterator_tag)'
  751 |       vector<_Tp, _Alloc>::
      |       ^~~~~~~~~~~~~~~~~~~
/usr/local/include/c++/13.4.0/bits/vector.tcc:751:7: note: no functions named 'constexpr void std::vector<T, Allocator>::_M_range_insert(iterator, _ForwardIterator, _ForwardIterator, std::forward_iterator_tag)'
./vector.h:15:11: note: 'class std::vector<T, Allocator>' defined here
   15 |     class vector{
      |           ^~~~~~
In file included from /usr/local/include/c++/13.4.0/aarch64-linux-gnu/bits/stdc++.h:202:
/usr/local/include/c++/13.4.0/memory_resource:180:26: error: 'vector' in namespace 'std::pmr' does not name a template type
  180 |     _GLIBCXX_STD_C::pmr::vector<_BigBlock> _M_unpooled;
      |                          ^~~~~~
/usr/local/include/c++/13.4.0/memory_resource: In member function 'std::pmr::memory_resource* std::pmr::__pool_resource::resource() const':
/usr/local/include/c++/13.4.0/memory_resource:169:14: error: '_M_unpooled' was not declared in this scope; did you mean '_M_npools'?
  169 |     { return _M_unpooled.get_allocator().resource(); }
      |              ^~~~~~~~~~~
      |              _M_npools
  ✗ COMPILATION FAILED

Testing: gcc_tests/requirements/exception/generation_prohibited.cc
In file included from /usr/local/include/c++/13.4.0/regex:57,
                 from /usr/local/include/c++/13.4.0/aarch64-linux-gnu/bits/stdc++.h:181,
                 from ../testsuite_util/testsuite_container_traits.h:23,
                 from ../testsuite_util/exception/safety.h:23,
                 from gcc_tests/requirements/exception/generation_prohibited.cc:24:
/usr/local/include/c++/13.4.0/bits/stl_vector.h:427:26: error: redefinition of default argument for 'class _Alloc'
  427 |   template<typename _Tp, typename _Alloc = std::allocator<_Tp> >
      |                          ^~~~~~~~
In file included from ./vector:2,
                 from gcc_tests/requirements/exception/generation_prohibited.cc:23:
./vector.h:14:24: note: original definition appeared here
   14 |     template <class T, class Allocator = std::allocator<T>>
      |                        ^~~~~
In file included from /usr/local/include/c++/13.4.0/regex:59:
/usr/local/include/c++/13.4.0/bits/vector.tcc:67:5: error: redefinition of 'constexpr void std::vector<T, Allocator>::reserve(size_type)'
   67 |     vector<_Tp, _Alloc>::
      |     ^~~~~~~~~~~~~~~~~~~
./vector.h:557:24: note: 'constexpr void std::vector<T, Allocator>::reserve(size_type)' previously declared here
  557 |         constexpr void reserve(size_type new_cap){
      |                        ^~~~~~~
/usr/local/include/c++/13.4.0/bits/vector.tcc:111:7: error: redefinition of 'constexpr std::vector<T, Allocator>::value_type& std::vector<T, Allocator>::emplace_back(_Args&& ...)'
  111 |       vector<_Tp, _Alloc>::
      |       ^~~~~~~~~~~~~~~~~~~
./vector.h:893:29: note: 'constexpr std::vector<T, Allocator>::value_type& std::vector<T, Allocator>::emplace_back(Args&& ...)' previously declared here
  893 |         constexpr reference emplace_back(Args&&... args){
      |                             ^~~~~~~~~~~~
/usr/local/include/c++/13.4.0/bits/vector.tcc:133:5: error: redefinition of 'constexpr std::vector<T, Allocator>::iterator std::vector<T, Allocator>::insert(const_iterator, const value_type&)'
  133 |     vector<_Tp, _Alloc>::
      |     ^~~~~~~~~~~~~~~~~~~
./vector.h:593:28: note: 'constexpr std::vector<T, Allocator>::iterator std::vector<T, Allocator>::insert(const_iterator, const T&)' previously declared here
  593 |         constexpr iterator insert(const_iterator pos, const T& value){
      |                            ^~~~~~
/usr/local/include/c++/13.4.0/bits/vector.tcc:181:5: error: no declaration matches 'constexpr std::vector<T, Allocator>::iterator std::vector<T, Allocator>::_M_erase(iterator)'
  181 |     vector<_Tp, _Alloc>::
      |     ^~~~~~~~~~~~~~~~~~~
/usr/local/include/c++/13.4.0/bits/vector.tcc:181:5: note: no functions named 'constexpr std::vector<T, Allocator>::iterator std::vector<T, Allocator>::_M_erase(iterator)'
./vector.h:15:11: note: 'class std::vector<T, Allocator>' defined here
   15 |     class vector{
      |           ^~~~~~
/usr/local/include/c++/13.4.0/bits/vector.tcc:195:5: error: no declaration matches 'constexpr std::vector<T, Allocator>::iterator std::vector<T, Allocator>::_M_erase(iterator, iterator)'
  195 |     vector<_Tp, _Alloc>::
      |     ^~~~~~~~~~~~~~~~~~~
/usr/local/include/c++/13.4.0/bits/vector.tcc:195:5: note: no functions named 'constexpr std::vector<T, Allocator>::iterator std::vector<T, Allocator>::_M_erase(iterator, iterator)'
./vector.h:15:11: note: 'class std::vector<T, Allocator>' defined here
   15 |     class vector{
      |           ^~~~~~
/usr/local/include/c++/13.4.0/bits/vector.tcc:210:5: error: redefinition of 'constexpr std::vector<T, Alloc>& std::vector<T, Allocator>::operator=(const std::vector<T, Allocator>&)'
  210 |     vector<_Tp, _Alloc>::
      |     ^~~~~~~~~~~~~~~~~~~
./vector.h:284:27: note: 'constexpr std::vector<T, Allocator>& std::vector<T, Allocator>::operator=(const std::vector<T, Allocator>&)' previously declared here
  284 |         constexpr vector& operator=(const vector& other){
      |                           ^~~~~~~~
/usr/local/include/c++/13.4.0/bits/vector.tcc:270:5: error: no declaration matches 'constexpr void std::vector<T, Allocator>::_M_fill_assign(std::size_t, const value_type&)'
  270 |     vector<_Tp, _Alloc>::
      |     ^~~~~~~~~~~~~~~~~~~
/usr/local/include/c++/13.4.0/bits/vector.tcc:270:5: note: no functions named 'constexpr void std::vector<T, Allocator>::_M_fill_assign(std::size_t, const value_type&)'
./vector.h:15:11: note: 'class std::vector<T, Allocator>' defined here
   15 |     class vector{
      |           ^~~~~~
/usr/local/include/c++/13.4.0/bits/vector.tcc:296:7: error: no declaration matches 'constexpr void std::vector<T, Allocator>::_M_assign_aux(_InputIterator, _InputIterator, std::input_iterator_tag)'
  296 |       vector<_Tp, _Alloc>::
      |       ^~~~~~~~~~~~~~~~~~~
/usr/local/include/c++/13.4.0/bits/vector.tcc:296:7: note: no functions named 'constexpr void std::vector<T, Allocator>::_M_assign_aux(_InputIterator, _InputIterator, std::input_iterator_tag)'
./vector.h:15:11: note: 'class std::vector<T, Allocator>' defined here
   15 |     class vector{
      |           ^~~~~~
/usr/local/include/c++/13.4.0/bits/vector.tcc:315:7: error: no declaration matches 'constexpr void std::vector<T, Allocator>::_M_assign_aux(_ForwardIterator, _ForwardIterator, std::forward_iterator_tag)'
  315 |       vector<_Tp, _Alloc>::
      |       ^~~~~~~~~~~~~~~~~~~
/usr/local/include/c++/13.4.0/bits/vector.tcc:315:7: note: no functions named 'constexpr void std::vector<T, Allocator>::_M_assign_aux(_ForwardIterator, _ForwardIterator, std::forward_iterator_tag)'
./vector.h:15:11: note: 'class std::vector<T, Allocator>' defined here
   15 |     class vector{
      |           ^~~~~~
/usr/local/include/c++/13.4.0/bits/vector.tcc:356:5: error: no declaration matches 'constexpr std::vector<T, Allocator>::iterator std::vector<T, Allocator>::_M_insert_rval(const_iterator, value_type&&)'
  356 |     vector<_Tp, _Alloc>::
      |     ^~~~~~~~~~~~~~~~~~~
/usr/local/include/c++/13.4.0/bits/vector.tcc:356:5: note: no functions named 'constexpr std::vector<T, Allocator>::iterator std::vector<T, Allocator>::_M_insert_rval(const_iterator, value_type&&)'
./vector.h:15:11: note: 'class std::vector<T, Allocator>' defined here
   15 |     class vector{
      |           ^~~~~~
/usr/local/include/c++/13.4.0/bits/vector.tcc:381:7: error: no declaration matches 'constexpr std::vector<T, Allocator>::iterator std::vector<T, Allocator>::_M_emplace_aux(const_iterator, _Args&& ...)'
  381 |       vector<_Tp, _Alloc>::
      |       ^~~~~~~~~~~~~~~~~~~
/usr/local/include/c++/13.4.0/bits/vector.tcc:381:7: note: no functions named 'constexpr std::vector<T, Allocator>::iterator std::vector<T, Allocator>::_M_emplace_aux(const_iterator, _Args&& ...)'
./vector.h:15:11: note: 'class std::vector<T, Allocator>' defined here
   15 |     class vector{
      |           ^~~~~~
/usr/local/include/c++/13.4.0/bits/vector.tcc:413:7: error: no declaration matches 'constexpr void std::vector<T, Allocator>::_M_insert_aux(iterator, _Arg&&)'
  413 |       vector<_Tp, _Alloc>::
      |       ^~~~~~~~~~~~~~~~~~~
/usr/local/include/c++/13.4.0/bits/vector.tcc:413:7: note: no functions named 'constexpr void std::vector<T, Allocator>::_M_insert_aux(iterator, _Arg&&)'
./vector.h:15:11: note: 'class std::vector<T, Allocator>' defined here
   15 |     class vector{
      |           ^~~~~~
/usr/local/include/c++/13.4.0/bits/vector.tcc:445:7: error: no declaration matches 'constexpr void std::vector<T, Allocator>::_M_realloc_insert(iterator, _Args&& ...)'
  445 |       vector<_Tp, _Alloc>::
      |       ^~~~~~~~~~~~~~~~~~~
/usr/local/include/c++/13.4.0/bits/vector.tcc:445:7: note: no functions named 'constexpr void std::vector<T, Allocator>::_M_realloc_insert(iterator, _Args&& ...)'
./vector.h:15:11: note: 'class std::vector<T, Allocator>' defined here
   15 |     class vector{
      |           ^~~~~~
/usr/local/include/c++/13.4.0/bits/vector.tcc:529:5: error: no declaration matches 'constexpr void std::vector<T, Allocator>::_M_fill_insert(iterator, size_type, const value_type&)'
  529 |     vector<_Tp, _Alloc>::
      |     ^~~~~~~~~~~~~~~~~~~
/usr/local/include/c++/13.4.0/bits/vector.tcc:529:5: note: no functions named 'constexpr void std::vector<T, Allocator>::_M_fill_insert(iterator, size_type, const value_type&)'
./vector.h:15:11: note: 'class std::vector<T, Allocator>' defined here
   15 |     class vector{
      |           ^~~~~~
/usr/local/include/c++/13.4.0/bits/vector.tcc:634:5: error: no declaration matches 'constexpr void std::vector<T, Allocator>::_M_default_append(size_type)'
  634 |     vector<_Tp, _Alloc>::
      |     ^~~~~~~~~~~~~~~~~~~
/usr/local/include/c++/13.4.0/bits/vector.tcc:634:5: note: no functions named 'constexpr void std::vector<T, Allocator>::_M_default_append(size_type)'
./vector.h:15:11: note: 'class std::vector<T, Allocator>' defined here
   15 |     class vector{
      |           ^~~~~~
/usr/local/include/c++/13.4.0/bits/vector.tcc:715:5: error: no declaration matches 'constexpr bool std::vector<T, Allocator>::_M_shrink_to_fit()'
  715 |     vector<_Tp, _Alloc>::
      |     ^~~~~~~~~~~~~~~~~~~
/usr/local/include/c++/13.4.0/bits/vector.tcc:715:5: note: no functions named 'constexpr bool std::vector<T, Allocator>::_M_shrink_to_fit()'
./vector.h:15:11: note: 'class std::vector<T, Allocator>' defined here
   15 |     class vector{
      |           ^~~~~~
/usr/local/include/c++/13.4.0/bits/vector.tcc:729:7: error: no declaration matches 'constexpr void std::vector<T, Allocator>::_M_range_insert(iterator, _InputIterator, _InputIterator, std::input_iterator_tag)'
  729 |       vector<_Tp, _Alloc>::
      |       ^~~~~~~~~~~~~~~~~~~
/usr/local/include/c++/13.4.0/bits/vector.tcc:729:7: note: no functions named 'constexpr void std::vector<T, Allocator>::_M_range_insert(iterator, _InputIterator, _InputIterator, std::input_iterator_tag)'
./vector.h:15:11: note: 'class std::vector<T, Allocator>' defined here
   15 |     class vector{
      |           ^~~~~~
/usr/local/include/c++/13.4.0/bits/vector.tcc:751:7: error: no declaration matches 'constexpr void std::vector<T, Allocator>::_M_range_insert(iterator, _ForwardIterator, _ForwardIterator, std::forward_iterator_tag)'
  751 |       vector<_Tp, _Alloc>::
      |       ^~~~~~~~~~~~~~~~~~~
/usr/local/include/c++/13.4.0/bits/vector.tcc:751:7: note: no functions named 'constexpr void std::vector<T, Allocator>::_M_range_insert(iterator, _ForwardIterator, _ForwardIterator, std::forward_iterator_tag)'
./vector.h:15:11: note: 'class std::vector<T, Allocator>' defined here
   15 |     class vector{
      |           ^~~~~~
In file included from /usr/local/include/c++/13.4.0/aarch64-linux-gnu/bits/stdc++.h:202:
/usr/local/include/c++/13.4.0/memory_resource:180:26: error: 'vector' in namespace 'std::pmr' does not name a template type
  180 |     _GLIBCXX_STD_C::pmr::vector<_BigBlock> _M_unpooled;
      |                          ^~~~~~
/usr/local/include/c++/13.4.0/memory_resource: In member function 'std::pmr::memory_resource* std::pmr::__pool_resource::resource() const':
/usr/local/include/c++/13.4.0/memory_resource:169:14: error: '_M_unpooled' was not declared in this scope; did you mean '_M_npools'?
  169 |     { return _M_unpooled.get_allocator().resource(); }
      |              ^~~~~~~~~~~
      |              _M_npools
  ✗ COMPILATION FAILED

Testing: gcc_tests/requirements/exception/basic.cc
In file included from /usr/local/include/c++/13.4.0/regex:57,
                 from /usr/local/include/c++/13.4.0/aarch64-linux-gnu/bits/stdc++.h:181,
                 from ../testsuite_util/testsuite_container_traits.h:23,
                 from ../testsuite_util/exception/safety.h:23,
                 from gcc_tests/requirements/exception/basic.cc:24:
/usr/local/include/c++/13.4.0/bits/stl_vector.h:427:26: error: redefinition of default argument for 'class _Alloc'
  427 |   template<typename _Tp, typename _Alloc = std::allocator<_Tp> >
      |                          ^~~~~~~~
In file included from ./vector:2,
                 from gcc_tests/requirements/exception/basic.cc:23:
./vector.h:14:24: note: original definition appeared here
   14 |     template <class T, class Allocator = std::allocator<T>>
      |                        ^~~~~
In file included from /usr/local/include/c++/13.4.0/regex:59:
/usr/local/include/c++/13.4.0/bits/vector.tcc:67:5: error: redefinition of 'constexpr void std::vector<T, Allocator>::reserve(size_type)'
   67 |     vector<_Tp, _Alloc>::
      |     ^~~~~~~~~~~~~~~~~~~
./vector.h:557:24: note: 'constexpr void std::vector<T, Allocator>::reserve(size_type)' previously declared here
  557 |         constexpr void reserve(size_type new_cap){
      |                        ^~~~~~~
/usr/local/include/c++/13.4.0/bits/vector.tcc:111:7: error: redefinition of 'constexpr std::vector<T, Allocator>::value_type& std::vector<T, Allocator>::emplace_back(_Args&& ...)'
  111 |       vector<_Tp, _Alloc>::
      |       ^~~~~~~~~~~~~~~~~~~
./vector.h:893:29: note: 'constexpr std::vector<T, Allocator>::value_type& std::vector<T, Allocator>::emplace_back(Args&& ...)' previously declared here
  893 |         constexpr reference emplace_back(Args&&... args){
      |                             ^~~~~~~~~~~~
/usr/local/include/c++/13.4.0/bits/vector.tcc:133:5: error: redefinition of 'constexpr std::vector<T, Allocator>::iterator std::vector<T, Allocator>::insert(const_iterator, const value_type&)'
  133 |     vector<_Tp, _Alloc>::
      |     ^~~~~~~~~~~~~~~~~~~
./vector.h:593:28: note: 'constexpr std::vector<T, Allocator>::iterator std::vector<T, Allocator>::insert(const_iterator, const T&)' previously declared here
  593 |         constexpr iterator insert(const_iterator pos, const T& value){
      |                            ^~~~~~
/usr/local/include/c++/13.4.0/bits/vector.tcc:181:5: error: no declaration matches 'constexpr std::vector<T, Allocator>::iterator std::vector<T, Allocator>::_M_erase(iterator)'
  181 |     vector<_Tp, _Alloc>::
      |     ^~~~~~~~~~~~~~~~~~~
/usr/local/include/c++/13.4.0/bits/vector.tcc:181:5: note: no functions named 'constexpr std::vector<T, Allocator>::iterator std::vector<T, Allocator>::_M_erase(iterator)'
./vector.h:15:11: note: 'class std::vector<T, Allocator>' defined here
   15 |     class vector{
      |           ^~~~~~
/usr/local/include/c++/13.4.0/bits/vector.tcc:195:5: error: no declaration matches 'constexpr std::vector<T, Allocator>::iterator std::vector<T, Allocator>::_M_erase(iterator, iterator)'
  195 |     vector<_Tp, _Alloc>::
      |     ^~~~~~~~~~~~~~~~~~~
/usr/local/include/c++/13.4.0/bits/vector.tcc:195:5: note: no functions named 'constexpr std::vector<T, Allocator>::iterator std::vector<T, Allocator>::_M_erase(iterator, iterator)'
./vector.h:15:11: note: 'class std::vector<T, Allocator>' defined here
   15 |     class vector{
      |           ^~~~~~
/usr/local/include/c++/13.4.0/bits/vector.tcc:210:5: error: redefinition of 'constexpr std::vector<T, Alloc>& std::vector<T, Allocator>::operator=(const std::vector<T, Allocator>&)'
  210 |     vector<_Tp, _Alloc>::
      |     ^~~~~~~~~~~~~~~~~~~
./vector.h:284:27: note: 'constexpr std::vector<T, Allocator>& std::vector<T, Allocator>::operator=(const std::vector<T, Allocator>&)' previously declared here
  284 |         constexpr vector& operator=(const vector& other){
      |                           ^~~~~~~~
/usr/local/include/c++/13.4.0/bits/vector.tcc:270:5: error: no declaration matches 'constexpr void std::vector<T, Allocator>::_M_fill_assign(std::size_t, const value_type&)'
  270 |     vector<_Tp, _Alloc>::
      |     ^~~~~~~~~~~~~~~~~~~
/usr/local/include/c++/13.4.0/bits/vector.tcc:270:5: note: no functions named 'constexpr void std::vector<T, Allocator>::_M_fill_assign(std::size_t, const value_type&)'
./vector.h:15:11: note: 'class std::vector<T, Allocator>' defined here
   15 |     class vector{
      |           ^~~~~~
/usr/local/include/c++/13.4.0/bits/vector.tcc:296:7: error: no declaration matches 'constexpr void std::vector<T, Allocator>::_M_assign_aux(_InputIterator, _InputIterator, std::input_iterator_tag)'
  296 |       vector<_Tp, _Alloc>::
      |       ^~~~~~~~~~~~~~~~~~~
/usr/local/include/c++/13.4.0/bits/vector.tcc:296:7: note: no functions named 'constexpr void std::vector<T, Allocator>::_M_assign_aux(_InputIterator, _InputIterator, std::input_iterator_tag)'
./vector.h:15:11: note: 'class std::vector<T, Allocator>' defined here
   15 |     class vector{
      |           ^~~~~~
/usr/local/include/c++/13.4.0/bits/vector.tcc:315:7: error: no declaration matches 'constexpr void std::vector<T, Allocator>::_M_assign_aux(_ForwardIterator, _ForwardIterator, std::forward_iterator_tag)'
  315 |       vector<_Tp, _Alloc>::
      |       ^~~~~~~~~~~~~~~~~~~
/usr/local/include/c++/13.4.0/bits/vector.tcc:315:7: note: no functions named 'constexpr void std::vector<T, Allocator>::_M_assign_aux(_ForwardIterator, _ForwardIterator, std::forward_iterator_tag)'
./vector.h:15:11: note: 'class std::vector<T, Allocator>' defined here
   15 |     class vector{
      |           ^~~~~~
/usr/local/include/c++/13.4.0/bits/vector.tcc:356:5: error: no declaration matches 'constexpr std::vector<T, Allocator>::iterator std::vector<T, Allocator>::_M_insert_rval(const_iterator, value_type&&)'
  356 |     vector<_Tp, _Alloc>::
      |     ^~~~~~~~~~~~~~~~~~~
/usr/local/include/c++/13.4.0/bits/vector.tcc:356:5: note: no functions named 'constexpr std::vector<T, Allocator>::iterator std::vector<T, Allocator>::_M_insert_rval(const_iterator, value_type&&)'
./vector.h:15:11: note: 'class std::vector<T, Allocator>' defined here
   15 |     class vector{
      |           ^~~~~~
/usr/local/include/c++/13.4.0/bits/vector.tcc:381:7: error: no declaration matches 'constexpr std::vector<T, Allocator>::iterator std::vector<T, Allocator>::_M_emplace_aux(const_iterator, _Args&& ...)'
  381 |       vector<_Tp, _Alloc>::
      |       ^~~~~~~~~~~~~~~~~~~
/usr/local/include/c++/13.4.0/bits/vector.tcc:381:7: note: no functions named 'constexpr std::vector<T, Allocator>::iterator std::vector<T, Allocator>::_M_emplace_aux(const_iterator, _Args&& ...)'
./vector.h:15:11: note: 'class std::vector<T, Allocator>' defined here
   15 |     class vector{
      |           ^~~~~~
/usr/local/include/c++/13.4.0/bits/vector.tcc:413:7: error: no declaration matches 'constexpr void std::vector<T, Allocator>::_M_insert_aux(iterator, _Arg&&)'
  413 |       vector<_Tp, _Alloc>::
      |       ^~~~~~~~~~~~~~~~~~~
/usr/local/include/c++/13.4.0/bits/vector.tcc:413:7: note: no functions named 'constexpr void std::vector<T, Allocator>::_M_insert_aux(iterator, _Arg&&)'
./vector.h:15:11: note: 'class std::vector<T, Allocator>' defined here
   15 |     class vector{
      |           ^~~~~~
/usr/local/include/c++/13.4.0/bits/vector.tcc:445:7: error: no declaration matches 'constexpr void std::vector<T, Allocator>::_M_realloc_insert(iterator, _Args&& ...)'
  445 |       vector<_Tp, _Alloc>::
      |       ^~~~~~~~~~~~~~~~~~~
/usr/local/include/c++/13.4.0/bits/vector.tcc:445:7: note: no functions named 'constexpr void std::vector<T, Allocator>::_M_realloc_insert(iterator, _Args&& ...)'
./vector.h:15:11: note: 'class std::vector<T, Allocator>' defined here
   15 |     class vector{
      |           ^~~~~~
/usr/local/include/c++/13.4.0/bits/vector.tcc:529:5: error: no declaration matches 'constexpr void std::vector<T, Allocator>::_M_fill_insert(iterator, size_type, const value_type&)'
  529 |     vector<_Tp, _Alloc>::
      |     ^~~~~~~~~~~~~~~~~~~
/usr/local/include/c++/13.4.0/bits/vector.tcc:529:5: note: no functions named 'constexpr void std::vector<T, Allocator>::_M_fill_insert(iterator, size_type, const value_type&)'
./vector.h:15:11: note: 'class std::vector<T, Allocator>' defined here
   15 |     class vector{
      |           ^~~~~~
/usr/local/include/c++/13.4.0/bits/vector.tcc:634:5: error: no declaration matches 'constexpr void std::vector<T, Allocator>::_M_default_append(size_type)'
  634 |     vector<_Tp, _Alloc>::
      |     ^~~~~~~~~~~~~~~~~~~
/usr/local/include/c++/13.4.0/bits/vector.tcc:634:5: note: no functions named 'constexpr void std::vector<T, Allocator>::_M_default_append(size_type)'
./vector.h:15:11: note: 'class std::vector<T, Allocator>' defined here
   15 |     class vector{
      |           ^~~~~~
/usr/local/include/c++/13.4.0/bits/vector.tcc:715:5: error: no declaration matches 'constexpr bool std::vector<T, Allocator>::_M_shrink_to_fit()'
  715 |     vector<_Tp, _Alloc>::
      |     ^~~~~~~~~~~~~~~~~~~
/usr/local/include/c++/13.4.0/bits/vector.tcc:715:5: note: no functions named 'constexpr bool std::vector<T, Allocator>::_M_shrink_to_fit()'
./vector.h:15:11: note: 'class std::vector<T, Allocator>' defined here
   15 |     class vector{
      |           ^~~~~~
/usr/local/include/c++/13.4.0/bits/vector.tcc:729:7: error: no declaration matches 'constexpr void std::vector<T, Allocator>::_M_range_insert(iterator, _InputIterator, _InputIterator, std::input_iterator_tag)'
  729 |       vector<_Tp, _Alloc>::
      |       ^~~~~~~~~~~~~~~~~~~
/usr/local/include/c++/13.4.0/bits/vector.tcc:729:7: note: no functions named 'constexpr void std::vector<T, Allocator>::_M_range_insert(iterator, _InputIterator, _InputIterator, std::input_iterator_tag)'
./vector.h:15:11: note: 'class std::vector<T, Allocator>' defined here
   15 |     class vector{
      |           ^~~~~~
/usr/local/include/c++/13.4.0/bits/vector.tcc:751:7: error: no declaration matches 'constexpr void std::vector<T, Allocator>::_M_range_insert(iterator, _ForwardIterator, _ForwardIterator, std::forward_iterator_tag)'
  751 |       vector<_Tp, _Alloc>::
      |       ^~~~~~~~~~~~~~~~~~~
/usr/local/include/c++/13.4.0/bits/vector.tcc:751:7: note: no functions named 'constexpr void std::vector<T, Allocator>::_M_range_insert(iterator, _ForwardIterator, _ForwardIterator, std::forward_iterator_tag)'
./vector.h:15:11: note: 'class std::vector<T, Allocator>' defined here
   15 |     class vector{
      |           ^~~~~~
In file included from /usr/local/include/c++/13.4.0/aarch64-linux-gnu/bits/stdc++.h:202:
/usr/local/include/c++/13.4.0/memory_resource:180:26: error: 'vector' in namespace 'std::pmr' does not name a template type
  180 |     _GLIBCXX_STD_C::pmr::vector<_BigBlock> _M_unpooled;
      |                          ^~~~~~
/usr/local/include/c++/13.4.0/memory_resource: In member function 'std::pmr::memory_resource* std::pmr::__pool_resource::resource() const':
/usr/local/include/c++/13.4.0/memory_resource:169:14: error: '_M_unpooled' was not declared in this scope; did you mean '_M_npools'?
  169 |     { return _M_unpooled.get_allocator().resource(); }
      |              ^~~~~~~~~~~
      |              _M_npools
  ✗ COMPILATION FAILED

Testing: gcc_tests/requirements/version.cc
  ✓ PASSED (compile-only)

Testing: gcc_tests/requirements/citerators.cc
In file included from /usr/local/include/c++/13.4.0/regex:57,
                 from /usr/local/include/c++/13.4.0/aarch64-linux-gnu/bits/stdc++.h:181,
                 from ../testsuite_util/testsuite_container_traits.h:23,
                 from ../testsuite_util/testsuite_containers.h:26,
                 from gcc_tests/requirements/citerators.cc:23:
/usr/local/include/c++/13.4.0/bits/stl_vector.h:427:26: error: redefinition of default argument for 'class _Alloc'
  427 |   template<typename _Tp, typename _Alloc = std::allocator<_Tp> >
      |                          ^~~~~~~~
In file included from ./vector:2,
                 from gcc_tests/requirements/citerators.cc:22:
./vector.h:14:24: note: original definition appeared here
   14 |     template <class T, class Allocator = std::allocator<T>>
      |                        ^~~~~
In file included from /usr/local/include/c++/13.4.0/regex:59:
/usr/local/include/c++/13.4.0/bits/vector.tcc:67:5: error: redefinition of 'constexpr void std::vector<T, Allocator>::reserve(size_type)'
   67 |     vector<_Tp, _Alloc>::
      |     ^~~~~~~~~~~~~~~~~~~
./vector.h:557:24: note: 'constexpr void std::vector<T, Allocator>::reserve(size_type)' previously declared here
  557 |         constexpr void reserve(size_type new_cap){
      |                        ^~~~~~~
/usr/local/include/c++/13.4.0/bits/vector.tcc:111:7: error: redefinition of 'constexpr std::vector<T, Allocator>::value_type& std::vector<T, Allocator>::emplace_back(_Args&& ...)'
  111 |       vector<_Tp, _Alloc>::
      |       ^~~~~~~~~~~~~~~~~~~
./vector.h:893:29: note: 'constexpr std::vector<T, Allocator>::value_type& std::vector<T, Allocator>::emplace_back(Args&& ...)' previously declared here
  893 |         constexpr reference emplace_back(Args&&... args){
      |                             ^~~~~~~~~~~~
/usr/local/include/c++/13.4.0/bits/vector.tcc:133:5: error: redefinition of 'constexpr std::vector<T, Allocator>::iterator std::vector<T, Allocator>::insert(const_iterator, const value_type&)'
  133 |     vector<_Tp, _Alloc>::
      |     ^~~~~~~~~~~~~~~~~~~
./vector.h:593:28: note: 'constexpr std::vector<T, Allocator>::iterator std::vector<T, Allocator>::insert(const_iterator, const T&)' previously declared here
  593 |         constexpr iterator insert(const_iterator pos, const T& value){
      |                            ^~~~~~
/usr/local/include/c++/13.4.0/bits/vector.tcc:181:5: error: no declaration matches 'constexpr std::vector<T, Allocator>::iterator std::vector<T, Allocator>::_M_erase(iterator)'
  181 |     vector<_Tp, _Alloc>::
      |     ^~~~~~~~~~~~~~~~~~~
/usr/local/include/c++/13.4.0/bits/vector.tcc:181:5: note: no functions named 'constexpr std::vector<T, Allocator>::iterator std::vector<T, Allocator>::_M_erase(iterator)'
./vector.h:15:11: note: 'class std::vector<T, Allocator>' defined here
   15 |     class vector{
      |           ^~~~~~
/usr/local/include/c++/13.4.0/bits/vector.tcc:195:5: error: no declaration matches 'constexpr std::vector<T, Allocator>::iterator std::vector<T, Allocator>::_M_erase(iterator, iterator)'
  195 |     vector<_Tp, _Alloc>::
      |     ^~~~~~~~~~~~~~~~~~~
/usr/local/include/c++/13.4.0/bits/vector.tcc:195:5: note: no functions named 'constexpr std::vector<T, Allocator>::iterator std::vector<T, Allocator>::_M_erase(iterator, iterator)'
./vector.h:15:11: note: 'class std::vector<T, Allocator>' defined here
   15 |     class vector{
      |           ^~~~~~
/usr/local/include/c++/13.4.0/bits/vector.tcc:210:5: error: redefinition of 'constexpr std::vector<T, Alloc>& std::vector<T, Allocator>::operator=(const std::vector<T, Allocator>&)'
  210 |     vector<_Tp, _Alloc>::
      |     ^~~~~~~~~~~~~~~~~~~
./vector.h:284:27: note: 'constexpr std::vector<T, Allocator>& std::vector<T, Allocator>::operator=(const std::vector<T, Allocator>&)' previously declared here
  284 |         constexpr vector& operator=(const vector& other){
      |                           ^~~~~~~~
/usr/local/include/c++/13.4.0/bits/vector.tcc:270:5: error: no declaration matches 'constexpr void std::vector<T, Allocator>::_M_fill_assign(std::size_t, const value_type&)'
  270 |     vector<_Tp, _Alloc>::
      |     ^~~~~~~~~~~~~~~~~~~
/usr/local/include/c++/13.4.0/bits/vector.tcc:270:5: note: no functions named 'constexpr void std::vector<T, Allocator>::_M_fill_assign(std::size_t, const value_type&)'
./vector.h:15:11: note: 'class std::vector<T, Allocator>' defined here
   15 |     class vector{
      |           ^~~~~~
/usr/local/include/c++/13.4.0/bits/vector.tcc:296:7: error: no declaration matches 'constexpr void std::vector<T, Allocator>::_M_assign_aux(_InputIterator, _InputIterator, std::input_iterator_tag)'
  296 |       vector<_Tp, _Alloc>::
      |       ^~~~~~~~~~~~~~~~~~~
/usr/local/include/c++/13.4.0/bits/vector.tcc:296:7: note: no functions named 'constexpr void std::vector<T, Allocator>::_M_assign_aux(_InputIterator, _InputIterator, std::input_iterator_tag)'
./vector.h:15:11: note: 'class std::vector<T, Allocator>' defined here
   15 |     class vector{
      |           ^~~~~~
/usr/local/include/c++/13.4.0/bits/vector.tcc:315:7: error: no declaration matches 'constexpr void std::vector<T, Allocator>::_M_assign_aux(_ForwardIterator, _ForwardIterator, std::forward_iterator_tag)'
  315 |       vector<_Tp, _Alloc>::
      |       ^~~~~~~~~~~~~~~~~~~
/usr/local/include/c++/13.4.0/bits/vector.tcc:315:7: note: no functions named 'constexpr void std::vector<T, Allocator>::_M_assign_aux(_ForwardIterator, _ForwardIterator, std::forward_iterator_tag)'
./vector.h:15:11: note: 'class std::vector<T, Allocator>' defined here
   15 |     class vector{
      |           ^~~~~~
/usr/local/include/c++/13.4.0/bits/vector.tcc:356:5: error: no declaration matches 'constexpr std::vector<T, Allocator>::iterator std::vector<T, Allocator>::_M_insert_rval(const_iterator, value_type&&)'
  356 |     vector<_Tp, _Alloc>::
      |     ^~~~~~~~~~~~~~~~~~~
/usr/local/include/c++/13.4.0/bits/vector.tcc:356:5: note: no functions named 'constexpr std::vector<T, Allocator>::iterator std::vector<T, Allocator>::_M_insert_rval(const_iterator, value_type&&)'
./vector.h:15:11: note: 'class std::vector<T, Allocator>' defined here
   15 |     class vector{
      |           ^~~~~~
/usr/local/include/c++/13.4.0/bits/vector.tcc:381:7: error: no declaration matches 'constexpr std::vector<T, Allocator>::iterator std::vector<T, Allocator>::_M_emplace_aux(const_iterator, _Args&& ...)'
  381 |       vector<_Tp, _Alloc>::
      |       ^~~~~~~~~~~~~~~~~~~
/usr/local/include/c++/13.4.0/bits/vector.tcc:381:7: note: no functions named 'constexpr std::vector<T, Allocator>::iterator std::vector<T, Allocator>::_M_emplace_aux(const_iterator, _Args&& ...)'
./vector.h:15:11: note: 'class std::vector<T, Allocator>' defined here
   15 |     class vector{
      |           ^~~~~~
/usr/local/include/c++/13.4.0/bits/vector.tcc:413:7: error: no declaration matches 'constexpr void std::vector<T, Allocator>::_M_insert_aux(iterator, _Arg&&)'
  413 |       vector<_Tp, _Alloc>::
      |       ^~~~~~~~~~~~~~~~~~~
/usr/local/include/c++/13.4.0/bits/vector.tcc:413:7: note: no functions named 'constexpr void std::vector<T, Allocator>::_M_insert_aux(iterator, _Arg&&)'
./vector.h:15:11: note: 'class std::vector<T, Allocator>' defined here
   15 |     class vector{
      |           ^~~~~~
/usr/local/include/c++/13.4.0/bits/vector.tcc:445:7: error: no declaration matches 'constexpr void std::vector<T, Allocator>::_M_realloc_insert(iterator, _Args&& ...)'
  445 |       vector<_Tp, _Alloc>::
      |       ^~~~~~~~~~~~~~~~~~~
/usr/local/include/c++/13.4.0/bits/vector.tcc:445:7: note: no functions named 'constexpr void std::vector<T, Allocator>::_M_realloc_insert(iterator, _Args&& ...)'
./vector.h:15:11: note: 'class std::vector<T, Allocator>' defined here
   15 |     class vector{
      |           ^~~~~~
/usr/local/include/c++/13.4.0/bits/vector.tcc:529:5: error: no declaration matches 'constexpr void std::vector<T, Allocator>::_M_fill_insert(iterator, size_type, const value_type&)'
  529 |     vector<_Tp, _Alloc>::
      |     ^~~~~~~~~~~~~~~~~~~
/usr/local/include/c++/13.4.0/bits/vector.tcc:529:5: note: no functions named 'constexpr void std::vector<T, Allocator>::_M_fill_insert(iterator, size_type, const value_type&)'
./vector.h:15:11: note: 'class std::vector<T, Allocator>' defined here
   15 |     class vector{
      |           ^~~~~~
/usr/local/include/c++/13.4.0/bits/vector.tcc:634:5: error: no declaration matches 'constexpr void std::vector<T, Allocator>::_M_default_append(size_type)'
  634 |     vector<_Tp, _Alloc>::
      |     ^~~~~~~~~~~~~~~~~~~
/usr/local/include/c++/13.4.0/bits/vector.tcc:634:5: note: no functions named 'constexpr void std::vector<T, Allocator>::_M_default_append(size_type)'
./vector.h:15:11: note: 'class std::vector<T, Allocator>' defined here
   15 |     class vector{
      |           ^~~~~~
/usr/local/include/c++/13.4.0/bits/vector.tcc:715:5: error: no declaration matches 'constexpr bool std::vector<T, Allocator>::_M_shrink_to_fit()'
  715 |     vector<_Tp, _Alloc>::
      |     ^~~~~~~~~~~~~~~~~~~
/usr/local/include/c++/13.4.0/bits/vector.tcc:715:5: note: no functions named 'constexpr bool std::vector<T, Allocator>::_M_shrink_to_fit()'
./vector.h:15:11: note: 'class std::vector<T, Allocator>' defined here
   15 |     class vector{
      |           ^~~~~~
/usr/local/include/c++/13.4.0/bits/vector.tcc:729:7: error: no declaration matches 'constexpr void std::vector<T, Allocator>::_M_range_insert(iterator, _InputIterator, _InputIterator, std::input_iterator_tag)'
  729 |       vector<_Tp, _Alloc>::
      |       ^~~~~~~~~~~~~~~~~~~
/usr/local/include/c++/13.4.0/bits/vector.tcc:729:7: note: no functions named 'constexpr void std::vector<T, Allocator>::_M_range_insert(iterator, _InputIterator, _InputIterator, std::input_iterator_tag)'
./vector.h:15:11: note: 'class std::vector<T, Allocator>' defined here
   15 |     class vector{
      |           ^~~~~~
/usr/local/include/c++/13.4.0/bits/vector.tcc:751:7: error: no declaration matches 'constexpr void std::vector<T, Allocator>::_M_range_insert(iterator, _ForwardIterator, _ForwardIterator, std::forward_iterator_tag)'
  751 |       vector<_Tp, _Alloc>::
      |       ^~~~~~~~~~~~~~~~~~~
/usr/local/include/c++/13.4.0/bits/vector.tcc:751:7: note: no functions named 'constexpr void std::vector<T, Allocator>::_M_range_insert(iterator, _ForwardIterator, _ForwardIterator, std::forward_iterator_tag)'
./vector.h:15:11: note: 'class std::vector<T, Allocator>' defined here
   15 |     class vector{
      |           ^~~~~~
In file included from /usr/local/include/c++/13.4.0/aarch64-linux-gnu/bits/stdc++.h:202:
/usr/local/include/c++/13.4.0/memory_resource:180:26: error: 'vector' in namespace 'std::pmr' does not name a template type
  180 |     _GLIBCXX_STD_C::pmr::vector<_BigBlock> _M_unpooled;
      |                          ^~~~~~
/usr/local/include/c++/13.4.0/memory_resource: In member function 'std::pmr::memory_resource* std::pmr::__pool_resource::resource() const':
/usr/local/include/c++/13.4.0/memory_resource:169:14: error: '_M_unpooled' was not declared in this scope; did you mean '_M_npools'?
  169 |     { return _M_unpooled.get_allocator().resource(); }
      |              ^~~~~~~~~~~
      |              _M_npools
  ✗ COMPILATION FAILED

Testing: gcc_tests/18604.cc
  ✓ PASSED (compile-only)

Testing: gcc_tests/26142-1.cc
  ✓ PASSED (compile-only)

Testing: gcc_tests/capacity/8230.cc
  ✓ PASSED

Testing: gcc_tests/capacity/29134-2.cc
  ✓ PASSED

Testing: gcc_tests/capacity/shrink_to_fit2.cc
  ✓ PASSED

Testing: gcc_tests/capacity/constexpr.cc
  ✓ PASSED (compile-only)

Testing: gcc_tests/capacity/max_size.cc
  ✓ PASSED

Testing: gcc_tests/capacity/1.cc
  ✓ PASSED

Testing: gcc_tests/capacity/2.cc
/usr/bin/ld: /tmp/cclI8xvW.o: in function `__gnu_test::copy_constructor::count()':
2.cc:(.text._ZN10__gnu_test16copy_constructor5countEv[_ZN10__gnu_test16copy_constructor5countEv]+0x0): undefined reference to `__gnu_test::copy_constructor::count_'
/usr/bin/ld: 2.cc:(.text._ZN10__gnu_test16copy_constructor5countEv[_ZN10__gnu_test16copy_constructor5countEv]+0x4): undefined reference to `__gnu_test::copy_constructor::count_'
/usr/bin/ld: /tmp/cclI8xvW.o: in function `__gnu_test::copy_constructor::mark_call()':
2.cc:(.text._ZN10__gnu_test16copy_constructor9mark_callEv[_ZN10__gnu_test16copy_constructor9mark_callEv]+0x8): undefined reference to `__gnu_test::copy_constructor::count_'
/usr/bin/ld: 2.cc:(.text._ZN10__gnu_test16copy_constructor9mark_callEv[_ZN10__gnu_test16copy_constructor9mark_callEv]+0xc): undefined reference to `__gnu_test::copy_constructor::count_'
/usr/bin/ld: 2.cc:(.text._ZN10__gnu_test16copy_constructor9mark_callEv[_ZN10__gnu_test16copy_constructor9mark_callEv]+0x18): undefined reference to `__gnu_test::copy_constructor::count_'
/usr/bin/ld: /tmp/cclI8xvW.o:2.cc:(.text._ZN10__gnu_test16copy_constructor9mark_callEv[_ZN10__gnu_test16copy_constructor9mark_callEv]+0x1c): more undefined references to `__gnu_test::copy_constructor::count_' follow
/usr/bin/ld: /tmp/cclI8xvW.o: in function `__gnu_test::copy_constructor::mark_call()':
2.cc:(.text._ZN10__gnu_test16copy_constructor9mark_callEv[_ZN10__gnu_test16copy_constructor9mark_callEv]+0x30): undefined reference to `__gnu_test::copy_constructor::throw_on_'
/usr/bin/ld: 2.cc:(.text._ZN10__gnu_test16copy_constructor9mark_callEv[_ZN10__gnu_test16copy_constructor9mark_callEv]+0x34): undefined reference to `__gnu_test::copy_constructor::throw_on_'
/usr/bin/ld: /tmp/cclI8xvW.o: in function `__gnu_test::copy_constructor::reset()':
2.cc:(.text._ZN10__gnu_test16copy_constructor5resetEv[_ZN10__gnu_test16copy_constructor5resetEv]+0x0): undefined reference to `__gnu_test::copy_constructor::count_'
/usr/bin/ld: 2.cc:(.text._ZN10__gnu_test16copy_constructor5resetEv[_ZN10__gnu_test16copy_constructor5resetEv]+0x4): undefined reference to `__gnu_test::copy_constructor::count_'
/usr/bin/ld: 2.cc:(.text._ZN10__gnu_test16copy_constructor5resetEv[_ZN10__gnu_test16copy_constructor5resetEv]+0xc): undefined reference to `__gnu_test::copy_constructor::throw_on_'
/usr/bin/ld: 2.cc:(.text._ZN10__gnu_test16copy_constructor5resetEv[_ZN10__gnu_test16copy_constructor5resetEv]+0x10): undefined reference to `__gnu_test::copy_constructor::throw_on_'
/usr/bin/ld: /tmp/cclI8xvW.o: in function `__gnu_test::copy_constructor::throw_on(unsigned int)':
2.cc:(.text._ZN10__gnu_test16copy_constructor8throw_onEj[_ZN10__gnu_test16copy_constructor8throw_onEj]+0x8): undefined reference to `__gnu_test::copy_constructor::throw_on_'
/usr/bin/ld: 2.cc:(.text._ZN10__gnu_test16copy_constructor8throw_onEj[_ZN10__gnu_test16copy_constructor8throw_onEj]+0xc): undefined reference to `__gnu_test::copy_constructor::throw_on_'
/usr/bin/ld: /tmp/cclI8xvW.o: in function `__gnu_test::assignment_operator::reset()':
2.cc:(.text._ZN10__gnu_test19assignment_operator5resetEv[_ZN10__gnu_test19assignment_operator5resetEv]+0x0): undefined reference to `__gnu_test::assignment_operator::count_'
/usr/bin/ld: 2.cc:(.text._ZN10__gnu_test19assignment_operator5resetEv[_ZN10__gnu_test19assignment_operator5resetEv]+0x4): undefined reference to `__gnu_test::assignment_operator::count_'
/usr/bin/ld: 2.cc:(.text._ZN10__gnu_test19assignment_operator5resetEv[_ZN10__gnu_test19assignment_operator5resetEv]+0xc): undefined reference to `__gnu_test::assignment_operator::throw_on_'
/usr/bin/ld: 2.cc:(.text._ZN10__gnu_test19assignment_operator5resetEv[_ZN10__gnu_test19assignment_operator5resetEv]+0x10): undefined reference to `__gnu_test::assignment_operator::throw_on_'
/usr/bin/ld: /tmp/cclI8xvW.o: in function `__gnu_test::destructor::count()':
2.cc:(.text._ZN10__gnu_test10destructor5countEv[_ZN10__gnu_test10destructor5countEv]+0x0): undefined reference to `__gnu_test::destructor::_M_count'
/usr/bin/ld: 2.cc:(.text._ZN10__gnu_test10destructor5countEv[_ZN10__gnu_test10destructor5countEv]+0x4): undefined reference to `__gnu_test::destructor::_M_count'
/usr/bin/ld: /tmp/cclI8xvW.o: in function `__gnu_test::destructor::mark_call()':
2.cc:(.text._ZN10__gnu_test10destructor9mark_callEv[_ZN10__gnu_test10destructor9mark_callEv]+0x0): undefined reference to `__gnu_test::destructor::_M_count'
/usr/bin/ld: 2.cc:(.text._ZN10__gnu_test10destructor9mark_callEv[_ZN10__gnu_test10destructor9mark_callEv]+0x4): undefined reference to `__gnu_test::destructor::_M_count'
/usr/bin/ld: 2.cc:(.text._ZN10__gnu_test10destructor9mark_callEv[_ZN10__gnu_test10destructor9mark_callEv]+0x10): undefined reference to `__gnu_test::destructor::_M_count'
/usr/bin/ld: /tmp/cclI8xvW.o:2.cc:(.text._ZN10__gnu_test10destructor9mark_callEv[_ZN10__gnu_test10destructor9mark_callEv]+0x14): more undefined references to `__gnu_test::destructor::_M_count' follow
/usr/bin/ld: /tmp/cclI8xvW.o: in function `__gnu_test::tracker_allocator_counter::allocate(unsigned long)':
2.cc:(.text._ZN10__gnu_test25tracker_allocator_counter8allocateEm[_ZN10__gnu_test25tracker_allocator_counter8allocateEm]+0x8): undefined reference to `__gnu_test::tracker_allocator_counter::allocationCount_'
/usr/bin/ld: 2.cc:(.text._ZN10__gnu_test25tracker_allocator_counter8allocateEm[_ZN10__gnu_test25tracker_allocator_counter8allocateEm]+0xc): undefined reference to `__gnu_test::tracker_allocator_counter::allocationCount_'
/usr/bin/ld: 2.cc:(.text._ZN10__gnu_test25tracker_allocator_counter8allocateEm[_ZN10__gnu_test25tracker_allocator_counter8allocateEm]+0x1c): undefined reference to `__gnu_test::tracker_allocator_counter::allocationCount_'
/usr/bin/ld: 2.cc:(.text._ZN10__gnu_test25tracker_allocator_counter8allocateEm[_ZN10__gnu_test25tracker_allocator_counter8allocateEm]+0x20): undefined reference to `__gnu_test::tracker_allocator_counter::allocationCount_'
/usr/bin/ld: /tmp/cclI8xvW.o: in function `__gnu_test::tracker_allocator_counter::construct()':
2.cc:(.text._ZN10__gnu_test25tracker_allocator_counter9constructEv[_ZN10__gnu_test25tracker_allocator_counter9constructEv]+0x0): undefined reference to `__gnu_test::tracker_allocator_counter::constructCount_'
/usr/bin/ld: 2.cc:(.text._ZN10__gnu_test25tracker_allocator_counter9constructEv[_ZN10__gnu_test25tracker_allocator_counter9constructEv]+0x4): undefined reference to `__gnu_test::tracker_allocator_counter::constructCount_'
/usr/bin/ld: 2.cc:(.text._ZN10__gnu_test25tracker_allocator_counter9constructEv[_ZN10__gnu_test25tracker_allocator_counter9constructEv]+0x10): undefined reference to `__gnu_test::tracker_allocator_counter::constructCount_'
/usr/bin/ld: 2.cc:(.text._ZN10__gnu_test25tracker_allocator_counter9constructEv[_ZN10__gnu_test25tracker_allocator_counter9constructEv]+0x14): undefined reference to `__gnu_test::tracker_allocator_counter::constructCount_'
/usr/bin/ld: /tmp/cclI8xvW.o: in function `__gnu_test::tracker_allocator_counter::destroy()':
2.cc:(.text._ZN10__gnu_test25tracker_allocator_counter7destroyEv[_ZN10__gnu_test25tracker_allocator_counter7destroyEv]+0x0): undefined reference to `__gnu_test::tracker_allocator_counter::destructCount_'
/usr/bin/ld: 2.cc:(.text._ZN10__gnu_test25tracker_allocator_counter7destroyEv[_ZN10__gnu_test25tracker_allocator_counter7destroyEv]+0x4): undefined reference to `__gnu_test::tracker_allocator_counter::destructCount_'
/usr/bin/ld: 2.cc:(.text._ZN10__gnu_test25tracker_allocator_counter7destroyEv[_ZN10__gnu_test25tracker_allocator_counter7destroyEv]+0x10): undefined reference to `__gnu_test::tracker_allocator_counter::destructCount_'
/usr/bin/ld: 2.cc:(.text._ZN10__gnu_test25tracker_allocator_counter7destroyEv[_ZN10__gnu_test25tracker_allocator_counter7destroyEv]+0x14): undefined reference to `__gnu_test::tracker_allocator_counter::destructCount_'
/usr/bin/ld: /tmp/cclI8xvW.o: in function `__gnu_test::tracker_allocator_counter::deallocate(unsigned long)':
2.cc:(.text._ZN10__gnu_test25tracker_allocator_counter10deallocateEm[_ZN10__gnu_test25tracker_allocator_counter10deallocateEm]+0x8): undefined reference to `__gnu_test::tracker_allocator_counter::deallocationCount_'
/usr/bin/ld: 2.cc:(.text._ZN10__gnu_test25tracker_allocator_counter10deallocateEm[_ZN10__gnu_test25tracker_allocator_counter10deallocateEm]+0xc): undefined reference to `__gnu_test::tracker_allocator_counter::deallocationCount_'
/usr/bin/ld: 2.cc:(.text._ZN10__gnu_test25tracker_allocator_counter10deallocateEm[_ZN10__gnu_test25tracker_allocator_counter10deallocateEm]+0x1c): undefined reference to `__gnu_test::tracker_allocator_counter::deallocationCount_'
/usr/bin/ld: 2.cc:(.text._ZN10__gnu_test25tracker_allocator_counter10deallocateEm[_ZN10__gnu_test25tracker_allocator_counter10deallocateEm]+0x20): undefined reference to `__gnu_test::tracker_allocator_counter::deallocationCount_'
/usr/bin/ld: /tmp/cclI8xvW.o: in function `__gnu_test::tracker_allocator_counter::get_allocation_count()':
2.cc:(.text._ZN10__gnu_test25tracker_allocator_counter20get_allocation_countEv[_ZN10__gnu_test25tracker_allocator_counter20get_allocation_countEv]+0x0): undefined reference to `__gnu_test::tracker_allocator_counter::allocationCount_'
/usr/bin/ld: 2.cc:(.text._ZN10__gnu_test25tracker_allocator_counter20get_allocation_countEv[_ZN10__gnu_test25tracker_allocator_counter20get_allocation_countEv]+0x4): undefined reference to `__gnu_test::tracker_allocator_counter::allocationCount_'
/usr/bin/ld: /tmp/cclI8xvW.o: in function `__gnu_test::tracker_allocator_counter::get_deallocation_count()':
2.cc:(.text._ZN10__gnu_test25tracker_allocator_counter22get_deallocation_countEv[_ZN10__gnu_test25tracker_allocator_counter22get_deallocation_countEv]+0x0): undefined reference to `__gnu_test::tracker_allocator_counter::deallocationCount_'
/usr/bin/ld: 2.cc:(.text._ZN10__gnu_test25tracker_allocator_counter22get_deallocation_countEv[_ZN10__gnu_test25tracker_allocator_counter22get_deallocation_countEv]+0x4): undefined reference to `__gnu_test::tracker_allocator_counter::deallocationCount_'
/usr/bin/ld: /tmp/cclI8xvW.o: in function `__gnu_test::tracker_allocator_counter::reset()':
2.cc:(.text._ZN10__gnu_test25tracker_allocator_counter5resetEv[_ZN10__gnu_test25tracker_allocator_counter5resetEv]+0x0): undefined reference to `__gnu_test::tracker_allocator_counter::allocationCount_'
/usr/bin/ld: 2.cc:(.text._ZN10__gnu_test25tracker_allocator_counter5resetEv[_ZN10__gnu_test25tracker_allocator_counter5resetEv]+0x4): undefined reference to `__gnu_test::tracker_allocator_counter::allocationCount_'
/usr/bin/ld: 2.cc:(.text._ZN10__gnu_test25tracker_allocator_counter5resetEv[_ZN10__gnu_test25tracker_allocator_counter5resetEv]+0xc): undefined reference to `__gnu_test::tracker_allocator_counter::deallocationCount_'
/usr/bin/ld: 2.cc:(.text._ZN10__gnu_test25tracker_allocator_counter5resetEv[_ZN10__gnu_test25tracker_allocator_counter5resetEv]+0x10): undefined reference to `__gnu_test::tracker_allocator_counter::deallocationCount_'
/usr/bin/ld: 2.cc:(.text._ZN10__gnu_test25tracker_allocator_counter5resetEv[_ZN10__gnu_test25tracker_allocator_counter5resetEv]+0x18): undefined reference to `__gnu_test::tracker_allocator_counter::constructCount_'
/usr/bin/ld: 2.cc:(.text._ZN10__gnu_test25tracker_allocator_counter5resetEv[_ZN10__gnu_test25tracker_allocator_counter5resetEv]+0x1c): undefined reference to `__gnu_test::tracker_allocator_counter::constructCount_'
/usr/bin/ld: 2.cc:(.text._ZN10__gnu_test25tracker_allocator_counter5resetEv[_ZN10__gnu_test25tracker_allocator_counter5resetEv]+0x24): undefined reference to `__gnu_test::tracker_allocator_counter::destructCount_'
/usr/bin/ld: 2.cc:(.text._ZN10__gnu_test25tracker_allocator_counter5resetEv[_ZN10__gnu_test25tracker_allocator_counter5resetEv]+0x28): undefined reference to `__gnu_test::tracker_allocator_counter::destructCount_'
/usr/bin/ld: /tmp/cclI8xvW.o: in function `decltype (::new ((void*)(0)) __gnu_test::copy_tracker()) std::construct_at<__gnu_test::copy_tracker>(__gnu_test::copy_tracker*)':
2.cc:(.text._ZSt12construct_atIN10__gnu_test12copy_trackerEJEEDTgsnwcvPvLi0E_T_pispcl7declvalIT0_EEEEPS3_DpOS4_[_ZSt12construct_atIN10__gnu_test12copy_trackerEJEEDTgsnwcvPvLi0E_T_pispcl7declvalIT0_EEEEPS3_DpOS4_]+0x24): undefined reference to `__gnu_test::copy_tracker::next_id_'
/usr/bin/ld: 2.cc:(.text._ZSt12construct_atIN10__gnu_test12copy_trackerEJEEDTgsnwcvPvLi0E_T_pispcl7declvalIT0_EEEEPS3_DpOS4_[_ZSt12construct_atIN10__gnu_test12copy_trackerEJEEDTgsnwcvPvLi0E_T_pispcl7declvalIT0_EEEEPS3_DpOS4_]+0x28): undefined reference to `__gnu_test::copy_tracker::next_id_'
/usr/bin/ld: 2.cc:(.text._ZSt12construct_atIN10__gnu_test12copy_trackerEJEEDTgsnwcvPvLi0E_T_pispcl7declvalIT0_EEEEPS3_DpOS4_[_ZSt12construct_atIN10__gnu_test12copy_trackerEJEEDTgsnwcvPvLi0E_T_pispcl7declvalIT0_EEEEPS3_DpOS4_]+0x34): undefined reference to `__gnu_test::copy_tracker::next_id_'
/usr/bin/ld: 2.cc:(.text._ZSt12construct_atIN10__gnu_test12copy_trackerEJEEDTgsnwcvPvLi0E_T_pispcl7declvalIT0_EEEEPS3_DpOS4_[_ZSt12construct_atIN10__gnu_test12copy_trackerEJEEDTgsnwcvPvLi0E_T_pispcl7declvalIT0_EEEEPS3_DpOS4_]+0x38): undefined reference to `__gnu_test::copy_tracker::next_id_'
collect2: error: ld returned 1 exit status
  ✗ COMPILATION FAILED

Testing: gcc_tests/capacity/114945.cc
In file included from /usr/local/include/c++/13.4.0/regex:57,
                 from gcc_tests/capacity/114945.cc:14:
/usr/local/include/c++/13.4.0/bits/stl_vector.h:427:26: error: redefinition of default argument for 'class _Alloc'
  427 |   template<typename _Tp, typename _Alloc = std::allocator<_Tp> >
      |                          ^~~~~~~~
In file included from ./vector:2,
                 from gcc_tests/capacity/114945.cc:8:
./vector.h:14:24: note: original definition appeared here
   14 |     template <class T, class Allocator = std::allocator<T>>
      |                        ^~~~~
In file included from /usr/local/include/c++/13.4.0/regex:59:
/usr/local/include/c++/13.4.0/bits/vector.tcc:67:5: error: redefinition of 'constexpr void std::vector<T, Allocator>::reserve(size_type)'
   67 |     vector<_Tp, _Alloc>::
      |     ^~~~~~~~~~~~~~~~~~~
./vector.h:557:24: note: 'constexpr void std::vector<T, Allocator>::reserve(size_type)' previously declared here
  557 |         constexpr void reserve(size_type new_cap){
      |                        ^~~~~~~
/usr/local/include/c++/13.4.0/bits/vector.tcc:111:7: error: redefinition of 'constexpr std::vector<T, Allocator>::value_type& std::vector<T, Allocator>::emplace_back(_Args&& ...)'
  111 |       vector<_Tp, _Alloc>::
      |       ^~~~~~~~~~~~~~~~~~~
./vector.h:893:29: note: 'constexpr std::vector<T, Allocator>::value_type& std::vector<T, Allocator>::emplace_back(Args&& ...)' previously declared here
  893 |         constexpr reference emplace_back(Args&&... args){
      |                             ^~~~~~~~~~~~
/usr/local/include/c++/13.4.0/bits/vector.tcc:133:5: error: redefinition of 'constexpr std::vector<T, Allocator>::iterator std::vector<T, Allocator>::insert(const_iterator, const value_type&)'
  133 |     vector<_Tp, _Alloc>::
      |     ^~~~~~~~~~~~~~~~~~~
./vector.h:593:28: note: 'constexpr std::vector<T, Allocator>::iterator std::vector<T, Allocator>::insert(const_iterator, const T&)' previously declared here
  593 |         constexpr iterator insert(const_iterator pos, const T& value){
      |                            ^~~~~~
/usr/local/include/c++/13.4.0/bits/vector.tcc:181:5: error: no declaration matches 'constexpr std::vector<T, Allocator>::iterator std::vector<T, Allocator>::_M_erase(iterator)'
  181 |     vector<_Tp, _Alloc>::
      |     ^~~~~~~~~~~~~~~~~~~
/usr/local/include/c++/13.4.0/bits/vector.tcc:181:5: note: no functions named 'constexpr std::vector<T, Allocator>::iterator std::vector<T, Allocator>::_M_erase(iterator)'
./vector.h:15:11: note: 'class std::vector<T, Allocator>' defined here
   15 |     class vector{
      |           ^~~~~~
/usr/local/include/c++/13.4.0/bits/vector.tcc:195:5: error: no declaration matches 'constexpr std::vector<T, Allocator>::iterator std::vector<T, Allocator>::_M_erase(iterator, iterator)'
  195 |     vector<_Tp, _Alloc>::
      |     ^~~~~~~~~~~~~~~~~~~
/usr/local/include/c++/13.4.0/bits/vector.tcc:195:5: note: no functions named 'constexpr std::vector<T, Allocator>::iterator std::vector<T, Allocator>::_M_erase(iterator, iterator)'
./vector.h:15:11: note: 'class std::vector<T, Allocator>' defined here
   15 |     class vector{
      |           ^~~~~~
/usr/local/include/c++/13.4.0/bits/vector.tcc:210:5: error: redefinition of 'constexpr std::vector<T, Alloc>& std::vector<T, Allocator>::operator=(const std::vector<T, Allocator>&)'
  210 |     vector<_Tp, _Alloc>::
      |     ^~~~~~~~~~~~~~~~~~~
./vector.h:284:27: note: 'constexpr std::vector<T, Allocator>& std::vector<T, Allocator>::operator=(const std::vector<T, Allocator>&)' previously declared here
  284 |         constexpr vector& operator=(const vector& other){
      |                           ^~~~~~~~
/usr/local/include/c++/13.4.0/bits/vector.tcc:270:5: error: no declaration matches 'constexpr void std::vector<T, Allocator>::_M_fill_assign(std::size_t, const value_type&)'
  270 |     vector<_Tp, _Alloc>::
      |     ^~~~~~~~~~~~~~~~~~~
/usr/local/include/c++/13.4.0/bits/vector.tcc:270:5: note: no functions named 'constexpr void std::vector<T, Allocator>::_M_fill_assign(std::size_t, const value_type&)'
./vector.h:15:11: note: 'class std::vector<T, Allocator>' defined here
   15 |     class vector{
      |           ^~~~~~
/usr/local/include/c++/13.4.0/bits/vector.tcc:296:7: error: no declaration matches 'constexpr void std::vector<T, Allocator>::_M_assign_aux(_InputIterator, _InputIterator, std::input_iterator_tag)'
  296 |       vector<_Tp, _Alloc>::
      |       ^~~~~~~~~~~~~~~~~~~
/usr/local/include/c++/13.4.0/bits/vector.tcc:296:7: note: no functions named 'constexpr void std::vector<T, Allocator>::_M_assign_aux(_InputIterator, _InputIterator, std::input_iterator_tag)'
./vector.h:15:11: note: 'class std::vector<T, Allocator>' defined here
   15 |     class vector{
      |           ^~~~~~
/usr/local/include/c++/13.4.0/bits/vector.tcc:315:7: error: no declaration matches 'constexpr void std::vector<T, Allocator>::_M_assign_aux(_ForwardIterator, _ForwardIterator, std::forward_iterator_tag)'
  315 |       vector<_Tp, _Alloc>::
      |       ^~~~~~~~~~~~~~~~~~~
/usr/local/include/c++/13.4.0/bits/vector.tcc:315:7: note: no functions named 'constexpr void std::vector<T, Allocator>::_M_assign_aux(_ForwardIterator, _ForwardIterator, std::forward_iterator_tag)'
./vector.h:15:11: note: 'class std::vector<T, Allocator>' defined here
   15 |     class vector{
      |           ^~~~~~
/usr/local/include/c++/13.4.0/bits/vector.tcc:356:5: error: no declaration matches 'constexpr std::vector<T, Allocator>::iterator std::vector<T, Allocator>::_M_insert_rval(const_iterator, value_type&&)'
  356 |     vector<_Tp, _Alloc>::
      |     ^~~~~~~~~~~~~~~~~~~
/usr/local/include/c++/13.4.0/bits/vector.tcc:356:5: note: no functions named 'constexpr std::vector<T, Allocator>::iterator std::vector<T, Allocator>::_M_insert_rval(const_iterator, value_type&&)'
./vector.h:15:11: note: 'class std::vector<T, Allocator>' defined here
   15 |     class vector{
      |           ^~~~~~
/usr/local/include/c++/13.4.0/bits/vector.tcc:381:7: error: no declaration matches 'constexpr std::vector<T, Allocator>::iterator std::vector<T, Allocator>::_M_emplace_aux(const_iterator, _Args&& ...)'
  381 |       vector<_Tp, _Alloc>::
      |       ^~~~~~~~~~~~~~~~~~~
/usr/local/include/c++/13.4.0/bits/vector.tcc:381:7: note: no functions named 'constexpr std::vector<T, Allocator>::iterator std::vector<T, Allocator>::_M_emplace_aux(const_iterator, _Args&& ...)'
./vector.h:15:11: note: 'class std::vector<T, Allocator>' defined here
   15 |     class vector{
      |           ^~~~~~
/usr/local/include/c++/13.4.0/bits/vector.tcc:413:7: error: no declaration matches 'constexpr void std::vector<T, Allocator>::_M_insert_aux(iterator, _Arg&&)'
  413 |       vector<_Tp, _Alloc>::
      |       ^~~~~~~~~~~~~~~~~~~
/usr/local/include/c++/13.4.0/bits/vector.tcc:413:7: note: no functions named 'constexpr void std::vector<T, Allocator>::_M_insert_aux(iterator, _Arg&&)'
./vector.h:15:11: note: 'class std::vector<T, Allocator>' defined here
   15 |     class vector{
      |           ^~~~~~
/usr/local/include/c++/13.4.0/bits/vector.tcc:445:7: error: no declaration matches 'constexpr void std::vector<T, Allocator>::_M_realloc_insert(iterator, _Args&& ...)'
  445 |       vector<_Tp, _Alloc>::
      |       ^~~~~~~~~~~~~~~~~~~
/usr/local/include/c++/13.4.0/bits/vector.tcc:445:7: note: no functions named 'constexpr void std::vector<T, Allocator>::_M_realloc_insert(iterator, _Args&& ...)'
./vector.h:15:11: note: 'class std::vector<T, Allocator>' defined here
   15 |     class vector{
      |           ^~~~~~
/usr/local/include/c++/13.4.0/bits/vector.tcc:529:5: error: no declaration matches 'constexpr void std::vector<T, Allocator>::_M_fill_insert(iterator, size_type, const value_type&)'
  529 |     vector<_Tp, _Alloc>::
      |     ^~~~~~~~~~~~~~~~~~~
/usr/local/include/c++/13.4.0/bits/vector.tcc:529:5: note: no functions named 'constexpr void std::vector<T, Allocator>::_M_fill_insert(iterator, size_type, const value_type&)'
./vector.h:15:11: note: 'class std::vector<T, Allocator>' defined here
   15 |     class vector{
      |           ^~~~~~
/usr/local/include/c++/13.4.0/bits/vector.tcc:634:5: error: no declaration matches 'constexpr void std::vector<T, Allocator>::_M_default_append(size_type)'
  634 |     vector<_Tp, _Alloc>::
      |     ^~~~~~~~~~~~~~~~~~~
/usr/local/include/c++/13.4.0/bits/vector.tcc:634:5: note: no functions named 'constexpr void std::vector<T, Allocator>::_M_default_append(size_type)'
./vector.h:15:11: note: 'class std::vector<T, Allocator>' defined here
   15 |     class vector{
      |           ^~~~~~
/usr/local/include/c++/13.4.0/bits/vector.tcc:715:5: error: no declaration matches 'constexpr bool std::vector<T, Allocator>::_M_shrink_to_fit()'
  715 |     vector<_Tp, _Alloc>::
      |     ^~~~~~~~~~~~~~~~~~~
/usr/local/include/c++/13.4.0/bits/vector.tcc:715:5: note: no functions named 'constexpr bool std::vector<T, Allocator>::_M_shrink_to_fit()'
./vector.h:15:11: note: 'class std::vector<T, Allocator>' defined here
   15 |     class vector{
      |           ^~~~~~
/usr/local/include/c++/13.4.0/bits/vector.tcc:729:7: error: no declaration matches 'constexpr void std::vector<T, Allocator>::_M_range_insert(iterator, _InputIterator, _InputIterator, std::input_iterator_tag)'
  729 |       vector<_Tp, _Alloc>::
      |       ^~~~~~~~~~~~~~~~~~~
/usr/local/include/c++/13.4.0/bits/vector.tcc:729:7: note: no functions named 'constexpr void std::vector<T, Allocator>::_M_range_insert(iterator, _InputIterator, _InputIterator, std::input_iterator_tag)'
./vector.h:15:11: note: 'class std::vector<T, Allocator>' defined here
   15 |     class vector{
      |           ^~~~~~
/usr/local/include/c++/13.4.0/bits/vector.tcc:751:7: error: no declaration matches 'constexpr void std::vector<T, Allocator>::_M_range_insert(iterator, _ForwardIterator, _ForwardIterator, std::forward_iterator_tag)'
  751 |       vector<_Tp, _Alloc>::
      |       ^~~~~~~~~~~~~~~~~~~
/usr/local/include/c++/13.4.0/bits/vector.tcc:751:7: note: no functions named 'constexpr void std::vector<T, Allocator>::_M_range_insert(iterator, _ForwardIterator, _ForwardIterator, std::forward_iterator_tag)'
./vector.h:15:11: note: 'class std::vector<T, Allocator>' defined here
   15 |     class vector{
      |           ^~~~~~
  ✗ FAILED (compilation)

Testing: gcc_tests/capacity/shrink_to_fit.cc
  ✓ PASSED

Testing: gcc_tests/capacity/44190.cc
  ✓ PASSED

Testing: gcc_tests/capacity/reserve/moveable2.cc
  ✓ PASSED

Testing: gcc_tests/capacity/reserve/moveable.cc
  ✓ PASSED

Testing: gcc_tests/capacity/resize/moveable2.cc
  ✓ PASSED

Testing: gcc_tests/capacity/resize/strong_guarantee.cc
  ✓ PASSED

Testing: gcc_tests/capacity/resize/1.cc
  ✓ PASSED

Testing: gcc_tests/capacity/resize/moveable.cc
  ✓ PASSED

Testing: gcc_tests/capacity/resize/resize_size.cc
  ✓ PASSED

Testing: gcc_tests/capacity/29134.cc
  ✓ PASSED

Testing: gcc_tests/capacity/87544.cc
  ✓ PASSED (compile-only)

Testing: gcc_tests/zero_sized_allocations.cc
  ✓ PASSED

Testing: gcc_tests/26142-2.cc
  ✓ PASSED (compile-only)

Testing: gcc_tests/init-list.cc
/usr/bin/ld: /tmp/ccCnKigx.o: in function `main':
init-list.cc:(.text+0xa0): undefined reference to `__gnu_test::check_construct_destroy(char const*, int, int)'
/usr/bin/ld: init-list.cc:(.text+0x14c): undefined reference to `__gnu_test::check_construct_destroy(char const*, int, int)'
/usr/bin/ld: init-list.cc:(.text+0x228): undefined reference to `__gnu_test::check_construct_destroy(char const*, int, int)'
/usr/bin/ld: init-list.cc:(.text+0x2a4): undefined reference to `__gnu_test::check_construct_destroy(char const*, int, int)'
/usr/bin/ld: init-list.cc:(.text+0x32c): undefined reference to `__gnu_test::check_construct_destroy(char const*, int, int)'
/usr/bin/ld: /tmp/ccCnKigx.o:init-list.cc:(.text+0x3a8): more undefined references to `__gnu_test::check_construct_destroy(char const*, int, int)' follow
/usr/bin/ld: /tmp/ccCnKigx.o: in function `__gnu_test::tracker_allocator_counter::allocate(unsigned long)':
init-list.cc:(.text._ZN10__gnu_test25tracker_allocator_counter8allocateEm[_ZN10__gnu_test25tracker_allocator_counter8allocateEm]+0x8): undefined reference to `__gnu_test::tracker_allocator_counter::allocationCount_'
/usr/bin/ld: init-list.cc:(.text._ZN10__gnu_test25tracker_allocator_counter8allocateEm[_ZN10__gnu_test25tracker_allocator_counter8allocateEm]+0xc): undefined reference to `__gnu_test::tracker_allocator_counter::allocationCount_'
/usr/bin/ld: init-list.cc:(.text._ZN10__gnu_test25tracker_allocator_counter8allocateEm[_ZN10__gnu_test25tracker_allocator_counter8allocateEm]+0x1c): undefined reference to `__gnu_test::tracker_allocator_counter::allocationCount_'
/usr/bin/ld: init-list.cc:(.text._ZN10__gnu_test25tracker_allocator_counter8allocateEm[_ZN10__gnu_test25tracker_allocator_counter8allocateEm]+0x20): undefined reference to `__gnu_test::tracker_allocator_counter::allocationCount_'
/usr/bin/ld: /tmp/ccCnKigx.o: in function `__gnu_test::tracker_allocator_counter::construct()':
init-list.cc:(.text._ZN10__gnu_test25tracker_allocator_counter9constructEv[_ZN10__gnu_test25tracker_allocator_counter9constructEv]+0x0): undefined reference to `__gnu_test::tracker_allocator_counter::constructCount_'
/usr/bin/ld: init-list.cc:(.text._ZN10__gnu_test25tracker_allocator_counter9constructEv[_ZN10__gnu_test25tracker_allocator_counter9constructEv]+0x4): undefined reference to `__gnu_test::tracker_allocator_counter::constructCount_'
/usr/bin/ld: init-list.cc:(.text._ZN10__gnu_test25tracker_allocator_counter9constructEv[_ZN10__gnu_test25tracker_allocator_counter9constructEv]+0x10): undefined reference to `__gnu_test::tracker_allocator_counter::constructCount_'
/usr/bin/ld: init-list.cc:(.text._ZN10__gnu_test25tracker_allocator_counter9constructEv[_ZN10__gnu_test25tracker_allocator_counter9constructEv]+0x14): undefined reference to `__gnu_test::tracker_allocator_counter::constructCount_'
/usr/bin/ld: /tmp/ccCnKigx.o: in function `__gnu_test::tracker_allocator_counter::destroy()':
init-list.cc:(.text._ZN10__gnu_test25tracker_allocator_counter7destroyEv[_ZN10__gnu_test25tracker_allocator_counter7destroyEv]+0x0): undefined reference to `__gnu_test::tracker_allocator_counter::destructCount_'
/usr/bin/ld: init-list.cc:(.text._ZN10__gnu_test25tracker_allocator_counter7destroyEv[_ZN10__gnu_test25tracker_allocator_counter7destroyEv]+0x4): undefined reference to `__gnu_test::tracker_allocator_counter::destructCount_'
/usr/bin/ld: init-list.cc:(.text._ZN10__gnu_test25tracker_allocator_counter7destroyEv[_ZN10__gnu_test25tracker_allocator_counter7destroyEv]+0x10): undefined reference to `__gnu_test::tracker_allocator_counter::destructCount_'
/usr/bin/ld: init-list.cc:(.text._ZN10__gnu_test25tracker_allocator_counter7destroyEv[_ZN10__gnu_test25tracker_allocator_counter7destroyEv]+0x14): undefined reference to `__gnu_test::tracker_allocator_counter::destructCount_'
/usr/bin/ld: /tmp/ccCnKigx.o: in function `__gnu_test::tracker_allocator_counter::deallocate(unsigned long)':
init-list.cc:(.text._ZN10__gnu_test25tracker_allocator_counter10deallocateEm[_ZN10__gnu_test25tracker_allocator_counter10deallocateEm]+0x8): undefined reference to `__gnu_test::tracker_allocator_counter::deallocationCount_'
/usr/bin/ld: init-list.cc:(.text._ZN10__gnu_test25tracker_allocator_counter10deallocateEm[_ZN10__gnu_test25tracker_allocator_counter10deallocateEm]+0xc): undefined reference to `__gnu_test::tracker_allocator_counter::deallocationCount_'
/usr/bin/ld: init-list.cc:(.text._ZN10__gnu_test25tracker_allocator_counter10deallocateEm[_ZN10__gnu_test25tracker_allocator_counter10deallocateEm]+0x1c): undefined reference to `__gnu_test::tracker_allocator_counter::deallocationCount_'
/usr/bin/ld: init-list.cc:(.text._ZN10__gnu_test25tracker_allocator_counter10deallocateEm[_ZN10__gnu_test25tracker_allocator_counter10deallocateEm]+0x20): undefined reference to `__gnu_test::tracker_allocator_counter::deallocationCount_'
/usr/bin/ld: /tmp/ccCnKigx.o: in function `__gnu_test::tracker_allocator_counter::reset()':
init-list.cc:(.text._ZN10__gnu_test25tracker_allocator_counter5resetEv[_ZN10__gnu_test25tracker_allocator_counter5resetEv]+0x0): undefined reference to `__gnu_test::tracker_allocator_counter::allocationCount_'
/usr/bin/ld: init-list.cc:(.text._ZN10__gnu_test25tracker_allocator_counter5resetEv[_ZN10__gnu_test25tracker_allocator_counter5resetEv]+0x4): undefined reference to `__gnu_test::tracker_allocator_counter::allocationCount_'
/usr/bin/ld: init-list.cc:(.text._ZN10__gnu_test25tracker_allocator_counter5resetEv[_ZN10__gnu_test25tracker_allocator_counter5resetEv]+0xc): undefined reference to `__gnu_test::tracker_allocator_counter::deallocationCount_'
/usr/bin/ld: init-list.cc:(.text._ZN10__gnu_test25tracker_allocator_counter5resetEv[_ZN10__gnu_test25tracker_allocator_counter5resetEv]+0x10): undefined reference to `__gnu_test::tracker_allocator_counter::deallocationCount_'
/usr/bin/ld: init-list.cc:(.text._ZN10__gnu_test25tracker_allocator_counter5resetEv[_ZN10__gnu_test25tracker_allocator_counter5resetEv]+0x18): undefined reference to `__gnu_test::tracker_allocator_counter::constructCount_'
/usr/bin/ld: init-list.cc:(.text._ZN10__gnu_test25tracker_allocator_counter5resetEv[_ZN10__gnu_test25tracker_allocator_counter5resetEv]+0x1c): undefined reference to `__gnu_test::tracker_allocator_counter::constructCount_'
/usr/bin/ld: init-list.cc:(.text._ZN10__gnu_test25tracker_allocator_counter5resetEv[_ZN10__gnu_test25tracker_allocator_counter5resetEv]+0x24): undefined reference to `__gnu_test::tracker_allocator_counter::destructCount_'
/usr/bin/ld: init-list.cc:(.text._ZN10__gnu_test25tracker_allocator_counter5resetEv[_ZN10__gnu_test25tracker_allocator_counter5resetEv]+0x28): undefined reference to `__gnu_test::tracker_allocator_counter::destructCount_'
collect2: error: ld returned 1 exit status
  ✗ COMPILATION FAILED

Testing: gcc_tests/profile/vector.cc
  ✓ PASSED

Testing: gcc_tests/48101-3_neg.cc
In file included from ./vector:2,
                 from gcc_tests/48101-3_neg.cc:20:
./vector.h: In instantiation of 'class std::vector<int, std::allocator<long int> >':
gcc_tests/48101-3_neg.cc:25:42:   required from here
./vector.h:16:28: error: static assertion failed: Allocator must have the same value_type as vector after rebinding
   16 |         static_assert(std::is_same_v<typename std::allocator_traits<Allocator>::value_type, T>,
      |                       ~~~~~^~~~~~~~~~~~~~~~~~~~~~~~~~~~~~~~~~~~~~~~~~~~~~~~~~~~~~~~~~~~~~~~~~~
./vector.h:16:28: note: 'std::is_same_v<long int, int>' evaluates to false
  ✓ PASSED (expected compilation failure)

Testing: gcc_tests/allocator/noexcept.cc
  ✓ PASSED (compile-only)

Testing: gcc_tests/allocator/default_init.cc
  ✓ PASSED

Testing: gcc_tests/allocator/move_assign.cc
  ✓ PASSED

Testing: gcc_tests/allocator/move.cc
  ✓ PASSED

Testing: gcc_tests/allocator/minimal.cc
  ✓ PASSED

Testing: gcc_tests/allocator/swap.cc
  ✓ PASSED

Testing: gcc_tests/allocator/construction.cc
  ✓ PASSED (compile-only)

Testing: gcc_tests/allocator/copy.cc
  ✓ PASSED

Testing: gcc_tests/allocator/ext_ptr.cc
  ✓ PASSED

Testing: gcc_tests/allocator/115854.cc
In file included from ./vector:2,
                 from gcc_tests/allocator/115854.cc:3:
./vector.h: In instantiation of 'constexpr std::vector<T, Allocator>::vector(std::vector<T, Allocator>&&, const AllocArg&) [with AllocArg = __gnu_test::ExplicitConsAlloc<int>; T = int; Allocator = __gnu_test::ExplicitConsAlloc<int>]':
gcc_tests/allocator/115854.cc:10:77:   required from here
./vector.h:273:21: warning: 'throw' will always call 'terminate' [-Wterminate]
  273 |                     throw;
      |                     ^~~~~
  ✓ PASSED (compile-only)

Testing: gcc_tests/allocator/copy_assign.cc
  ✓ PASSED

Testing: gcc_tests/bool/element_access/constexpr.cc
  ⊘ SKIPPED (vector<bool> specialization not implemented)

Testing: gcc_tests/bool/element_access/1.cc
  ⊘ SKIPPED (requires C++23 or later)

Testing: gcc_tests/bool/modifiers/insert/insert_range.cc
  ⊘ SKIPPED (requires C++23 or later)

Testing: gcc_tests/bool/modifiers/insert/31370.cc
  ⊘ SKIPPED (vector<bool> specialization not implemented)

Testing: gcc_tests/bool/modifiers/insert/1.cc
  ⊘ SKIPPED (vector<bool> specialization not implemented)

Testing: gcc_tests/bool/modifiers/insert/104559.cc
  ⊘ SKIPPED (vector<bool> specialization not implemented)

Testing: gcc_tests/bool/modifiers/insert/const_iterator.cc
  ⊘ SKIPPED (vector<bool> specialization not implemented)

Testing: gcc_tests/bool/modifiers/insert/append_range.cc
  ⊘ SKIPPED (requires C++23 or later)

Testing: gcc_tests/bool/modifiers/constexpr.cc
  ⊘ SKIPPED (vector<bool> specialization not implemented)

Testing: gcc_tests/bool/modifiers/swap/constexpr.cc
  ⊘ SKIPPED (vector<bool> specialization not implemented)

Testing: gcc_tests/bool/modifiers/swap/1.cc
  ⊘ SKIPPED (vector<bool> specialization not implemented)

Testing: gcc_tests/bool/modifiers/swap/2.cc
  ⊘ SKIPPED (vector<bool> specialization not implemented)

Testing: gcc_tests/bool/modifiers/assign/assign_range.cc
  ⊘ SKIPPED (requires C++23 or later)

Testing: gcc_tests/bool/modifiers/assign/constexpr.cc
  ⊘ SKIPPED (vector<bool> specialization not implemented)

Testing: gcc_tests/bool/modifiers/assign/1.cc
  ⊘ SKIPPED (vector<bool> specialization not implemented)

Testing: gcc_tests/bool/modifiers/erase/1.cc
  ⊘ SKIPPED (vector<bool> specialization not implemented)

Testing: gcc_tests/bool/modifiers/erase/54577.cc
  ⊘ SKIPPED (vector<bool> specialization not implemented)

Testing: gcc_tests/bool/iterator_c++20.cc
  ⊘ SKIPPED (vector<bool> specialization not implemented)

Testing: gcc_tests/bool/82558.cc
  ⊘ SKIPPED (vector<bool> specialization not implemented)

Testing: gcc_tests/bool/115098.cc
  ⊘ SKIPPED (vector<bool> specialization not implemented)

Testing: gcc_tests/bool/hash/1.cc
  ⊘ SKIPPED (vector<bool> specialization not implemented)

Testing: gcc_tests/bool/110807.cc
  ⊘ SKIPPED (vector<bool> specialization not implemented)

Testing: gcc_tests/bool/1.cc
  ⊘ SKIPPED (vector<bool> specialization not implemented)

Testing: gcc_tests/bool/requirements/dr438/constructor.cc
  ⊘ SKIPPED (vector<bool> specialization not implemented)

Testing: gcc_tests/bool/requirements/citerators.cc
  ⊘ SKIPPED (vector<bool> specialization not implemented)

Testing: gcc_tests/bool/clear_allocator.cc
  ⊘ SKIPPED (vector<bool> specialization not implemented)

Testing: gcc_tests/bool/23632.cc
  ⊘ SKIPPED (vector<bool> specialization not implemented)

Testing: gcc_tests/bool/emplace_cxx17_return.cc
  ⊘ SKIPPED (vector<bool> specialization not implemented)

Testing: gcc_tests/bool/capacity/constexpr.cc
  ⊘ SKIPPED (vector<bool> specialization not implemented)

Testing: gcc_tests/bool/capacity/1.cc
  ⊘ SKIPPED (vector<bool> specialization not implemented)

Testing: gcc_tests/bool/capacity/shrink_to_fit.cc
  ⊘ SKIPPED (vector<bool> specialization not implemented)

Testing: gcc_tests/bool/capacity/110498.cc
  ⊘ SKIPPED (vector<bool> specialization not implemented)

Testing: gcc_tests/bool/capacity/114758.cc
  ⊘ SKIPPED (vector<bool> specialization not implemented)

Testing: gcc_tests/bool/capacity/29134.cc
  ⊘ SKIPPED (vector<bool> specialization not implemented)

Testing: gcc_tests/bool/swap.cc
  ⊘ SKIPPED (vector<bool> specialization not implemented)

Testing: gcc_tests/bool/emplace.cc
  ⊘ SKIPPED (vector<bool> specialization not implemented)

Testing: gcc_tests/bool/80893.cc
  ⊘ SKIPPED (vector<bool> specialization not implemented)

Testing: gcc_tests/bool/allocator/noexcept.cc
  ⊘ SKIPPED (vector<bool> specialization not implemented)

Testing: gcc_tests/bool/allocator/default_init.cc
  ⊘ SKIPPED (vector<bool> specialization not implemented)

Testing: gcc_tests/bool/allocator/move_assign.cc
  ⊘ SKIPPED (vector<bool> specialization not implemented)

Testing: gcc_tests/bool/allocator/move.cc
  ⊘ SKIPPED (vector<bool> specialization not implemented)

Testing: gcc_tests/bool/allocator/minimal.cc
  ⊘ SKIPPED (vector<bool> specialization not implemented)

Testing: gcc_tests/bool/allocator/swap.cc
  ⊘ SKIPPED (vector<bool> specialization not implemented)

Testing: gcc_tests/bool/allocator/copy.cc
  ⊘ SKIPPED (vector<bool> specialization not implemented)

Testing: gcc_tests/bool/allocator/ext_ptr.cc
  ⊘ SKIPPED (vector<bool> specialization not implemented)

Testing: gcc_tests/bool/allocator/115854.cc
  ⊘ SKIPPED (vector<bool> specialization not implemented)

Testing: gcc_tests/bool/allocator/copy_assign.cc
  ⊘ SKIPPED (vector<bool> specialization not implemented)

Testing: gcc_tests/bool/6886.cc
  ⊘ SKIPPED (vector<bool> specialization not implemented)

Testing: gcc_tests/bool/cmp_c++20.cc
  ⊘ SKIPPED (vector<bool> specialization not implemented)

Testing: gcc_tests/bool/format.cc
  ⊘ SKIPPED (requires C++23 or later)

Testing: gcc_tests/bool/emplace_rvalue.cc
  ⊘ SKIPPED (vector<bool> specialization not implemented)

Testing: gcc_tests/bool/cons/constexpr.cc
  ⊘ SKIPPED (vector<bool> specialization not implemented)

Testing: gcc_tests/bool/cons/lwg3778.cc
  ⊘ SKIPPED (vector<bool> specialization not implemented)

Testing: gcc_tests/bool/cons/87809.cc
  ⊘ SKIPPED (vector<bool> specialization not implemented)

Testing: gcc_tests/bool/cons/1.cc
  ⊘ SKIPPED (vector<bool> specialization not implemented)

Testing: gcc_tests/bool/cons/2.cc
  ⊘ SKIPPED (vector<bool> specialization not implemented)

Testing: gcc_tests/bool/cons/noexcept_move_construct.cc
  ⊘ SKIPPED (vector<bool> specialization not implemented)

Testing: gcc_tests/bool/cons/from_range.cc
  ⊘ SKIPPED (requires C++23 or later)

Testing: gcc_tests/bool/21244.cc
  ⊘ SKIPPED (vector<bool> specialization not implemented)

Testing: gcc_tests/bool/72847.cc
  ⊘ SKIPPED (vector<bool> specialization not implemented)

Testing: gcc_tests/92124.cc
  ✓ PASSED

Testing: gcc_tests/debug_mode_requires_reallocation-1.cc
  ✓ PASSED

Testing: gcc_tests/cmp_c++20.cc
  ✓ PASSED (compile-only)

Testing: gcc_tests/70303.cc
  ✓ PASSED

Testing: gcc_tests/15523.cc
  ✓ PASSED

Testing: gcc_tests/check_construct_destroy.cc
/usr/bin/ld: /tmp/ccvw8Hvy.o: in function `main':
check_construct_destroy.cc:(.text+0x4c): undefined reference to `__gnu_test::check_construct_destroy(char const*, int, int)'
/usr/bin/ld: check_construct_destroy.cc:(.text+0x98): undefined reference to `__gnu_test::check_construct_destroy(char const*, int, int)'
/usr/bin/ld: check_construct_destroy.cc:(.text+0x110): undefined reference to `__gnu_test::check_construct_destroy(char const*, int, int)'
/usr/bin/ld: check_construct_destroy.cc:(.text+0x15c): undefined reference to `__gnu_test::check_construct_destroy(char const*, int, int)'
/usr/bin/ld: check_construct_destroy.cc:(.text+0x214): undefined reference to `__gnu_test::check_construct_destroy(char const*, int, int)'
/usr/bin/ld: /tmp/ccvw8Hvy.o:check_construct_destroy.cc:(.text+0x260): more undefined references to `__gnu_test::check_construct_destroy(char const*, int, int)' follow
/usr/bin/ld: /tmp/ccvw8Hvy.o: in function `__gnu_test::tracker_allocator_counter::allocate(unsigned long)':
check_construct_destroy.cc:(.text._ZN10__gnu_test25tracker_allocator_counter8allocateEm[_ZN10__gnu_test25tracker_allocator_counter8allocateEm]+0x8): undefined reference to `__gnu_test::tracker_allocator_counter::allocationCount_'
/usr/bin/ld: check_construct_destroy.cc:(.text._ZN10__gnu_test25tracker_allocator_counter8allocateEm[_ZN10__gnu_test25tracker_allocator_counter8allocateEm]+0xc): undefined reference to `__gnu_test::tracker_allocator_counter::allocationCount_'
/usr/bin/ld: check_construct_destroy.cc:(.text._ZN10__gnu_test25tracker_allocator_counter8allocateEm[_ZN10__gnu_test25tracker_allocator_counter8allocateEm]+0x1c): undefined reference to `__gnu_test::tracker_allocator_counter::allocationCount_'
/usr/bin/ld: check_construct_destroy.cc:(.text._ZN10__gnu_test25tracker_allocator_counter8allocateEm[_ZN10__gnu_test25tracker_allocator_counter8allocateEm]+0x20): undefined reference to `__gnu_test::tracker_allocator_counter::allocationCount_'
/usr/bin/ld: /tmp/ccvw8Hvy.o: in function `__gnu_test::tracker_allocator_counter::construct()':
check_construct_destroy.cc:(.text._ZN10__gnu_test25tracker_allocator_counter9constructEv[_ZN10__gnu_test25tracker_allocator_counter9constructEv]+0x0): undefined reference to `__gnu_test::tracker_allocator_counter::constructCount_'
/usr/bin/ld: check_construct_destroy.cc:(.text._ZN10__gnu_test25tracker_allocator_counter9constructEv[_ZN10__gnu_test25tracker_allocator_counter9constructEv]+0x4): undefined reference to `__gnu_test::tracker_allocator_counter::constructCount_'
/usr/bin/ld: check_construct_destroy.cc:(.text._ZN10__gnu_test25tracker_allocator_counter9constructEv[_ZN10__gnu_test25tracker_allocator_counter9constructEv]+0x10): undefined reference to `__gnu_test::tracker_allocator_counter::constructCount_'
/usr/bin/ld: check_construct_destroy.cc:(.text._ZN10__gnu_test25tracker_allocator_counter9constructEv[_ZN10__gnu_test25tracker_allocator_counter9constructEv]+0x14): undefined reference to `__gnu_test::tracker_allocator_counter::constructCount_'
/usr/bin/ld: /tmp/ccvw8Hvy.o: in function `__gnu_test::tracker_allocator_counter::destroy()':
check_construct_destroy.cc:(.text._ZN10__gnu_test25tracker_allocator_counter7destroyEv[_ZN10__gnu_test25tracker_allocator_counter7destroyEv]+0x0): undefined reference to `__gnu_test::tracker_allocator_counter::destructCount_'
/usr/bin/ld: check_construct_destroy.cc:(.text._ZN10__gnu_test25tracker_allocator_counter7destroyEv[_ZN10__gnu_test25tracker_allocator_counter7destroyEv]+0x4): undefined reference to `__gnu_test::tracker_allocator_counter::destructCount_'
/usr/bin/ld: check_construct_destroy.cc:(.text._ZN10__gnu_test25tracker_allocator_counter7destroyEv[_ZN10__gnu_test25tracker_allocator_counter7destroyEv]+0x10): undefined reference to `__gnu_test::tracker_allocator_counter::destructCount_'
/usr/bin/ld: check_construct_destroy.cc:(.text._ZN10__gnu_test25tracker_allocator_counter7destroyEv[_ZN10__gnu_test25tracker_allocator_counter7destroyEv]+0x14): undefined reference to `__gnu_test::tracker_allocator_counter::destructCount_'
/usr/bin/ld: /tmp/ccvw8Hvy.o: in function `__gnu_test::tracker_allocator_counter::deallocate(unsigned long)':
check_construct_destroy.cc:(.text._ZN10__gnu_test25tracker_allocator_counter10deallocateEm[_ZN10__gnu_test25tracker_allocator_counter10deallocateEm]+0x8): undefined reference to `__gnu_test::tracker_allocator_counter::deallocationCount_'
/usr/bin/ld: check_construct_destroy.cc:(.text._ZN10__gnu_test25tracker_allocator_counter10deallocateEm[_ZN10__gnu_test25tracker_allocator_counter10deallocateEm]+0xc): undefined reference to `__gnu_test::tracker_allocator_counter::deallocationCount_'
/usr/bin/ld: check_construct_destroy.cc:(.text._ZN10__gnu_test25tracker_allocator_counter10deallocateEm[_ZN10__gnu_test25tracker_allocator_counter10deallocateEm]+0x1c): undefined reference to `__gnu_test::tracker_allocator_counter::deallocationCount_'
/usr/bin/ld: check_construct_destroy.cc:(.text._ZN10__gnu_test25tracker_allocator_counter10deallocateEm[_ZN10__gnu_test25tracker_allocator_counter10deallocateEm]+0x20): undefined reference to `__gnu_test::tracker_allocator_counter::deallocationCount_'
/usr/bin/ld: /tmp/ccvw8Hvy.o: in function `__gnu_test::tracker_allocator_counter::reset()':
check_construct_destroy.cc:(.text._ZN10__gnu_test25tracker_allocator_counter5resetEv[_ZN10__gnu_test25tracker_allocator_counter5resetEv]+0x0): undefined reference to `__gnu_test::tracker_allocator_counter::allocationCount_'
/usr/bin/ld: check_construct_destroy.cc:(.text._ZN10__gnu_test25tracker_allocator_counter5resetEv[_ZN10__gnu_test25tracker_allocator_counter5resetEv]+0x4): undefined reference to `__gnu_test::tracker_allocator_counter::allocationCount_'
/usr/bin/ld: check_construct_destroy.cc:(.text._ZN10__gnu_test25tracker_allocator_counter5resetEv[_ZN10__gnu_test25tracker_allocator_counter5resetEv]+0xc): undefined reference to `__gnu_test::tracker_allocator_counter::deallocationCount_'
/usr/bin/ld: check_construct_destroy.cc:(.text._ZN10__gnu_test25tracker_allocator_counter5resetEv[_ZN10__gnu_test25tracker_allocator_counter5resetEv]+0x10): undefined reference to `__gnu_test::tracker_allocator_counter::deallocationCount_'
/usr/bin/ld: check_construct_destroy.cc:(.text._ZN10__gnu_test25tracker_allocator_counter5resetEv[_ZN10__gnu_test25tracker_allocator_counter5resetEv]+0x18): undefined reference to `__gnu_test::tracker_allocator_counter::constructCount_'
/usr/bin/ld: check_construct_destroy.cc:(.text._ZN10__gnu_test25tracker_allocator_counter5resetEv[_ZN10__gnu_test25tracker_allocator_counter5resetEv]+0x1c): undefined reference to `__gnu_test::tracker_allocator_counter::constructCount_'
/usr/bin/ld: check_construct_destroy.cc:(.text._ZN10__gnu_test25tracker_allocator_counter5resetEv[_ZN10__gnu_test25tracker_allocator_counter5resetEv]+0x24): undefined reference to `__gnu_test::tracker_allocator_counter::destructCount_'
/usr/bin/ld: check_construct_destroy.cc:(.text._ZN10__gnu_test25tracker_allocator_counter5resetEv[_ZN10__gnu_test25tracker_allocator_counter5resetEv]+0x28): undefined reference to `__gnu_test::tracker_allocator_counter::destructCount_'
collect2: error: ld returned 1 exit status
  ✗ COMPILATION FAILED

Testing: gcc_tests/52591.cc
  ✓ PASSED (compile-only)

Testing: gcc_tests/63500.cc
  ✓ PASSED (compile-only)

Testing: gcc_tests/pmr_typedefs.cc
gcc_tests/pmr_typedefs.cc:22:11: error: 'vector' in namespace 'std::pmr' does not name a template type
   22 | std::pmr::vector<int> c{1, 2, 3, 4};
      |           ^~~~~~
gcc_tests/pmr_typedefs.cc:26:40: error: 'vector' is not a member of 'std::pmr'; did you mean 'std::vector'?
   26 | static_assert(std::is_same_v<std::pmr::vector<X>,
      |                                        ^~~~~~
In file included from ./vector:2,
                 from gcc_tests/pmr_typedefs.cc:20:
./vector.h:15:11: note: 'std::vector' declared here
   15 |     class vector{
      |           ^~~~~~
gcc_tests/pmr_typedefs.cc:26:20: error: parse error in template argument list
   26 | static_assert(std::is_same_v<std::pmr::vector<X>,
      |                    ^~~~~~~~~~~~~~~~~~~~~~~~~~~~~
gcc_tests/pmr_typedefs.cc:26:20: error: wrong number of template arguments (1, should be 2)
In file included from /usr/local/include/c++/13.4.0/bits/move.h:37,
                 from /usr/local/include/c++/13.4.0/bits/new_allocator.h:36,
                 from /usr/local/include/c++/13.4.0/aarch64-linux-gnu/bits/c++allocator.h:33,
                 from /usr/local/include/c++/13.4.0/bits/allocator.h:46,
                 from /usr/local/include/c++/13.4.0/memory:65,
                 from ./vector.h:6:
/usr/local/include/c++/13.4.0/type_traits:3357:25: note: provided for 'template<class _Tp, class _Up> constexpr const bool std::is_same_v<_Tp, _Up>'
 3357 |   inline constexpr bool is_same_v = __is_same(_Tp, _Up);
      |                         ^~~~~~~~~
gcc_tests/pmr_typedefs.cc:27:5: error: expected string-literal before 'std'
   27 |     std::vector<X, std::pmr::polymorphic_allocator<X>>>);
      |     ^~~
gcc_tests/pmr_typedefs.cc:26:50: error: expected ')' before 'std'
   26 | static_assert(std::is_same_v<std::pmr::vector<X>,
      |              ~                                   ^
      |                                                  )
   27 |     std::vector<X, std::pmr::polymorphic_allocator<X>>>);
      |     ~~~                                           
  ✗ FAILED (compilation)

Testing: gcc_tests/48101_neg.cc
In file included from /usr/local/include/c++/13.4.0/ext/alloc_traits.h:34,
                 from /usr/local/include/c++/13.4.0/bits/stl_uninitialized.h:64,
                 from /usr/local/include/c++/13.4.0/memory:69,
                 from ./vector.h:6,
                 from ./vector:2,
                 from gcc_tests/48101_neg.cc:20:
/usr/local/include/c++/13.4.0/bits/alloc_traits.h: In instantiation of 'static constexpr void std::allocator_traits<std::allocator<_Up> >::deallocate(allocator_type&, pointer, size_type) [with _Tp = const int; allocator_type = std::allocator<const int>; pointer = const int*; size_type = long unsigned int]':
./vector.h:1208:66:   required from 'constexpr void std::vector<T, Allocator>::destroy_and_deallocate(pointer, pointer, size_type) [with T = const int; Allocator = std::allocator<const int>; pointer = const int*; size_type = long unsigned int]'
./vector.h:280:13:   required from 'constexpr std::vector<T, Allocator>::~vector() [with T = const int; Allocator = std::allocator<const int>]'
./vector.h:169:131:   required from 'constexpr std::vector<T, Allocator>::vector() requires  is_default_constructible_v<Allocator> [with T = const int; Allocator = std::allocator<const int>]'
gcc_tests/48101_neg.cc:25:26:   required from here
/usr/local/include/c++/13.4.0/bits/alloc_traits.h:517:13: error: 'using std::allocator_traits<std::allocator<const int> >::allocator_type = class std::allocator<const int>' {aka 'class std::allocator<const int>'} has no member named 'deallocate'
  517 |       { __a.deallocate(__p, __n); }
      |         ~~~~^~~~~~~~~~
  ✓ PASSED (expected compilation failure)

Testing: gcc_tests/range_access.cc
  ✓ PASSED (compile-only)

Testing: gcc_tests/cons/94831.cc
In file included from /usr/local/include/c++/13.4.0/ext/alloc_traits.h:34,
                 from /usr/local/include/c++/13.4.0/bits/stl_uninitialized.h:64,
                 from /usr/local/include/c++/13.4.0/memory:69,
                 from ./vector.h:6,
                 from ./vector:2,
                 from gcc_tests/cons/94831.cc:20:
/usr/local/include/c++/13.4.0/bits/alloc_traits.h: In instantiation of 'static constexpr void std::allocator_traits<std::allocator<_Up> >::construct(allocator_type&, _Up*, _Args&& ...) [with _Up = float [2]; _Args = {float [2]}; _Tp = float [2]; allocator_type = std::allocator<float [2]>]':
./vector.h:1225:73:   required from 'constexpr void std::vector<T, Allocator>::grow(size_type) [with T = float [2]; Allocator = std::allocator<float [2]>; size_type = long unsigned int]'
./vector.h:183:17:   required from here
/usr/local/include/c++/13.4.0/bits/alloc_traits.h:540:28: error: no matching function for call to 'construct_at(float (*&)[2], float [2])'
  540 |           std::construct_at(__p, std::forward<_Args>(__args)...);
      |           ~~~~~~~~~~~~~~~~~^~~~~~~~~~~~~~~~~~~~~~~~~~~~~~~~~~~~~
In file included from /usr/local/include/c++/13.4.0/bits/stl_tempbuf.h:61,
                 from /usr/local/include/c++/13.4.0/memory:66:
/usr/local/include/c++/13.4.0/bits/stl_construct.h:94:5: note: candidate: 'template<class _Tp, class ... _Args> constexpr decltype (::new(void*(0)) _Tp) std::construct_at(_Tp*, _Args&& ...)'
   94 |     construct_at(_Tp* __location, _Args&&... __args)
      |     ^~~~~~~~~~~~
/usr/local/include/c++/13.4.0/bits/stl_construct.h:94:5: note:   template argument deduction/substitution failed:
/usr/local/include/c++/13.4.0/bits/stl_construct.h: In substitution of 'template<class _Tp, class ... _Args> constexpr decltype (::new(void*(0)) _Tp) std::construct_at(_Tp*, _Args&& ...) [with _Tp = float [2]; _Args = {float [2]}]':
/usr/local/include/c++/13.4.0/bits/alloc_traits.h:540:21:   required from 'static constexpr void std::allocator_traits<std::allocator<_Up> >::construct(allocator_type&, _Up*, _Args&& ...) [with _Up = float [2]; _Args = {float [2]}; _Tp = float [2]; allocator_type = std::allocator<float [2]>]'
./vector.h:1225:73:   required from 'constexpr void std::vector<T, Allocator>::grow(size_type) [with T = float [2]; Allocator = std::allocator<float [2]>; size_type = long unsigned int]'
./vector.h:183:17:   required from here
/usr/local/include/c++/13.4.0/bits/stl_construct.h:96:56: error: cannot convert 'float*' to 'float' in initialization
   96 |     -> decltype(::new((void*)0) _Tp(std::declval<_Args>()...))
      |                                     ~~~~~~~~~~~~~~~~~~~^~
      |                                                        |
      |                                                        float*
  ✗ FAILED (compilation)

Testing: gcc_tests/cons/89164_c++17.cc
In file included from /usr/local/include/c++/13.4.0/ext/alloc_traits.h:34,
                 from /usr/local/include/c++/13.4.0/bits/stl_uninitialized.h:64,
                 from /usr/local/include/c++/13.4.0/memory:69,
                 from ./vector.h:6,
                 from ./vector:2,
                 from gcc_tests/cons/89164_c++17.cc:20:
/usr/local/include/c++/13.4.0/bits/alloc_traits.h: In instantiation of 'static constexpr void std::allocator_traits<std::allocator<_Up> >::construct(allocator_type&, _Up*, _Args&& ...) [with _Up = X; _Args = {const X&}; _Tp = X; allocator_type = std::allocator<X>]':
./vector.h:1070:77:   required from 'constexpr void std::vector<T, Allocator>::range_initialize(It, It) [with It = const X*; T = X; Allocator = std::allocator<X>]'
./vector.h:226:29:   required from here
/usr/local/include/c++/13.4.0/bits/alloc_traits.h:540:28: error: no matching function for call to 'construct_at(X*&, const X&)'
  540 |           std::construct_at(__p, std::forward<_Args>(__args)...);
      |           ~~~~~~~~~~~~~~~~~^~~~~~~~~~~~~~~~~~~~~~~~~~~~~~~~~~~~~
In file included from /usr/local/include/c++/13.4.0/bits/stl_tempbuf.h:61,
                 from /usr/local/include/c++/13.4.0/memory:66:
/usr/local/include/c++/13.4.0/bits/stl_construct.h:94:5: note: candidate: 'template<class _Tp, class ... _Args> constexpr decltype (::new(void*(0)) _Tp) std::construct_at(_Tp*, _Args&& ...)'
   94 |     construct_at(_Tp* __location, _Args&&... __args)
      |     ^~~~~~~~~~~~
/usr/local/include/c++/13.4.0/bits/stl_construct.h:94:5: note:   template argument deduction/substitution failed:
/usr/local/include/c++/13.4.0/bits/stl_construct.h: In substitution of 'template<class _Tp, class ... _Args> constexpr decltype (::new(void*(0)) _Tp) std::construct_at(_Tp*, _Args&& ...) [with _Tp = X; _Args = {const X&}]':
/usr/local/include/c++/13.4.0/bits/alloc_traits.h:540:21:   required from 'static constexpr void std::allocator_traits<std::allocator<_Up> >::construct(allocator_type&, _Up*, _Args&& ...) [with _Up = X; _Args = {const X&}; _Tp = X; allocator_type = std::allocator<X>]'
./vector.h:1070:77:   required from 'constexpr void std::vector<T, Allocator>::range_initialize(It, It) [with It = const X*; T = X; Allocator = std::allocator<X>]'
./vector.h:226:29:   required from here
/usr/local/include/c++/13.4.0/bits/stl_construct.h:96:17: error: use of deleted function 'X::X(const X&)'
   96 |     -> decltype(::new((void*)0) _Tp(std::declval<_Args>()...))
      |                 ^~~~~~~~~~~~~~~~~~~~~~~~~~~~~~~~~~~~~~~~~~~~~
gcc_tests/cons/89164_c++17.cc:27:3: note: declared here
   27 |   X(const X&) = delete;
      |   ^
/usr/local/include/c++/13.4.0/bits/alloc_traits.h: In instantiation of 'static constexpr void std::allocator_traits<std::allocator<_Up> >::construct(allocator_type&, _Up*, _Args&& ...) [with _Up = X; _Args = {X}; _Tp = X; allocator_type = std::allocator<X>]':
./vector.h:1225:73:   required from 'constexpr void std::vector<T, Allocator>::grow(size_type) [with T = X; Allocator = std::allocator<X>; size_type = long unsigned int]'
./vector.h:1065:21:   required from here
/usr/local/include/c++/13.4.0/bits/alloc_traits.h:540:28: error: no matching function for call to 'construct_at(X*&, X)'
  540 |           std::construct_at(__p, std::forward<_Args>(__args)...);
      |           ~~~~~~~~~~~~~~~~~^~~~~~~~~~~~~~~~~~~~~~~~~~~~~~~~~~~~~
/usr/local/include/c++/13.4.0/bits/stl_construct.h:94:5: note: candidate: 'template<class _Tp, class ... _Args> constexpr decltype (::new(void*(0)) _Tp) std::construct_at(_Tp*, _Args&& ...)'
   94 |     construct_at(_Tp* __location, _Args&&... __args)
      |     ^~~~~~~~~~~~
/usr/local/include/c++/13.4.0/bits/stl_construct.h:94:5: note:   template argument deduction/substitution failed:
/usr/local/include/c++/13.4.0/bits/stl_construct.h: In substitution of 'template<class _Tp, class ... _Args> constexpr decltype (::new(void*(0)) _Tp) std::construct_at(_Tp*, _Args&& ...) [with _Tp = X; _Args = {X}]':
/usr/local/include/c++/13.4.0/bits/alloc_traits.h:540:21:   required from 'static constexpr void std::allocator_traits<std::allocator<_Up> >::construct(allocator_type&, _Up*, _Args&& ...) [with _Up = X; _Args = {X}; _Tp = X; allocator_type = std::allocator<X>]'
./vector.h:1225:73:   required from 'constexpr void std::vector<T, Allocator>::grow(size_type) [with T = X; Allocator = std::allocator<X>; size_type = long unsigned int]'
./vector.h:1065:21:   required from here
/usr/local/include/c++/13.4.0/bits/stl_construct.h:96:17: error: use of deleted function 'X::X(const X&)'
   96 |     -> decltype(::new((void*)0) _Tp(std::declval<_Args>()...))
      |                 ^~~~~~~~~~~~~~~~~~~~~~~~~~~~~~~~~~~~~~~~~~~~~
gcc_tests/cons/89164_c++17.cc:27:3: note: declared here
   27 |   X(const X&) = delete;
      |   ^
  ✓ PASSED (expected compilation failure)

Testing: gcc_tests/cons/moveable2.cc
  ✓ PASSED (compile-only)

Testing: gcc_tests/cons/94540.cc
  ✓ PASSED

Testing: gcc_tests/cons/4.cc
/usr/bin/ld: /tmp/ccu5jhZg.o: in function `test_default_ctor_exception_gurantee()':
4.cc:(.text+0x1c): undefined reference to `__gnu_test::copy_tracker::next_id_'
/usr/bin/ld: 4.cc:(.text+0x20): undefined reference to `__gnu_test::copy_tracker::next_id_'
/usr/bin/ld: 4.cc:(.text+0x2c): undefined reference to `__gnu_test::copy_tracker::next_id_'
/usr/bin/ld: 4.cc:(.text+0x30): undefined reference to `__gnu_test::copy_tracker::next_id_'
/usr/bin/ld: /tmp/ccu5jhZg.o: in function `test_fill_assign_1()':
4.cc:(.text+0xa90): undefined reference to `__gnu_test::copy_tracker::next_id_'
/usr/bin/ld: /tmp/ccu5jhZg.o:4.cc:(.text+0xa94): more undefined references to `__gnu_test::copy_tracker::next_id_' follow
/usr/bin/ld: /tmp/ccu5jhZg.o: in function `__gnu_test::copy_constructor::count()':
4.cc:(.text._ZN10__gnu_test16copy_constructor5countEv[_ZN10__gnu_test16copy_constructor5countEv]+0x0): undefined reference to `__gnu_test::copy_constructor::count_'
/usr/bin/ld: 4.cc:(.text._ZN10__gnu_test16copy_constructor5countEv[_ZN10__gnu_test16copy_constructor5countEv]+0x4): undefined reference to `__gnu_test::copy_constructor::count_'
/usr/bin/ld: /tmp/ccu5jhZg.o: in function `__gnu_test::copy_constructor::mark_call()':
4.cc:(.text._ZN10__gnu_test16copy_constructor9mark_callEv[_ZN10__gnu_test16copy_constructor9mark_callEv]+0x8): undefined reference to `__gnu_test::copy_constructor::count_'
/usr/bin/ld: 4.cc:(.text._ZN10__gnu_test16copy_constructor9mark_callEv[_ZN10__gnu_test16copy_constructor9mark_callEv]+0xc): undefined reference to `__gnu_test::copy_constructor::count_'
/usr/bin/ld: 4.cc:(.text._ZN10__gnu_test16copy_constructor9mark_callEv[_ZN10__gnu_test16copy_constructor9mark_callEv]+0x18): undefined reference to `__gnu_test::copy_constructor::count_'
/usr/bin/ld: /tmp/ccu5jhZg.o:4.cc:(.text._ZN10__gnu_test16copy_constructor9mark_callEv[_ZN10__gnu_test16copy_constructor9mark_callEv]+0x1c): more undefined references to `__gnu_test::copy_constructor::count_' follow
/usr/bin/ld: /tmp/ccu5jhZg.o: in function `__gnu_test::copy_constructor::mark_call()':
4.cc:(.text._ZN10__gnu_test16copy_constructor9mark_callEv[_ZN10__gnu_test16copy_constructor9mark_callEv]+0x30): undefined reference to `__gnu_test::copy_constructor::throw_on_'
/usr/bin/ld: 4.cc:(.text._ZN10__gnu_test16copy_constructor9mark_callEv[_ZN10__gnu_test16copy_constructor9mark_callEv]+0x34): undefined reference to `__gnu_test::copy_constructor::throw_on_'
/usr/bin/ld: /tmp/ccu5jhZg.o: in function `__gnu_test::copy_constructor::reset()':
4.cc:(.text._ZN10__gnu_test16copy_constructor5resetEv[_ZN10__gnu_test16copy_constructor5resetEv]+0x0): undefined reference to `__gnu_test::copy_constructor::count_'
/usr/bin/ld: 4.cc:(.text._ZN10__gnu_test16copy_constructor5resetEv[_ZN10__gnu_test16copy_constructor5resetEv]+0x4): undefined reference to `__gnu_test::copy_constructor::count_'
/usr/bin/ld: 4.cc:(.text._ZN10__gnu_test16copy_constructor5resetEv[_ZN10__gnu_test16copy_constructor5resetEv]+0xc): undefined reference to `__gnu_test::copy_constructor::throw_on_'
/usr/bin/ld: 4.cc:(.text._ZN10__gnu_test16copy_constructor5resetEv[_ZN10__gnu_test16copy_constructor5resetEv]+0x10): undefined reference to `__gnu_test::copy_constructor::throw_on_'
/usr/bin/ld: /tmp/ccu5jhZg.o: in function `__gnu_test::copy_constructor::throw_on(unsigned int)':
4.cc:(.text._ZN10__gnu_test16copy_constructor8throw_onEj[_ZN10__gnu_test16copy_constructor8throw_onEj]+0x8): undefined reference to `__gnu_test::copy_constructor::throw_on_'
/usr/bin/ld: 4.cc:(.text._ZN10__gnu_test16copy_constructor8throw_onEj[_ZN10__gnu_test16copy_constructor8throw_onEj]+0xc): undefined reference to `__gnu_test::copy_constructor::throw_on_'
/usr/bin/ld: /tmp/ccu5jhZg.o: in function `__gnu_test::assignment_operator::count()':
4.cc:(.text._ZN10__gnu_test19assignment_operator5countEv[_ZN10__gnu_test19assignment_operator5countEv]+0x0): undefined reference to `__gnu_test::assignment_operator::count_'
/usr/bin/ld: 4.cc:(.text._ZN10__gnu_test19assignment_operator5countEv[_ZN10__gnu_test19assignment_operator5countEv]+0x4): undefined reference to `__gnu_test::assignment_operator::count_'
/usr/bin/ld: /tmp/ccu5jhZg.o: in function `__gnu_test::assignment_operator::mark_call()':
4.cc:(.text._ZN10__gnu_test19assignment_operator9mark_callEv[_ZN10__gnu_test19assignment_operator9mark_callEv]+0x8): undefined reference to `__gnu_test::assignment_operator::count_'
/usr/bin/ld: 4.cc:(.text._ZN10__gnu_test19assignment_operator9mark_callEv[_ZN10__gnu_test19assignment_operator9mark_callEv]+0xc): undefined reference to `__gnu_test::assignment_operator::count_'
/usr/bin/ld: 4.cc:(.text._ZN10__gnu_test19assignment_operator9mark_callEv[_ZN10__gnu_test19assignment_operator9mark_callEv]+0x18): undefined reference to `__gnu_test::assignment_operator::count_'
/usr/bin/ld: /tmp/ccu5jhZg.o:4.cc:(.text._ZN10__gnu_test19assignment_operator9mark_callEv[_ZN10__gnu_test19assignment_operator9mark_callEv]+0x1c): more undefined references to `__gnu_test::assignment_operator::count_' follow
/usr/bin/ld: /tmp/ccu5jhZg.o: in function `__gnu_test::assignment_operator::mark_call()':
4.cc:(.text._ZN10__gnu_test19assignment_operator9mark_callEv[_ZN10__gnu_test19assignment_operator9mark_callEv]+0x30): undefined reference to `__gnu_test::assignment_operator::throw_on_'
/usr/bin/ld: 4.cc:(.text._ZN10__gnu_test19assignment_operator9mark_callEv[_ZN10__gnu_test19assignment_operator9mark_callEv]+0x34): undefined reference to `__gnu_test::assignment_operator::throw_on_'
/usr/bin/ld: /tmp/ccu5jhZg.o: in function `__gnu_test::assignment_operator::reset()':
4.cc:(.text._ZN10__gnu_test19assignment_operator5resetEv[_ZN10__gnu_test19assignment_operator5resetEv]+0x0): undefined reference to `__gnu_test::assignment_operator::count_'
/usr/bin/ld: 4.cc:(.text._ZN10__gnu_test19assignment_operator5resetEv[_ZN10__gnu_test19assignment_operator5resetEv]+0x4): undefined reference to `__gnu_test::assignment_operator::count_'
/usr/bin/ld: 4.cc:(.text._ZN10__gnu_test19assignment_operator5resetEv[_ZN10__gnu_test19assignment_operator5resetEv]+0xc): undefined reference to `__gnu_test::assignment_operator::throw_on_'
/usr/bin/ld: 4.cc:(.text._ZN10__gnu_test19assignment_operator5resetEv[_ZN10__gnu_test19assignment_operator5resetEv]+0x10): undefined reference to `__gnu_test::assignment_operator::throw_on_'
/usr/bin/ld: /tmp/ccu5jhZg.o: in function `__gnu_test::assignment_operator::throw_on(unsigned int)':
4.cc:(.text._ZN10__gnu_test19assignment_operator8throw_onEj[_ZN10__gnu_test19assignment_operator8throw_onEj]+0x8): undefined reference to `__gnu_test::assignment_operator::throw_on_'
/usr/bin/ld: 4.cc:(.text._ZN10__gnu_test19assignment_operator8throw_onEj[_ZN10__gnu_test19assignment_operator8throw_onEj]+0xc): undefined reference to `__gnu_test::assignment_operator::throw_on_'
/usr/bin/ld: /tmp/ccu5jhZg.o: in function `__gnu_test::destructor::mark_call()':
4.cc:(.text._ZN10__gnu_test10destructor9mark_callEv[_ZN10__gnu_test10destructor9mark_callEv]+0x0): undefined reference to `__gnu_test::destructor::_M_count'
/usr/bin/ld: 4.cc:(.text._ZN10__gnu_test10destructor9mark_callEv[_ZN10__gnu_test10destructor9mark_callEv]+0x4): undefined reference to `__gnu_test::destructor::_M_count'
/usr/bin/ld: 4.cc:(.text._ZN10__gnu_test10destructor9mark_callEv[_ZN10__gnu_test10destructor9mark_callEv]+0x10): undefined reference to `__gnu_test::destructor::_M_count'
/usr/bin/ld: 4.cc:(.text._ZN10__gnu_test10destructor9mark_callEv[_ZN10__gnu_test10destructor9mark_callEv]+0x14): undefined reference to `__gnu_test::destructor::_M_count'
/usr/bin/ld: /tmp/ccu5jhZg.o: in function `__gnu_test::destructor::reset()':
4.cc:(.text._ZN10__gnu_test10destructor5resetEv[_ZN10__gnu_test10destructor5resetEv]+0x0): undefined reference to `__gnu_test::destructor::_M_count'
/usr/bin/ld: /tmp/ccu5jhZg.o:4.cc:(.text._ZN10__gnu_test10destructor5resetEv[_ZN10__gnu_test10destructor5resetEv]+0x4): more undefined references to `__gnu_test::destructor::_M_count' follow
/usr/bin/ld: /tmp/ccu5jhZg.o: in function `__gnu_test::tracker_allocator_counter::allocate(unsigned long)':
4.cc:(.text._ZN10__gnu_test25tracker_allocator_counter8allocateEm[_ZN10__gnu_test25tracker_allocator_counter8allocateEm]+0x8): undefined reference to `__gnu_test::tracker_allocator_counter::allocationCount_'
/usr/bin/ld: 4.cc:(.text._ZN10__gnu_test25tracker_allocator_counter8allocateEm[_ZN10__gnu_test25tracker_allocator_counter8allocateEm]+0xc): undefined reference to `__gnu_test::tracker_allocator_counter::allocationCount_'
/usr/bin/ld: 4.cc:(.text._ZN10__gnu_test25tracker_allocator_counter8allocateEm[_ZN10__gnu_test25tracker_allocator_counter8allocateEm]+0x1c): undefined reference to `__gnu_test::tracker_allocator_counter::allocationCount_'
/usr/bin/ld: 4.cc:(.text._ZN10__gnu_test25tracker_allocator_counter8allocateEm[_ZN10__gnu_test25tracker_allocator_counter8allocateEm]+0x20): undefined reference to `__gnu_test::tracker_allocator_counter::allocationCount_'
/usr/bin/ld: /tmp/ccu5jhZg.o: in function `__gnu_test::tracker_allocator_counter::construct()':
4.cc:(.text._ZN10__gnu_test25tracker_allocator_counter9constructEv[_ZN10__gnu_test25tracker_allocator_counter9constructEv]+0x0): undefined reference to `__gnu_test::tracker_allocator_counter::constructCount_'
/usr/bin/ld: 4.cc:(.text._ZN10__gnu_test25tracker_allocator_counter9constructEv[_ZN10__gnu_test25tracker_allocator_counter9constructEv]+0x4): undefined reference to `__gnu_test::tracker_allocator_counter::constructCount_'
/usr/bin/ld: 4.cc:(.text._ZN10__gnu_test25tracker_allocator_counter9constructEv[_ZN10__gnu_test25tracker_allocator_counter9constructEv]+0x10): undefined reference to `__gnu_test::tracker_allocator_counter::constructCount_'
/usr/bin/ld: 4.cc:(.text._ZN10__gnu_test25tracker_allocator_counter9constructEv[_ZN10__gnu_test25tracker_allocator_counter9constructEv]+0x14): undefined reference to `__gnu_test::tracker_allocator_counter::constructCount_'
/usr/bin/ld: /tmp/ccu5jhZg.o: in function `__gnu_test::tracker_allocator_counter::destroy()':
4.cc:(.text._ZN10__gnu_test25tracker_allocator_counter7destroyEv[_ZN10__gnu_test25tracker_allocator_counter7destroyEv]+0x0): undefined reference to `__gnu_test::tracker_allocator_counter::destructCount_'
/usr/bin/ld: 4.cc:(.text._ZN10__gnu_test25tracker_allocator_counter7destroyEv[_ZN10__gnu_test25tracker_allocator_counter7destroyEv]+0x4): undefined reference to `__gnu_test::tracker_allocator_counter::destructCount_'
/usr/bin/ld: 4.cc:(.text._ZN10__gnu_test25tracker_allocator_counter7destroyEv[_ZN10__gnu_test25tracker_allocator_counter7destroyEv]+0x10): undefined reference to `__gnu_test::tracker_allocator_counter::destructCount_'
/usr/bin/ld: 4.cc:(.text._ZN10__gnu_test25tracker_allocator_counter7destroyEv[_ZN10__gnu_test25tracker_allocator_counter7destroyEv]+0x14): undefined reference to `__gnu_test::tracker_allocator_counter::destructCount_'
/usr/bin/ld: /tmp/ccu5jhZg.o: in function `__gnu_test::tracker_allocator_counter::deallocate(unsigned long)':
4.cc:(.text._ZN10__gnu_test25tracker_allocator_counter10deallocateEm[_ZN10__gnu_test25tracker_allocator_counter10deallocateEm]+0x8): undefined reference to `__gnu_test::tracker_allocator_counter::deallocationCount_'
/usr/bin/ld: 4.cc:(.text._ZN10__gnu_test25tracker_allocator_counter10deallocateEm[_ZN10__gnu_test25tracker_allocator_counter10deallocateEm]+0xc): undefined reference to `__gnu_test::tracker_allocator_counter::deallocationCount_'
/usr/bin/ld: 4.cc:(.text._ZN10__gnu_test25tracker_allocator_counter10deallocateEm[_ZN10__gnu_test25tracker_allocator_counter10deallocateEm]+0x1c): undefined reference to `__gnu_test::tracker_allocator_counter::deallocationCount_'
/usr/bin/ld: 4.cc:(.text._ZN10__gnu_test25tracker_allocator_counter10deallocateEm[_ZN10__gnu_test25tracker_allocator_counter10deallocateEm]+0x20): undefined reference to `__gnu_test::tracker_allocator_counter::deallocationCount_'
/usr/bin/ld: /tmp/ccu5jhZg.o: in function `__gnu_test::tracker_allocator_counter::get_allocation_count()':
4.cc:(.text._ZN10__gnu_test25tracker_allocator_counter20get_allocation_countEv[_ZN10__gnu_test25tracker_allocator_counter20get_allocation_countEv]+0x0): undefined reference to `__gnu_test::tracker_allocator_counter::allocationCount_'
/usr/bin/ld: 4.cc:(.text._ZN10__gnu_test25tracker_allocator_counter20get_allocation_countEv[_ZN10__gnu_test25tracker_allocator_counter20get_allocation_countEv]+0x4): undefined reference to `__gnu_test::tracker_allocator_counter::allocationCount_'
/usr/bin/ld: /tmp/ccu5jhZg.o: in function `__gnu_test::tracker_allocator_counter::get_deallocation_count()':
4.cc:(.text._ZN10__gnu_test25tracker_allocator_counter22get_deallocation_countEv[_ZN10__gnu_test25tracker_allocator_counter22get_deallocation_countEv]+0x0): undefined reference to `__gnu_test::tracker_allocator_counter::deallocationCount_'
/usr/bin/ld: 4.cc:(.text._ZN10__gnu_test25tracker_allocator_counter22get_deallocation_countEv[_ZN10__gnu_test25tracker_allocator_counter22get_deallocation_countEv]+0x4): undefined reference to `__gnu_test::tracker_allocator_counter::deallocationCount_'
/usr/bin/ld: /tmp/ccu5jhZg.o: in function `__gnu_test::tracker_allocator_counter::reset()':
4.cc:(.text._ZN10__gnu_test25tracker_allocator_counter5resetEv[_ZN10__gnu_test25tracker_allocator_counter5resetEv]+0x0): undefined reference to `__gnu_test::tracker_allocator_counter::allocationCount_'
/usr/bin/ld: 4.cc:(.text._ZN10__gnu_test25tracker_allocator_counter5resetEv[_ZN10__gnu_test25tracker_allocator_counter5resetEv]+0x4): undefined reference to `__gnu_test::tracker_allocator_counter::allocationCount_'
/usr/bin/ld: 4.cc:(.text._ZN10__gnu_test25tracker_allocator_counter5resetEv[_ZN10__gnu_test25tracker_allocator_counter5resetEv]+0xc): undefined reference to `__gnu_test::tracker_allocator_counter::deallocationCount_'
/usr/bin/ld: 4.cc:(.text._ZN10__gnu_test25tracker_allocator_counter5resetEv[_ZN10__gnu_test25tracker_allocator_counter5resetEv]+0x10): undefined reference to `__gnu_test::tracker_allocator_counter::deallocationCount_'
/usr/bin/ld: 4.cc:(.text._ZN10__gnu_test25tracker_allocator_counter5resetEv[_ZN10__gnu_test25tracker_allocator_counter5resetEv]+0x18): undefined reference to `__gnu_test::tracker_allocator_counter::constructCount_'
/usr/bin/ld: 4.cc:(.text._ZN10__gnu_test25tracker_allocator_counter5resetEv[_ZN10__gnu_test25tracker_allocator_counter5resetEv]+0x1c): undefined reference to `__gnu_test::tracker_allocator_counter::constructCount_'
/usr/bin/ld: 4.cc:(.text._ZN10__gnu_test25tracker_allocator_counter5resetEv[_ZN10__gnu_test25tracker_allocator_counter5resetEv]+0x24): undefined reference to `__gnu_test::tracker_allocator_counter::destructCount_'
/usr/bin/ld: 4.cc:(.text._ZN10__gnu_test25tracker_allocator_counter5resetEv[_ZN10__gnu_test25tracker_allocator_counter5resetEv]+0x28): undefined reference to `__gnu_test::tracker_allocator_counter::destructCount_'
/usr/bin/ld: /tmp/ccu5jhZg.o: in function `decltype (::new ((void*)(0)) __gnu_test::copy_tracker()) std::construct_at<__gnu_test::copy_tracker>(__gnu_test::copy_tracker*)':
4.cc:(.text._ZSt12construct_atIN10__gnu_test12copy_trackerEJEEDTgsnwcvPvLi0E_T_pispcl7declvalIT0_EEEEPS3_DpOS4_[_ZSt12construct_atIN10__gnu_test12copy_trackerEJEEDTgsnwcvPvLi0E_T_pispcl7declvalIT0_EEEEPS3_DpOS4_]+0x24): undefined reference to `__gnu_test::copy_tracker::next_id_'
/usr/bin/ld: 4.cc:(.text._ZSt12construct_atIN10__gnu_test12copy_trackerEJEEDTgsnwcvPvLi0E_T_pispcl7declvalIT0_EEEEPS3_DpOS4_[_ZSt12construct_atIN10__gnu_test12copy_trackerEJEEDTgsnwcvPvLi0E_T_pispcl7declvalIT0_EEEEPS3_DpOS4_]+0x28): undefined reference to `__gnu_test::copy_tracker::next_id_'
/usr/bin/ld: 4.cc:(.text._ZSt12construct_atIN10__gnu_test12copy_trackerEJEEDTgsnwcvPvLi0E_T_pispcl7declvalIT0_EEEEPS3_DpOS4_[_ZSt12construct_atIN10__gnu_test12copy_trackerEJEEDTgsnwcvPvLi0E_T_pispcl7declvalIT0_EEEEPS3_DpOS4_]+0x34): undefined reference to `__gnu_test::copy_tracker::next_id_'
/usr/bin/ld: 4.cc:(.text._ZSt12construct_atIN10__gnu_test12copy_trackerEJEEDTgsnwcvPvLi0E_T_pispcl7declvalIT0_EEEEPS3_DpOS4_[_ZSt12construct_atIN10__gnu_test12copy_trackerEJEEDTgsnwcvPvLi0E_T_pispcl7declvalIT0_EEEEPS3_DpOS4_]+0x38): undefined reference to `__gnu_test::copy_tracker::next_id_'
collect2: error: ld returned 1 exit status
  ✗ COMPILATION FAILED

Testing: gcc_tests/cons/constexpr.cc
gcc_tests/cons/constexpr.cc:7:3: error: #error "Feature test macro for constexpr vector is missing in <vector>"
    7 | # error "Feature test macro for constexpr vector is missing in <vector>"
      |   ^~~~~
  ✗ FAILED (compilation)

Testing: gcc_tests/cons/destructible_neg.cc
In file included from /usr/local/include/c++/13.4.0/bits/stl_tempbuf.h:61,
                 from /usr/local/include/c++/13.4.0/memory:66,
                 from ./vector.h:6,
                 from ./vector:2,
                 from gcc_tests/cons/destructible_neg.cc:21:
/usr/local/include/c++/13.4.0/bits/stl_construct.h: In instantiation of 'constexpr void std::destroy_at(_Tp*) [with _Tp = DeletedDtor]':
/usr/local/include/c++/13.4.0/bits/alloc_traits.h:560:19:   required from 'static constexpr void std::allocator_traits<std::allocator<_Up> >::destroy(allocator_type&, _Up*) [with _Up = DeletedDtor; _Tp = DeletedDtor; allocator_type = std::allocator<DeletedDtor>]'
./vector.h:1206:67:   required from 'constexpr void std::vector<T, Allocator>::destroy_and_deallocate(pointer, pointer, size_type) [with T = DeletedDtor; Allocator = std::allocator<DeletedDtor>; pointer = DeletedDtor*; size_type = long unsigned int]'
./vector.h:280:13:   required from 'constexpr std::vector<T, Allocator>::~vector() [with T = DeletedDtor; Allocator = std::allocator<DeletedDtor>]'
./vector.h:169:131:   required from 'constexpr std::vector<T, Allocator>::vector() requires  is_default_constructible_v<Allocator> [with T = DeletedDtor; Allocator = std::allocator<DeletedDtor>]'
gcc_tests/cons/destructible_neg.cc:36:28:   required from here
/usr/local/include/c++/13.4.0/bits/stl_construct.h:88:25: error: use of deleted function 'DeletedDtor::~DeletedDtor()'
   88 |         __location->~_Tp();
      |         ~~~~~~~~~~~~~~~~^~
gcc_tests/cons/destructible_neg.cc:26:3: note: declared here
   26 |   ~DeletedDtor() = delete;
      |   ^
/usr/local/include/c++/13.4.0/bits/stl_construct.h: In instantiation of 'constexpr void std::destroy_at(_Tp*) [with _Tp = PrivateDtor]':
/usr/local/include/c++/13.4.0/bits/alloc_traits.h:560:19:   required from 'static constexpr void std::allocator_traits<std::allocator<_Up> >::destroy(allocator_type&, _Up*) [with _Up = PrivateDtor; _Tp = PrivateDtor; allocator_type = std::allocator<PrivateDtor>]'
./vector.h:1206:67:   required from 'constexpr void std::vector<T, Allocator>::destroy_and_deallocate(pointer, pointer, size_type) [with T = PrivateDtor; Allocator = std::allocator<PrivateDtor>; pointer = PrivateDtor*; size_type = long unsigned int]'
./vector.h:280:13:   required from 'constexpr std::vector<T, Allocator>::~vector() [with T = PrivateDtor; Allocator = std::allocator<PrivateDtor>]'
./vector.h:169:131:   required from 'constexpr std::vector<T, Allocator>::vector() requires  is_default_constructible_v<Allocator> [with T = PrivateDtor; Allocator = std::allocator<PrivateDtor>]'
gcc_tests/cons/destructible_neg.cc:42:28:   required from here
/usr/local/include/c++/13.4.0/bits/stl_construct.h:88:25: error: 'PrivateDtor::~PrivateDtor()' is private within this context
   88 |         __location->~_Tp();
      |         ~~~~~~~~~~~~~~~~^~
gcc_tests/cons/destructible_neg.cc:30:3: note: declared private here
   30 |   ~PrivateDtor() { }
      |   ^
  ✓ PASSED (expected compilation failure)

Testing: gcc_tests/cons/87809.cc
  ✓ PASSED (compile-only)

Testing: gcc_tests/cons/1.cc
  ✓ PASSED

Testing: gcc_tests/cons/clear_allocator.cc
  ✓ PASSED

Testing: gcc_tests/cons/6513.cc
  ✓ PASSED

Testing: gcc_tests/cons/cons_size.cc
  ✓ PASSED

Testing: gcc_tests/cons/2.cc
  ✓ PASSED

Testing: gcc_tests/cons/destroy-adl.cc
  ✓ PASSED (compile-only)

Testing: gcc_tests/cons/moveable.cc
  ✓ PASSED

Testing: gcc_tests/cons/self_move.cc
  ✓ PASSED

Testing: gcc_tests/cons/noexcept_move_construct.cc
  ✓ PASSED (compile-only)

Testing: gcc_tests/cons/89164.cc
In file included from /usr/local/include/c++/13.4.0/ext/alloc_traits.h:34,
                 from /usr/local/include/c++/13.4.0/bits/stl_uninitialized.h:64,
                 from /usr/local/include/c++/13.4.0/memory:69,
                 from ./vector.h:6,
                 from ./vector:2,
                 from gcc_tests/cons/89164.cc:20:
/usr/local/include/c++/13.4.0/bits/alloc_traits.h: In instantiation of 'static constexpr void std::allocator_traits<std::allocator<_Up> >::construct(allocator_type&, _Up*, _Args&& ...) [with _Up = X; _Args = {X&}; _Tp = X; allocator_type = std::allocator<X>]':
./vector.h:1070:77:   required from 'constexpr void std::vector<T, Allocator>::range_initialize(It, It) [with It = X*; T = X; Allocator = std::allocator<X>]'
./vector.h:222:29:   required from here
/usr/local/include/c++/13.4.0/bits/alloc_traits.h:540:28: error: no matching function for call to 'construct_at(X*&, X&)'
  540 |           std::construct_at(__p, std::forward<_Args>(__args)...);
      |           ~~~~~~~~~~~~~~~~~^~~~~~~~~~~~~~~~~~~~~~~~~~~~~~~~~~~~~
In file included from /usr/local/include/c++/13.4.0/bits/stl_tempbuf.h:61,
                 from /usr/local/include/c++/13.4.0/memory:66:
/usr/local/include/c++/13.4.0/bits/stl_construct.h:94:5: note: candidate: 'template<class _Tp, class ... _Args> constexpr decltype (::new(void*(0)) _Tp) std::construct_at(_Tp*, _Args&& ...)'
   94 |     construct_at(_Tp* __location, _Args&&... __args)
      |     ^~~~~~~~~~~~
/usr/local/include/c++/13.4.0/bits/stl_construct.h:94:5: note:   template argument deduction/substitution failed:
/usr/local/include/c++/13.4.0/bits/stl_construct.h: In substitution of 'template<class _Tp, class ... _Args> constexpr decltype (::new(void*(0)) _Tp) std::construct_at(_Tp*, _Args&& ...) [with _Tp = X; _Args = {X&}]':
/usr/local/include/c++/13.4.0/bits/alloc_traits.h:540:21:   required from 'static constexpr void std::allocator_traits<std::allocator<_Up> >::construct(allocator_type&, _Up*, _Args&& ...) [with _Up = X; _Args = {X&}; _Tp = X; allocator_type = std::allocator<X>]'
./vector.h:1070:77:   required from 'constexpr void std::vector<T, Allocator>::range_initialize(It, It) [with It = X*; T = X; Allocator = std::allocator<X>]'
./vector.h:222:29:   required from here
/usr/local/include/c++/13.4.0/bits/stl_construct.h:96:17: error: use of deleted function 'X::X(const X&)'
   96 |     -> decltype(::new((void*)0) _Tp(std::declval<_Args>()...))
      |                 ^~~~~~~~~~~~~~~~~~~~~~~~~~~~~~~~~~~~~~~~~~~~~
gcc_tests/cons/89164.cc:27:3: note: declared here
   27 |   X(const X&) = delete;
      |   ^
/usr/local/include/c++/13.4.0/bits/alloc_traits.h: In instantiation of 'static constexpr void std::allocator_traits<std::allocator<_Up> >::construct(allocator_type&, _Up*, _Args&& ...) [with _Up = X; _Args = {X}; _Tp = X; allocator_type = std::allocator<X>]':
./vector.h:1225:73:   required from 'constexpr void std::vector<T, Allocator>::grow(size_type) [with T = X; Allocator = std::allocator<X>; size_type = long unsigned int]'
./vector.h:1065:21:   required from here
/usr/local/include/c++/13.4.0/bits/alloc_traits.h:540:28: error: no matching function for call to 'construct_at(X*&, X)'
  540 |           std::construct_at(__p, std::forward<_Args>(__args)...);
      |           ~~~~~~~~~~~~~~~~~^~~~~~~~~~~~~~~~~~~~~~~~~~~~~~~~~~~~~
/usr/local/include/c++/13.4.0/bits/stl_construct.h:94:5: note: candidate: 'template<class _Tp, class ... _Args> constexpr decltype (::new(void*(0)) _Tp) std::construct_at(_Tp*, _Args&& ...)'
   94 |     construct_at(_Tp* __location, _Args&&... __args)
      |     ^~~~~~~~~~~~
/usr/local/include/c++/13.4.0/bits/stl_construct.h:94:5: note:   template argument deduction/substitution failed:
/usr/local/include/c++/13.4.0/bits/stl_construct.h: In substitution of 'template<class _Tp, class ... _Args> constexpr decltype (::new(void*(0)) _Tp) std::construct_at(_Tp*, _Args&& ...) [with _Tp = X; _Args = {X}]':
/usr/local/include/c++/13.4.0/bits/alloc_traits.h:540:21:   required from 'static constexpr void std::allocator_traits<std::allocator<_Up> >::construct(allocator_type&, _Up*, _Args&& ...) [with _Up = X; _Args = {X}; _Tp = X; allocator_type = std::allocator<X>]'
./vector.h:1225:73:   required from 'constexpr void std::vector<T, Allocator>::grow(size_type) [with T = X; Allocator = std::allocator<X>; size_type = long unsigned int]'
./vector.h:1065:21:   required from here
/usr/local/include/c++/13.4.0/bits/stl_construct.h:96:17: error: use of deleted function 'X::X(const X&)'
   96 |     -> decltype(::new((void*)0) _Tp(std::declval<_Args>()...))
      |                 ^~~~~~~~~~~~~~~~~~~~~~~~~~~~~~~~~~~~~~~~~~~~~
gcc_tests/cons/89164.cc:27:3: note: declared here
   27 |   X(const X&) = delete;
      |   ^
/usr/local/include/c++/13.4.0/bits/alloc_traits.h: In instantiation of 'static constexpr void std::allocator_traits<std::allocator<_Up> >::construct(allocator_type&, _Up*, _Args&& ...) [with _Up = test02()::Y; _Args = {const test02()::Y&}; _Tp = test02()::Y; allocator_type = std::allocator<test02()::Y>]':
./vector.h:208:73:   required from 'constexpr std::vector<T, Allocator>::vector(size_type, const T&, const Allocator&) [with T = test02()::Y; Allocator = std::allocator<test02()::Y>; size_type = long unsigned int]'
gcc_tests/cons/89164.cc:43:28:   required from here
/usr/local/include/c++/13.4.0/bits/alloc_traits.h:540:28: error: no matching function for call to 'construct_at(test02()::Y*&, const test02()::Y&)'
  540 |           std::construct_at(__p, std::forward<_Args>(__args)...);
      |           ~~~~~~~~~~~~~~~~~^~~~~~~~~~~~~~~~~~~~~~~~~~~~~~~~~~~~~
/usr/local/include/c++/13.4.0/bits/stl_construct.h:94:5: note: candidate: 'template<class _Tp, class ... _Args> constexpr decltype (::new(void*(0)) _Tp) std::construct_at(_Tp*, _Args&& ...)'
   94 |     construct_at(_Tp* __location, _Args&&... __args)
      |     ^~~~~~~~~~~~
/usr/local/include/c++/13.4.0/bits/stl_construct.h:94:5: note:   template argument deduction/substitution failed:
/usr/local/include/c++/13.4.0/bits/stl_construct.h: In substitution of 'template<class _Tp, class ... _Args> constexpr decltype (::new(void*(0)) _Tp) std::construct_at(_Tp*, _Args&& ...) [with _Tp = test02()::Y; _Args = {const test02()::Y&}]':
/usr/local/include/c++/13.4.0/bits/alloc_traits.h:540:21:   required from 'static constexpr void std::allocator_traits<std::allocator<_Up> >::construct(allocator_type&, _Up*, _Args&& ...) [with _Up = test02()::Y; _Args = {const test02()::Y&}; _Tp = test02()::Y; allocator_type = std::allocator<test02()::Y>]'
./vector.h:208:73:   required from 'constexpr std::vector<T, Allocator>::vector(size_type, const T&, const Allocator&) [with T = test02()::Y; Allocator = std::allocator<test02()::Y>; size_type = long unsigned int]'
gcc_tests/cons/89164.cc:43:28:   required from here
/usr/local/include/c++/13.4.0/bits/stl_construct.h:96:17: error: use of deleted function 'test02()::Y::Y(const test02()::Y&)'
   96 |     -> decltype(::new((void*)0) _Tp(std::declval<_Args>()...))
      |                 ^~~~~~~~~~~~~~~~~~~~~~~~~~~~~~~~~~~~~~~~~~~~~
gcc_tests/cons/89164.cc:40:10: note: 'test02()::Y::Y(const test02()::Y&)' is implicitly deleted because the default definition would be ill-formed:
   40 |   struct Y : X { };
      |          ^
gcc_tests/cons/89164.cc:40:10: error: use of deleted function 'X::X(const X&)'
gcc_tests/cons/89164.cc:27:3: note: declared here
   27 |   X(const X&) = delete;
      |   ^
/usr/local/include/c++/13.4.0/bits/alloc_traits.h: In instantiation of 'static constexpr void std::allocator_traits<std::allocator<_Up> >::construct(allocator_type&, _Up*, _Args&& ...) [with _Up = test02()::Y; _Args = {test02()::Y}; _Tp = test02()::Y; allocator_type = std::allocator<test02()::Y>]':
./vector.h:1225:73:   required from 'constexpr void std::vector<T, Allocator>::grow(size_type) [with T = test02()::Y; Allocator = std::allocator<test02()::Y>; size_type = long unsigned int]'
./vector.h:205:17:   required from here
/usr/local/include/c++/13.4.0/bits/alloc_traits.h:540:28: error: no matching function for call to 'construct_at(test02()::Y*&, test02()::Y)'
  540 |           std::construct_at(__p, std::forward<_Args>(__args)...);
      |           ~~~~~~~~~~~~~~~~~^~~~~~~~~~~~~~~~~~~~~~~~~~~~~~~~~~~~~
/usr/local/include/c++/13.4.0/bits/stl_construct.h:94:5: note: candidate: 'template<class _Tp, class ... _Args> constexpr decltype (::new(void*(0)) _Tp) std::construct_at(_Tp*, _Args&& ...)'
   94 |     construct_at(_Tp* __location, _Args&&... __args)
      |     ^~~~~~~~~~~~
/usr/local/include/c++/13.4.0/bits/stl_construct.h:94:5: note:   template argument deduction/substitution failed:
/usr/local/include/c++/13.4.0/bits/stl_construct.h: In substitution of 'template<class _Tp, class ... _Args> constexpr decltype (::new(void*(0)) _Tp) std::construct_at(_Tp*, _Args&& ...) [with _Tp = test02()::Y; _Args = {test02()::Y}]':
/usr/local/include/c++/13.4.0/bits/alloc_traits.h:540:21:   required from 'static constexpr void std::allocator_traits<std::allocator<_Up> >::construct(allocator_type&, _Up*, _Args&& ...) [with _Up = test02()::Y; _Args = {test02()::Y}; _Tp = test02()::Y; allocator_type = std::allocator<test02()::Y>]'
./vector.h:1225:73:   required from 'constexpr void std::vector<T, Allocator>::grow(size_type) [with T = test02()::Y; Allocator = std::allocator<test02()::Y>; size_type = long unsigned int]'
./vector.h:205:17:   required from here
/usr/local/include/c++/13.4.0/bits/stl_construct.h:96:17: error: use of deleted function 'test02()::Y::Y(test02()::Y&&)'
   96 |     -> decltype(::new((void*)0) _Tp(std::declval<_Args>()...))
      |                 ^~~~~~~~~~~~~~~~~~~~~~~~~~~~~~~~~~~~~~~~~~~~~
gcc_tests/cons/89164.cc:40:10: note: 'test02()::Y::Y(test02()::Y&&)' is implicitly deleted because the default definition would be ill-formed:
   40 |   struct Y : X { };
      |          ^
gcc_tests/cons/89164.cc:40:10: error: use of deleted function 'X::X(const X&)'
gcc_tests/cons/89164.cc:27:3: note: declared here
   27 |   X(const X&) = delete;
      |   ^
  ✓ PASSED (expected compilation failure)

Testing: gcc_tests/cons/55977.cc
  ✓ PASSED (compile-only)

Testing: gcc_tests/cons/3.cc
  ✓ PASSED

Testing: gcc_tests/cons/deduction.cc
In file included from ./vector:2,
                 from gcc_tests/cons/deduction.cc:20:
./vector.h: In instantiation of 'constexpr std::vector<T, Allocator>::vector(std::vector<T, Allocator>&&, const AllocArg&) [with AllocArg = Pool*; T = unsigned int; Allocator = Alloc<unsigned int>]':
gcc_tests/cons/deduction.cc:133:33:   required from here
./vector.h:273:21: warning: 'throw' will always call 'terminate' [-Wterminate]
  273 |                     throw;
      |                     ^~~~~
./vector.h: In instantiation of 'constexpr std::vector<T, Allocator>::vector(std::vector<T, Allocator>&&, const AllocArg&) [with AllocArg = Pool*; T = bool; Allocator = Alloc<bool>]':
gcc_tests/cons/deduction.cc:142:33:   required from here
./vector.h:273:21: warning: 'throw' will always call 'terminate' [-Wterminate]
  ✓ PASSED (compile-only)

Testing: gcc_tests/cons/113841.cc
  ✓ PASSED (compile-only)

Testing: gcc_tests/cons/108487.cc
/usr/bin/ld: /tmp/cc9iZRcB.o: in function `__gnu_test::tracker_allocator_counter::allocate(unsigned long)':
108487.cc:(.text._ZN10__gnu_test25tracker_allocator_counter8allocateEm[_ZN10__gnu_test25tracker_allocator_counter8allocateEm]+0x8): undefined reference to `__gnu_test::tracker_allocator_counter::allocationCount_'
/usr/bin/ld: 108487.cc:(.text._ZN10__gnu_test25tracker_allocator_counter8allocateEm[_ZN10__gnu_test25tracker_allocator_counter8allocateEm]+0xc): undefined reference to `__gnu_test::tracker_allocator_counter::allocationCount_'
/usr/bin/ld: 108487.cc:(.text._ZN10__gnu_test25tracker_allocator_counter8allocateEm[_ZN10__gnu_test25tracker_allocator_counter8allocateEm]+0x1c): undefined reference to `__gnu_test::tracker_allocator_counter::allocationCount_'
/usr/bin/ld: 108487.cc:(.text._ZN10__gnu_test25tracker_allocator_counter8allocateEm[_ZN10__gnu_test25tracker_allocator_counter8allocateEm]+0x20): undefined reference to `__gnu_test::tracker_allocator_counter::allocationCount_'
/usr/bin/ld: /tmp/cc9iZRcB.o: in function `__gnu_test::tracker_allocator_counter::construct()':
108487.cc:(.text._ZN10__gnu_test25tracker_allocator_counter9constructEv[_ZN10__gnu_test25tracker_allocator_counter9constructEv]+0x0): undefined reference to `__gnu_test::tracker_allocator_counter::constructCount_'
/usr/bin/ld: 108487.cc:(.text._ZN10__gnu_test25tracker_allocator_counter9constructEv[_ZN10__gnu_test25tracker_allocator_counter9constructEv]+0x4): undefined reference to `__gnu_test::tracker_allocator_counter::constructCount_'
/usr/bin/ld: 108487.cc:(.text._ZN10__gnu_test25tracker_allocator_counter9constructEv[_ZN10__gnu_test25tracker_allocator_counter9constructEv]+0x10): undefined reference to `__gnu_test::tracker_allocator_counter::constructCount_'
/usr/bin/ld: 108487.cc:(.text._ZN10__gnu_test25tracker_allocator_counter9constructEv[_ZN10__gnu_test25tracker_allocator_counter9constructEv]+0x14): undefined reference to `__gnu_test::tracker_allocator_counter::constructCount_'
/usr/bin/ld: /tmp/cc9iZRcB.o: in function `__gnu_test::tracker_allocator_counter::destroy()':
108487.cc:(.text._ZN10__gnu_test25tracker_allocator_counter7destroyEv[_ZN10__gnu_test25tracker_allocator_counter7destroyEv]+0x0): undefined reference to `__gnu_test::tracker_allocator_counter::destructCount_'
/usr/bin/ld: 108487.cc:(.text._ZN10__gnu_test25tracker_allocator_counter7destroyEv[_ZN10__gnu_test25tracker_allocator_counter7destroyEv]+0x4): undefined reference to `__gnu_test::tracker_allocator_counter::destructCount_'
/usr/bin/ld: 108487.cc:(.text._ZN10__gnu_test25tracker_allocator_counter7destroyEv[_ZN10__gnu_test25tracker_allocator_counter7destroyEv]+0x10): undefined reference to `__gnu_test::tracker_allocator_counter::destructCount_'
/usr/bin/ld: 108487.cc:(.text._ZN10__gnu_test25tracker_allocator_counter7destroyEv[_ZN10__gnu_test25tracker_allocator_counter7destroyEv]+0x14): undefined reference to `__gnu_test::tracker_allocator_counter::destructCount_'
/usr/bin/ld: /tmp/cc9iZRcB.o: in function `__gnu_test::tracker_allocator_counter::deallocate(unsigned long)':
108487.cc:(.text._ZN10__gnu_test25tracker_allocator_counter10deallocateEm[_ZN10__gnu_test25tracker_allocator_counter10deallocateEm]+0x8): undefined reference to `__gnu_test::tracker_allocator_counter::deallocationCount_'
/usr/bin/ld: 108487.cc:(.text._ZN10__gnu_test25tracker_allocator_counter10deallocateEm[_ZN10__gnu_test25tracker_allocator_counter10deallocateEm]+0xc): undefined reference to `__gnu_test::tracker_allocator_counter::deallocationCount_'
/usr/bin/ld: 108487.cc:(.text._ZN10__gnu_test25tracker_allocator_counter10deallocateEm[_ZN10__gnu_test25tracker_allocator_counter10deallocateEm]+0x1c): undefined reference to `__gnu_test::tracker_allocator_counter::deallocationCount_'
/usr/bin/ld: 108487.cc:(.text._ZN10__gnu_test25tracker_allocator_counter10deallocateEm[_ZN10__gnu_test25tracker_allocator_counter10deallocateEm]+0x20): undefined reference to `__gnu_test::tracker_allocator_counter::deallocationCount_'
/usr/bin/ld: /tmp/cc9iZRcB.o: in function `__gnu_test::tracker_allocator_counter::get_allocation_count()':
108487.cc:(.text._ZN10__gnu_test25tracker_allocator_counter20get_allocation_countEv[_ZN10__gnu_test25tracker_allocator_counter20get_allocation_countEv]+0x0): undefined reference to `__gnu_test::tracker_allocator_counter::allocationCount_'
/usr/bin/ld: 108487.cc:(.text._ZN10__gnu_test25tracker_allocator_counter20get_allocation_countEv[_ZN10__gnu_test25tracker_allocator_counter20get_allocation_countEv]+0x4): undefined reference to `__gnu_test::tracker_allocator_counter::allocationCount_'
/usr/bin/ld: /tmp/cc9iZRcB.o: in function `__gnu_test::tracker_allocator_counter::reset()':
108487.cc:(.text._ZN10__gnu_test25tracker_allocator_counter5resetEv[_ZN10__gnu_test25tracker_allocator_counter5resetEv]+0x0): undefined reference to `__gnu_test::tracker_allocator_counter::allocationCount_'
/usr/bin/ld: 108487.cc:(.text._ZN10__gnu_test25tracker_allocator_counter5resetEv[_ZN10__gnu_test25tracker_allocator_counter5resetEv]+0x4): undefined reference to `__gnu_test::tracker_allocator_counter::allocationCount_'
/usr/bin/ld: 108487.cc:(.text._ZN10__gnu_test25tracker_allocator_counter5resetEv[_ZN10__gnu_test25tracker_allocator_counter5resetEv]+0xc): undefined reference to `__gnu_test::tracker_allocator_counter::deallocationCount_'
/usr/bin/ld: 108487.cc:(.text._ZN10__gnu_test25tracker_allocator_counter5resetEv[_ZN10__gnu_test25tracker_allocator_counter5resetEv]+0x10): undefined reference to `__gnu_test::tracker_allocator_counter::deallocationCount_'
/usr/bin/ld: 108487.cc:(.text._ZN10__gnu_test25tracker_allocator_counter5resetEv[_ZN10__gnu_test25tracker_allocator_counter5resetEv]+0x18): undefined reference to `__gnu_test::tracker_allocator_counter::constructCount_'
/usr/bin/ld: 108487.cc:(.text._ZN10__gnu_test25tracker_allocator_counter5resetEv[_ZN10__gnu_test25tracker_allocator_counter5resetEv]+0x1c): undefined reference to `__gnu_test::tracker_allocator_counter::constructCount_'
/usr/bin/ld: 108487.cc:(.text._ZN10__gnu_test25tracker_allocator_counter5resetEv[_ZN10__gnu_test25tracker_allocator_counter5resetEv]+0x24): undefined reference to `__gnu_test::tracker_allocator_counter::destructCount_'
/usr/bin/ld: 108487.cc:(.text._ZN10__gnu_test25tracker_allocator_counter5resetEv[_ZN10__gnu_test25tracker_allocator_counter5resetEv]+0x28): undefined reference to `__gnu_test::tracker_allocator_counter::destructCount_'
collect2: error: ld returned 1 exit status
  ✗ COMPILATION FAILED

Testing: gcc_tests/cons/from_range.cc
  ⊘ SKIPPED (requires C++23 or later)

Testing: gcc_tests/cons/destructible_debug_neg.cc
In file included from /usr/local/include/c++/13.4.0/bits/stl_tempbuf.h:61,
                 from /usr/local/include/c++/13.4.0/memory:66,
                 from ./vector.h:6,
                 from ./vector:2,
                 from gcc_tests/cons/destructible_debug_neg.cc:22:
/usr/local/include/c++/13.4.0/bits/stl_construct.h: In instantiation of 'constexpr void std::destroy_at(_Tp*) [with _Tp = DeletedDtor]':
/usr/local/include/c++/13.4.0/bits/alloc_traits.h:560:19:   required from 'static constexpr void std::allocator_traits<std::allocator<_Up> >::destroy(allocator_type&, _Up*) [with _Up = DeletedDtor; _Tp = DeletedDtor; allocator_type = std::allocator<DeletedDtor>]'
./vector.h:1206:67:   required from 'constexpr void std::vector<T, Allocator>::destroy_and_deallocate(pointer, pointer, size_type) [with T = DeletedDtor; Allocator = std::allocator<DeletedDtor>; pointer = DeletedDtor*; size_type = long unsigned int]'
./vector.h:280:13:   required from 'constexpr std::vector<T, Allocator>::~vector() [with T = DeletedDtor; Allocator = std::allocator<DeletedDtor>]'
./vector.h:169:131:   required from 'constexpr std::vector<T, Allocator>::vector() requires  is_default_constructible_v<Allocator> [with T = DeletedDtor; Allocator = std::allocator<DeletedDtor>]'
gcc_tests/cons/destructible_debug_neg.cc:37:28:   required from here
/usr/local/include/c++/13.4.0/bits/stl_construct.h:88:25: error: use of deleted function 'DeletedDtor::~DeletedDtor()'
   88 |         __location->~_Tp();
      |         ~~~~~~~~~~~~~~~~^~
gcc_tests/cons/destructible_debug_neg.cc:27:3: note: declared here
   27 |   ~DeletedDtor() = delete;
      |   ^
/usr/local/include/c++/13.4.0/bits/stl_construct.h: In instantiation of 'constexpr void std::destroy_at(_Tp*) [with _Tp = PrivateDtor]':
/usr/local/include/c++/13.4.0/bits/alloc_traits.h:560:19:   required from 'static constexpr void std::allocator_traits<std::allocator<_Up> >::destroy(allocator_type&, _Up*) [with _Up = PrivateDtor; _Tp = PrivateDtor; allocator_type = std::allocator<PrivateDtor>]'
./vector.h:1206:67:   required from 'constexpr void std::vector<T, Allocator>::destroy_and_deallocate(pointer, pointer, size_type) [with T = PrivateDtor; Allocator = std::allocator<PrivateDtor>; pointer = PrivateDtor*; size_type = long unsigned int]'
./vector.h:280:13:   required from 'constexpr std::vector<T, Allocator>::~vector() [with T = PrivateDtor; Allocator = std::allocator<PrivateDtor>]'
./vector.h:169:131:   required from 'constexpr std::vector<T, Allocator>::vector() requires  is_default_constructible_v<Allocator> [with T = PrivateDtor; Allocator = std::allocator<PrivateDtor>]'
gcc_tests/cons/destructible_debug_neg.cc:43:28:   required from here
/usr/local/include/c++/13.4.0/bits/stl_construct.h:88:25: error: 'PrivateDtor::~PrivateDtor()' is private within this context
   88 |         __location->~_Tp();
      |         ~~~~~~~~~~~~~~~~^~
gcc_tests/cons/destructible_debug_neg.cc:31:3: note: declared private here
   31 |   ~PrivateDtor() { }
      |   ^
  ✓ PASSED (expected compilation failure)

Testing: gcc_tests/cons/86292.cc
  ✓ PASSED

Testing: gcc_tests/debug/construct1_neg.cc
In file included from gcc_tests/debug/construct1_neg.cc:22:
../testsuite_util/debug/checks.h:22:10: fatal error: inplace_vector: No such file or directory
   22 | #include <inplace_vector>
      |          ^~~~~~~~~~~~~~~~
compilation terminated.
  ✗ COMPILATION FAILED

Testing: gcc_tests/debug/insert1_neg.cc
In file included from gcc_tests/debug/insert1_neg.cc:22:
../testsuite_util/debug/checks.h:22:10: fatal error: inplace_vector: No such file or directory
   22 | #include <inplace_vector>
      |          ^~~~~~~~~~~~~~~~
compilation terminated.
  ✗ COMPILATION FAILED

Testing: gcc_tests/debug/erase.cc
In file included from gcc_tests/debug/erase.cc:5:
gcc_tests/debug/erase.cc: In function 'void test01()':
gcc_tests/debug/erase.cc:19:17: error: 'class std::vector<int>::normal_iterator<int*>' has no member named '_M_dereferenceable'
   19 |   VERIFY(before._M_dereferenceable());
      |                 ^~~~~~~~~~~~~~~~~~
../testsuite_util/testsuite_hooks.h:63:13: note: in definition of macro 'VERIFY'
   63 |    ((void)((__VA_ARGS__)                                                \
      |             ^~~~~~~~~~~
gcc_tests/debug/erase.cc:19:17: error: 'class std::vector<int>::normal_iterator<int*>' has no member named '_M_dereferenceable'
   19 |   VERIFY(before._M_dereferenceable());
      |                 ^~~~~~~~~~~~~~~~~~
../testsuite_util/testsuite_hooks.h:64:42: note: in definition of macro 'VERIFY'
   64 |              ? (void)(true ? true : bool(__VA_ARGS__))                  \
      |                                          ^~~~~~~~~~~
gcc_tests/debug/erase.cc:20:15: error: 'class std::vector<int>::normal_iterator<int*>' has no member named '_M_singular'
   20 |   VERIFY(last._M_singular());
      |               ^~~~~~~~~~~
../testsuite_util/testsuite_hooks.h:63:13: note: in definition of macro 'VERIFY'
   63 |    ((void)((__VA_ARGS__)                                                \
      |             ^~~~~~~~~~~
gcc_tests/debug/erase.cc:20:15: error: 'class std::vector<int>::normal_iterator<int*>' has no member named '_M_singular'
   20 |   VERIFY(last._M_singular());
      |               ^~~~~~~~~~~
../testsuite_util/testsuite_hooks.h:64:42: note: in definition of macro 'VERIFY'
   64 |              ? (void)(true ? true : bool(__VA_ARGS__))                  \
      |                                          ^~~~~~~~~~~
  ✗ COMPILATION FAILED

Testing: gcc_tests/debug/114316.cc
  ✓ PASSED

Testing: gcc_tests/debug/assign2_neg.cc
In file included from gcc_tests/debug/assign2_neg.cc:22:
../testsuite_util/debug/checks.h:22:10: fatal error: inplace_vector: No such file or directory
   22 | #include <inplace_vector>
      |          ^~~~~~~~~~~~~~~~
compilation terminated.
  ✗ COMPILATION FAILED

Testing: gcc_tests/debug/construct3_neg.cc
In file included from gcc_tests/debug/construct3_neg.cc:22:
../testsuite_util/debug/checks.h:22:10: fatal error: inplace_vector: No such file or directory
   22 | #include <inplace_vector>
      |          ^~~~~~~~~~~~~~~~
compilation terminated.
  ✗ COMPILATION FAILED

Testing: gcc_tests/debug/mutex_association.cc
gcc_tests/debug/mutex_association.cc: In member function '__gnu_cxx::__mutex& container::get_mutex() const':
gcc_tests/debug/mutex_association.cc:29:30: error: passing 'const container' as 'this' argument discards qualifiers [-fpermissive]
   29 |   { return this->_M_get_mutex(); }
      |            ~~~~~~~~~~~~~~~~~~^~
In file included from /usr/local/include/c++/13.4.0/debug/safe_sequence.h:35,
                 from /usr/local/include/c++/13.4.0/debug/vector:40,
                 from gcc_tests/debug/mutex_association.cc:20:
/usr/local/include/c++/13.4.0/debug/safe_base.h:252:5: note:   in call to '__gnu_cxx::__mutex& __gnu_debug::_Safe_sequence_base::_M_get_mutex()'
  252 |     _M_get_mutex() throw ();
      |     ^~~~~~~~~~~~
  ✗ COMPILATION FAILED

Testing: gcc_tests/debug/insert3_neg.cc
In file included from gcc_tests/debug/insert3_neg.cc:22:
../testsuite_util/debug/checks.h:22:10: fatal error: inplace_vector: No such file or directory
   22 | #include <inplace_vector>
      |          ^~~~~~~~~~~~~~~~
compilation terminated.
  ✗ COMPILATION FAILED

Testing: gcc_tests/debug/n3644.cc
  ✓ PASSED

Testing: gcc_tests/debug/57779_neg.cc
  ✓ PASSED

Testing: gcc_tests/debug/insert7_neg.cc
/usr/local/include/c++/13.4.0/debug/vector:626:
In function:
    std::debug::vector<_Tp, _Allocator>::iterator std::debug::vector<_Tp, 
    _Allocator>::insert(const_iterator, _InputIterator, _InputIterator) 
    [with _InputIterator = std::move_iterator<
    gnu_debug::_Safe_iterator<std::vector<std::unique_ptr<int>, 
    std::allocator<std::unique_ptr<int> > 
    >::normal_iterator<std::unique_ptr<int>*>, std::
    debug::vector<std::unique_ptr<int> >, std::random_access_iterator_tag> 
    >; <template-parameter-2-2> = void; _Tp = std::unique_ptr<int>; 
    _Allocator = std::allocator<std::unique_ptr<int> >; iterator = std::
    debug::vector<std::unique_ptr<int> >::iterator; const_iterator = std::
    debug::vector<std::unique_ptr<int> >::const_iterator]

Error: attempt to insert with an iterator range [first, last) from this 
container.

Objects involved in the operation:
    iterator "first" @ 0xfffffcf0de10 {
      type = std::move_iterator<std::vector<std::unique_ptr<int, std::default_delete<int> >, std::allocator<std::unique_ptr<int, std::default_delete<int> > > >::normal_iterator<std::unique_ptr<int, std::default_delete<int> >*> > (mutable iterator);
      state = dereferenceable (start-of-sequence);
      references sequence with type 'std::debug::vector<std::unique_ptr<int, std::default_delete<int> >, std::allocator<std::unique_ptr<int, std::default_delete<int> > > >' @ 0xfffffcf0dd20
    }
    iterator "last" @ 0xfffffcf0de60 {
      type = std::move_iterator<std::vector<std::unique_ptr<int, std::default_delete<int> >, std::allocator<std::unique_ptr<int, std::default_delete<int> > > >::normal_iterator<std::unique_ptr<int, std::default_delete<int> >*> > (mutable iterator);
      state = past-the-end;
      references sequence with type 'std::debug::vector<std::unique_ptr<int, std::default_delete<int> >, std::allocator<std::unique_ptr<int, std::default_delete<int> > > >' @ 0xfffffcf0dd20
    }
    sequence "this" @ 0xfffffcf0dd20 {
      type = std::debug::vector<std::unique_ptr<int, std::default_delete<int> >, std::allocator<std::unique_ptr<int, std::default_delete<int> > > >;
    }
./tests.sh: line 108:  9452 Aborted                 ./test 2>&1
  ✗ FAILED

Testing: gcc_tests/debug/insert5_neg.cc
In file included from gcc_tests/debug/insert5_neg.cc:22:
../testsuite_util/debug/checks.h:22:10: fatal error: inplace_vector: No such file or directory
   22 | #include <inplace_vector>
      |          ^~~~~~~~~~~~~~~~
compilation terminated.
  ✗ COMPILATION FAILED

Testing: gcc_tests/debug/assign4_neg.cc
In file included from gcc_tests/debug/assign4_neg.cc:21:
../testsuite_util/debug/checks.h:22:10: fatal error: inplace_vector: No such file or directory
   22 | #include <inplace_vector>
      |          ^~~~~~~~~~~~~~~~
compilation terminated.
  ✗ COMPILATION FAILED

Testing: gcc_tests/debug/alloc_prop.cc
  ✓ PASSED (compile-only)

Testing: gcc_tests/debug/90102.cc
  ✓ PASSED (compile-only)

Testing: gcc_tests/debug/multithreaded_swap.cc
  ✓ PASSED

Testing: gcc_tests/debug/assign4_backtrace_neg.cc
In file included from gcc_tests/debug/assign4_backtrace_neg.cc:6:
../testsuite_util/debug/checks.h:22:10: fatal error: inplace_vector: No such file or directory
   22 | #include <inplace_vector>
      |          ^~~~~~~~~~~~~~~~
compilation terminated.
  ✗ COMPILATION FAILED

Testing: gcc_tests/debug/assign1_neg.cc
In file included from gcc_tests/debug/assign1_neg.cc:22:
../testsuite_util/debug/checks.h:22:10: fatal error: inplace_vector: No such file or directory
   22 | #include <inplace_vector>
      |          ^~~~~~~~~~~~~~~~
compilation terminated.
  ✗ COMPILATION FAILED

Testing: gcc_tests/debug/insert2_neg.cc
In file included from gcc_tests/debug/insert2_neg.cc:22:
../testsuite_util/debug/checks.h:22:10: fatal error: inplace_vector: No such file or directory
   22 | #include <inplace_vector>
      |          ^~~~~~~~~~~~~~~~
compilation terminated.
  ✗ COMPILATION FAILED

Testing: gcc_tests/debug/60587.cc
  ✓ PASSED

Testing: gcc_tests/debug/shrink_to_fit.cc
  ✓ PASSED

Testing: gcc_tests/debug/debug_functions.cc
In file included from gcc_tests/debug/debug_functions.cc:21:
gcc_tests/debug/debug_functions.cc: In function 'void test02()':
gcc_tests/debug/debug_functions.cc:28:12: error: '__check_singular' was not declared in this scope
   28 |   VERIFY( !__check_singular(v1.begin()) );
      |            ^~~~~~~~~~~~~~~~
../testsuite_util/testsuite_hooks.h:63:13: note: in definition of macro 'VERIFY'
   63 |    ((void)((__VA_ARGS__)                                                \
      |             ^~~~~~~~~~~
gcc_tests/debug/debug_functions.cc:38:14: error: 'using std::vector<int>::iterator = class std::vector<int>::normal_iterator<int*>' {aka 'class std::vector<int>::normal_iterator<int*>'} has no member named '_M_singular'
   38 |   VERIFY( it._M_singular() );
      |              ^~~~~~~~~~~
../testsuite_util/testsuite_hooks.h:63:13: note: in definition of macro 'VERIFY'
   63 |    ((void)((__VA_ARGS__)                                                \
      |             ^~~~~~~~~~~
gcc_tests/debug/debug_functions.cc:38:14: error: 'using std::vector<int>::iterator = class std::vector<int>::normal_iterator<int*>' {aka 'class std::vector<int>::normal_iterator<int*>'} has no member named '_M_singular'
   38 |   VERIFY( it._M_singular() );
      |              ^~~~~~~~~~~
../testsuite_util/testsuite_hooks.h:64:42: note: in definition of macro 'VERIFY'
   64 |              ? (void)(true ? true : bool(__VA_ARGS__))                  \
      |                                          ^~~~~~~~~~~
gcc_tests/debug/debug_functions.cc:42:15: error: 'using std::vector<int>::iterator = class std::vector<int>::normal_iterator<int*>' {aka 'class std::vector<int>::normal_iterator<int*>'} has no member named '_M_singular'
   42 |   VERIFY( !it._M_singular() );
      |               ^~~~~~~~~~~
../testsuite_util/testsuite_hooks.h:63:13: note: in definition of macro 'VERIFY'
   63 |    ((void)((__VA_ARGS__)                                                \
      |             ^~~~~~~~~~~
gcc_tests/debug/debug_functions.cc:42:15: error: 'using std::vector<int>::iterator = class std::vector<int>::normal_iterator<int*>' {aka 'class std::vector<int>::normal_iterator<int*>'} has no member named '_M_singular'
   42 |   VERIFY( !it._M_singular() );
      |               ^~~~~~~~~~~
../testsuite_util/testsuite_hooks.h:64:42: note: in definition of macro 'VERIFY'
   64 |              ? (void)(true ? true : bool(__VA_ARGS__))                  \
      |                                          ^~~~~~~~~~~
  ✗ COMPILATION FAILED

Testing: gcc_tests/debug/construct2_neg.cc
In file included from gcc_tests/debug/construct2_neg.cc:22:
../testsuite_util/debug/checks.h:22:10: fatal error: inplace_vector: No such file or directory
   22 | #include <inplace_vector>
      |          ^~~~~~~~~~~~~~~~
compilation terminated.
  ✗ COMPILATION FAILED

Testing: gcc_tests/debug/assign3_neg.cc
In file included from gcc_tests/debug/assign3_neg.cc:22:
../testsuite_util/debug/checks.h:22:10: fatal error: inplace_vector: No such file or directory
   22 | #include <inplace_vector>
      |          ^~~~~~~~~~~~~~~~
compilation terminated.
  ✗ COMPILATION FAILED

Testing: gcc_tests/debug/bool/shrink_to_fit.cc
  ⊘ SKIPPED (vector<bool> specialization not implemented)

Testing: gcc_tests/debug/move_assign_neg.cc
/usr/local/include/c++/13.4.0/debug/safe_iterator.h:472:
In function:
    bool gnu_debug::operator==(const _Safe_iterator<std::vector<int, 
    gnu_test::propagating_allocator<int, false> >::normal_iterator<int*>, 
    std::debug::vector<int, gnu_test::propagating_allocator<int, false> >, 
    std::forward_iterator_tag>::_Self&, const 
    _Safe_iterator<std::vector<int, gnu_test::propagating_allocator<int, 
    false> >::normal_iterator<int*>, std::debug::vector<int, 
    gnu_test::propagating_allocator<int, false> >, 
    std::forward_iterator_tag>::_Self&)

Error: attempt to compare a singular iterator to a 
dereferenceable (start-of-sequence) iterator.

Objects involved in the operation:
    iterator "lhs" @ 0xffffdcffba00 {
      type = std::vector<int, gnu_test::propagating_allocator<int, false, std::allocator<int> > >::normal_iterator<int*> (mutable iterator);
      state = singular;
      references sequence with type 'std::debug::vector<int, gnu_test::propagating_allocator<int, false, std::allocator<int> > >' @ 0xffffdcffba28
    }
    iterator "rhs" @ 0xffffdcffbad8 {
      type = std::vector<int, gnu_test::propagating_allocator<int, false, std::allocator<int> > >::normal_iterator<int*> (mutable iterator);
      state = dereferenceable (start-of-sequence);
      references sequence with type 'std::debug::vector<int, gnu_test::propagating_allocator<int, false, std::allocator<int> > >' @ 0xffffdcffba68
    }
./tests.sh: line 108:  9617 Aborted                 ./test 2>&1
  ✗ FAILED

Testing: gcc_tests/debug/insert6_neg.cc
In file included from gcc_tests/debug/insert6_neg.cc:22:
../testsuite_util/debug/checks.h:22:10: fatal error: inplace_vector: No such file or directory
   22 | #include <inplace_vector>
      |          ^~~~~~~~~~~~~~~~
compilation terminated.
  ✗ COMPILATION FAILED

Testing: gcc_tests/debug/60499.cc
  ✓ PASSED (compile-only)

Testing: gcc_tests/debug/invalidation/erase.cc
gcc_tests/debug/invalidation/erase.cc:21: void test01(): Assertion 'last._M_singular()' failed.
./tests.sh: line 108:  9650 Aborted                 ./test 2>&1
  ✗ FAILED

Testing: gcc_tests/debug/invalidation/4.cc
  ✓ PASSED

Testing: gcc_tests/debug/invalidation/1.cc
  ✓ PASSED

Testing: gcc_tests/debug/invalidation/2.cc
  ✓ PASSED

Testing: gcc_tests/debug/invalidation/3.cc
  ✓ PASSED

Testing: gcc_tests/debug/52433.cc
  ✓ PASSED (compile-only)

Testing: gcc_tests/debug/60587_neg.cc
  ✓ PASSED

Testing: gcc_tests/debug/construct4_neg.cc
In file included from gcc_tests/debug/construct4_neg.cc:21:
../testsuite_util/debug/checks.h:22:10: fatal error: inplace_vector: No such file or directory
   22 | #include <inplace_vector>
      |          ^~~~~~~~~~~~~~~~
compilation terminated.
  ✗ COMPILATION FAILED

Testing: gcc_tests/debug/insert4_neg.cc
In file included from gcc_tests/debug/insert4_neg.cc:21:
../testsuite_util/debug/checks.h:22:10: fatal error: inplace_vector: No such file or directory
   22 | #include <inplace_vector>
      |          ^~~~~~~~~~~~~~~~
compilation terminated.
  ✗ COMPILATION FAILED

Testing: gcc_tests/debug/move_neg.cc
/usr/local/include/c++/13.4.0/debug/safe_iterator.h:298:
In function:
    gnu_debug::_Safe_iterator<_Ite, _Seq, _Cat>::reference 
    gnu_debug::_Safe_iterator<_Ite, _Seq, _Cat>::operator*() const [with 
    _Iterator = std::vector<int, gnu_test::uneq_allocator<int> 
    >::normal_iterator<int*>; _Sequence = std::debug::vector<int, 
    gnu_test::uneq_allocator<int> >; _Category = std::forward_iterator_tag; 
    reference = int&]

Error: attempt to dereference a singular iterator.

Objects involved in the operation:
    iterator "this" @ 0xfffff1a68f40 {
      type = std::vector<int, gnu_test::uneq_allocator<int, std::allocator<int> > >::normal_iterator<int*> (mutable iterator);
      state = singular;
      references sequence with type 'std::debug::vector<int, gnu_test::uneq_allocator<int, std::allocator<int> > >' @ 0xfffff1a68f68
    }
./tests.sh: line 108:  9774 Aborted                 ./test 2>&1
  ✗ FAILED

Testing: gcc_tests/version.cc
  ✓ PASSED (compile-only)

